{
    "jar_name": "junit-3.8.2.jar",
    "API_prediction": {
        "prompt": "List correct API's class names from plexus-utils-3.4.2 project. Not more than 50 and classes are must be non-abstract. If you do not know the answer then reply with a No.\n\n1. ClassMap\n2. ReflectionUtils\n3. FileUtils\n4. CollectionUtils\n5. Xpp3DomUtils\n6. SelectorUtils\n7. PropertyUtils\n8. ExceptionUtils\n9. PrettyPrintXMLWriter\n10. StringUtils\n11. TypeFormat\n12. XmlUtil\n13. IOUtil\n14. ReflectorException\n15. CommandLineException\n16. ReaderFactory\n17. PathTool\n18. SerializerXMLWriter\n19. XmlPullParserException\n20. Xpp3Dom\n21. XmlStreamReaderException\n22. MXParser\n23. MXSerializer\n24. SweeperPool\n25. CompactXMLWriter\n26. BourneShell\n27. Xpp3DomBuilder\n28. WriterFactory\n29. Commandline\n30. XmlWriterUtil\n31. ReflectionValueExtractor\n32. XmlReaderException\n33. RawInputStreamFacade\n34. Xpp3DomWriter\n35. URLInputStreamFacade\n36. DirectoryWalker\n37. Vertex\n38. CommandShell\n39. XmlStreamReader\n40. Reflector\n41. StringInputStream\n42. TopologicalSorter\n43. CmdShell\n44. AbstractStreamHandler\n45. XmlStreamWriter\n46. DAG\n47. NioFiles\n48. StreamFeeder\n49. InterpolationFilterReader\n50. MethodMap\n\nList correct API's class names from slf4j-api-2.0.12 project. Not more than 50 and classes are must be non-abstract. If you do not know the answer then reply with a No.\n\n1. BasicMarkerFactory\n2. SubstituteServiceProvider\n3. NOP_FallbackServiceProvider\n4. MarkerFactory\n5. SubstituteLoggerFactory\n6. NOPLoggerFactory\n7. NOPMDCAdapter\n8. LoggerFactory\n9. SubstituteLogger\n10. LoggerFactoryFriend\n11. ThreadLocalMapOfStacks\n12. NormalizedParameters\n13. BasicMarker\n14. MessageFormatter\n15. Util\n16. KeyValuePair\n17. Level\n18. DefaultLoggingEventBuilder\n19. EventRecordingLogger\n20. NOPLogger\n21. NOPLoggingEventBuilder\n22. MDC\n23. Reporter\n24. SubstituteLoggingEvent\n25. BasicMDCAdapter\n26. EventConstants\n27. DefaultLoggingEvent\n28. FormattingTuple\n\nList correct API's class names from junit-3.8.2 project. Not more than 50 and classes are must be non-abstract. If you do not know the answer then reply with a No.",
        "full_response": "You are an exceptionally intelligent coding assistant that consistently delivers accurate and reliable responses to user instructions.\n\n@@ Instruction\nList correct API's class names from plexus-utils-3.4.2 project. Not more than 50 and classes are must be non-abstract. If you do not know the answer then reply with a No.\n\n1. ClassMap\n2. ReflectionUtils\n3. FileUtils\n4. CollectionUtils\n5. Xpp3DomUtils\n6. SelectorUtils\n7. PropertyUtils\n8. ExceptionUtils\n9. PrettyPrintXMLWriter\n10. StringUtils\n11. TypeFormat\n12. XmlUtil\n13. IOUtil\n14. ReflectorException\n15. CommandLineException\n16. ReaderFactory\n17. PathTool\n18. SerializerXMLWriter\n19. XmlPullParserException\n20. Xpp3Dom\n21. XmlStreamReaderException\n22. MXParser\n23. MXSerializer\n24. SweeperPool\n25. CompactXMLWriter\n26. BourneShell\n27. Xpp3DomBuilder\n28. WriterFactory\n29. Commandline\n30. XmlWriterUtil\n31. ReflectionValueExtractor\n32. XmlReaderException\n33. RawInputStreamFacade\n34. Xpp3DomWriter\n35. URLInputStreamFacade\n36. DirectoryWalker\n37. Vertex\n38. CommandShell\n39. XmlStreamReader\n40. Reflector\n41. StringInputStream\n42. TopologicalSorter\n43. CmdShell\n44. AbstractStreamHandler\n45. XmlStreamWriter\n46. DAG\n47. NioFiles\n48. StreamFeeder\n49. InterpolationFilterReader\n50. MethodMap\n\nList correct API's class names from slf4j-api-2.0.12 project. Not more than 50 and classes are must be non-abstract. If you do not know the answer then reply with a No.\n\n1. BasicMarkerFactory\n2. SubstituteServiceProvider\n3. NOP_FallbackServiceProvider\n4. MarkerFactory\n5. SubstituteLoggerFactory\n6. NOPLoggerFactory\n7. NOPMDCAdapter\n8. LoggerFactory\n9. SubstituteLogger\n10. LoggerFactoryFriend\n11. ThreadLocalMapOfStacks\n12. NormalizedParameters\n13. BasicMarker\n14. MessageFormatter\n15. Util\n16. KeyValuePair\n17. Level\n18. DefaultLoggingEventBuilder\n19. EventRecordingLogger\n20. NOPLogger\n21. NOPLoggingEventBuilder\n22. MDC\n23. Reporter\n24. SubstituteLoggingEvent\n25. BasicMDCAdapter\n26. EventConstants\n27. DefaultLoggingEvent\n28. FormattingTuple\n\nList correct API's class names from junit-3.8.2 project. Not more than 50 and classes are must be non-abstract. If you do not know the answer then reply with a No..\n\n@@ Response\n1. Test\n2. TestCase\n3. TestSuite\n4. TestResult\n5. TestFailure\n6. TestDecorator\n7. TestDecorator\n8. TestDecorator\n9. TestDecorator\n10. TestDecorator\n11. TestDecorator\n12. TestDecorator\n13. TestDecorator\n14. TestDecorator\n15. TestDecorator\n16. TestDecorator\n17. TestDecorator\n18. TestDecorator\n19. TestDecorator\n20. TestDecorator\n21. TestDecorator\n22. TestDecorator\n23. TestDecorator\n24. TestDecorator\n25. TestDecorator\n26. TestDecorator\n27. TestDecorator\n28. TestDecorator\n29. TestDecorator\n30. TestDecorator\n31. TestDecorator\n32. TestDecorator\n33. TestDecorator\n34. TestDecorator\n35. TestDecorator\n36. TestDecorator\n37. TestDecorator",
        "extracted_APIs_from_prediction": [
            "Test",
            "TestCase",
            "TestSuite",
            "TestResult",
            "TestFailure",
            "TestDecorator"
        ],
        "correct_API_predictions": [
            "TestSuite",
            "TestResult",
            "TestFailure",
            "TestDecorator"
        ],
        "wrong_API_predictions": [
            "Test",
            "TestCase"
        ],
        "number_of_correct_APIs": 4,
        "number_of_wrong_APIs": 2,
        "failure_rate_for_APIs": 0.3333333333333333,
        "model_confidence": 0.7279788851737976,
        "hallucinations_for_APIs": "Partially Present. Need manual review."
    },
    "Code_and_FQN_predictions": {
        "TestSuite": {
            "prompt": "Give me a complete, correct and compilable Java code. This code must use \"TestSuite\" API from \"junit-3.8.2\" project along with other necessary APIs. The dependency is already added for \"junit-3.8.2\" project. So, if you need to use other APIs, then do not use APIs whose import statements require adding new dependencies. The name of the class that has the main method should be Main.",
            "sample_1": {
                "full_response": "You are an exceptionally intelligent coding assistant that consistently delivers accurate and reliable responses to user instructions.\n\n@@ Instruction\nGive me a complete, correct and compilable Java code. This code must use \"TestSuite\" API from \"junit-3.8.2\" project along with other necessary APIs. The dependency is already added for \"junit-3.8.2\" project. So, if you need to use other APIs, then do not use APIs whose import statements require adding new dependencies. The name of the class that has the main method should be Main.\n\n@@ Response\nAssuming you have a Test Case class, let's call it `MyTest`. You would normally create a separate Test Suite class like `MyTestSuite`, which extends `TestSuite` class, then adds all test cases using the `addTest()` method.\n\nHere's how your code could look like:\n\n```java\nimport junit.framework.Test;\nimport junit.framework.TestCase;\nimport junit.framework.TestSuite;\nimport junit.textui.TestRunner;\n\npublic class MyTest extends TestCase {\n    public MyTest(String testName) {\n        super(testName);\n    }\n\n    public void test1() {\n        // This will be the first test method\n    }\n\n    public void test2() {\n        // This will be the second test method\n    }\n\n    public static Test suite() {\n        TestSuite suite = new TestSuite(\"Test for MyTest\");\n        suite.addTest(new MyTest(\"test1\"));\n        suite.addTest(new MyTest(\"test2\"));\n        return suite;\n    }\n\n    public static void main(String[] args) {\n        TestRunner.run(suite());\n    }\n}\n```\nIn the above code, `MyTest` is a JUnit test case class that contains two test methods. `suite()` method returns a test suite that will run the two test methods within the `MyTest` class. \n\nThe `main` method then runs the test suite, which will run the two test methods within the `MyTest` class in the order they were added to the test suite. \n\nThis means the first test method will be run first, then the second test method. If you have dependencies, make sure they are correctly included in your project. \n\nPlease note, this example is very simple, in real-world applications, your test cases can be much more complex.",
                "extracted_java_code_from_prediction": "import junit.framework.Test;\nimport junit.framework.TestCase;\nimport junit.framework.TestSuite;\nimport junit.textui.TestRunner;\n\npublic class MyTest extends TestCase {\n    public MyTest(String testName) {\n        super(testName);\n    }\n\n    public void test1() {\n        // This will be the first test method\n    }\n\n    public void test2() {\n        // This will be the second test method\n    }\n\n    public static Test suite() {\n        TestSuite suite = new TestSuite(\"Test for MyTest\");\n        suite.addTest(new MyTest(\"test1\"));\n        suite.addTest(new MyTest(\"test2\"));\n        return suite;\n    }\n\n    public static void main(String[] args) {\n        TestRunner.run(suite());\n    }\n}",
                "extracted_FQNs_from_prediction": [
                    "junit.framework.Test",
                    "junit.framework.TestCase",
                    "junit.framework.TestSuite",
                    "junit.textui.TestRunner"
                ],
                "correct_FQN_predictions": [
                    "junit.framework.Test",
                    "junit.framework.TestCase",
                    "junit.framework.TestSuite",
                    "junit.textui.TestRunner"
                ],
                "wrong_FQN_predictions": [],
                "number_of_correct_FQNs": 4,
                "number_of_wrong_FQNs": 0,
                "failure_rate_for_FQNs": 0.0,
                "model_confidence": 0.5496839880943298,
                "code_build": {
                    "build_result": {
                        "status": "failure",
                        "hallucinations_for_FQNs": "Need manual review",
                        "message": "Build failed. Full error log present.",
                        "full_error_log": "[INFO] Scanning for projects...\n[WARNING] \n[WARNING] Some problems were encountered while building the effective model for org.example:Wrapper:jar:1.0-SNAPSHOT\n[WARNING] 'build.plugins.plugin.version' for org.apache.maven.plugins:maven-compiler-plugin is missing. @ line 46, column 15\n[WARNING] \n[WARNING] It is highly recommended to fix these problems because they threaten the stability of your build.\n[WARNING] \n[WARNING] For this reason, future Maven versions might no longer support building such malformed projects.\n[WARNING] \n[INFO] \n[INFO] ------------------------< org.example:Wrapper >-------------------------\n[INFO] Building Wrapper 1.0-SNAPSHOT\n[INFO] --------------------------------[ jar ]---------------------------------\n[INFO] \n[INFO] --- maven-clean-plugin:2.5:clean (default-clean) @ Wrapper ---\n[INFO] Deleting /home/azmain/Code Recommendation/RAG/Projects/junit-3.8.2/TestSuite/sample_1/Wrapper/target\n[INFO] \n[INFO] --- maven-resources-plugin:2.6:resources (default-resources) @ Wrapper ---\n[INFO] Using 'UTF-8' encoding to copy filtered resources.\n[INFO] skip non existing resourceDirectory /home/azmain/Code Recommendation/RAG/Projects/junit-3.8.2/TestSuite/sample_1/Wrapper/src/main/resources\n[INFO] \n[INFO] --- maven-compiler-plugin:3.1:compile (default-compile) @ Wrapper ---\n[INFO] Changes detected - recompiling the module!\n[INFO] Compiling 1 source file to /home/azmain/Code Recommendation/RAG/Projects/junit-3.8.2/TestSuite/sample_1/Wrapper/target/classes\n[INFO] -------------------------------------------------------------\n[ERROR] COMPILATION ERROR : \n[INFO] -------------------------------------------------------------\n[ERROR] /home/azmain/Code Recommendation/RAG/Projects/junit-3.8.2/TestSuite/sample_1/Wrapper/src/main/java/org/example/Main.java:[9,8] class MyTest is public, should be declared in a file named MyTest.java\n[ERROR] /home/azmain/Code Recommendation/RAG/Projects/junit-3.8.2/TestSuite/sample_1/Wrapper/src/main/java/org/example/Main.java:[4,23] package junit.framework does not exist\n[ERROR] /home/azmain/Code Recommendation/RAG/Projects/junit-3.8.2/TestSuite/sample_1/Wrapper/src/main/java/org/example/Main.java:[5,23] package junit.framework does not exist\n[ERROR] /home/azmain/Code Recommendation/RAG/Projects/junit-3.8.2/TestSuite/sample_1/Wrapper/src/main/java/org/example/Main.java:[6,23] package junit.framework does not exist\n[ERROR] /home/azmain/Code Recommendation/RAG/Projects/junit-3.8.2/TestSuite/sample_1/Wrapper/src/main/java/org/example/Main.java:[7,20] package junit.textui does not exist\n[ERROR] /home/azmain/Code Recommendation/RAG/Projects/junit-3.8.2/TestSuite/sample_1/Wrapper/src/main/java/org/example/Main.java:[9,29] cannot find symbol\n  symbol: class TestCase\n[ERROR] /home/azmain/Code Recommendation/RAG/Projects/junit-3.8.2/TestSuite/sample_1/Wrapper/src/main/java/org/example/Main.java:[22,19] cannot find symbol\n  symbol:   class Test\n  location: class org.example.MyTest\n[ERROR] /home/azmain/Code Recommendation/RAG/Projects/junit-3.8.2/TestSuite/sample_1/Wrapper/src/main/java/org/example/Main.java:[23,9] cannot find symbol\n  symbol:   class TestSuite\n  location: class org.example.MyTest\n[ERROR] /home/azmain/Code Recommendation/RAG/Projects/junit-3.8.2/TestSuite/sample_1/Wrapper/src/main/java/org/example/Main.java:[23,31] cannot find symbol\n  symbol:   class TestSuite\n  location: class org.example.MyTest\n[ERROR] /home/azmain/Code Recommendation/RAG/Projects/junit-3.8.2/TestSuite/sample_1/Wrapper/src/main/java/org/example/Main.java:[30,9] cannot find symbol\n  symbol:   variable TestRunner\n  location: class org.example.MyTest\n[INFO] 10 errors \n[INFO] -------------------------------------------------------------\n[INFO] ------------------------------------------------------------------------\n[INFO] BUILD FAILURE\n[INFO] ------------------------------------------------------------------------\n[INFO] Total time:  0.695 s\n[INFO] Finished at: 2024-04-16T18:50:38-05:00\n[INFO] ------------------------------------------------------------------------\n[ERROR] Failed to execute goal org.apache.maven.plugins:maven-compiler-plugin:3.1:compile (default-compile) on project Wrapper: Compilation failure: Compilation failure: \n[ERROR] /home/azmain/Code Recommendation/RAG/Projects/junit-3.8.2/TestSuite/sample_1/Wrapper/src/main/java/org/example/Main.java:[9,8] class MyTest is public, should be declared in a file named MyTest.java\n[ERROR] /home/azmain/Code Recommendation/RAG/Projects/junit-3.8.2/TestSuite/sample_1/Wrapper/src/main/java/org/example/Main.java:[4,23] package junit.framework does not exist\n[ERROR] /home/azmain/Code Recommendation/RAG/Projects/junit-3.8.2/TestSuite/sample_1/Wrapper/src/main/java/org/example/Main.java:[5,23] package junit.framework does not exist\n[ERROR] /home/azmain/Code Recommendation/RAG/Projects/junit-3.8.2/TestSuite/sample_1/Wrapper/src/main/java/org/example/Main.java:[6,23] package junit.framework does not exist\n[ERROR] /home/azmain/Code Recommendation/RAG/Projects/junit-3.8.2/TestSuite/sample_1/Wrapper/src/main/java/org/example/Main.java:[7,20] package junit.textui does not exist\n[ERROR] /home/azmain/Code Recommendation/RAG/Projects/junit-3.8.2/TestSuite/sample_1/Wrapper/src/main/java/org/example/Main.java:[9,29] cannot find symbol\n[ERROR]   symbol: class TestCase\n[ERROR] /home/azmain/Code Recommendation/RAG/Projects/junit-3.8.2/TestSuite/sample_1/Wrapper/src/main/java/org/example/Main.java:[22,19] cannot find symbol\n[ERROR]   symbol:   class Test\n[ERROR]   location: class org.example.MyTest\n[ERROR] /home/azmain/Code Recommendation/RAG/Projects/junit-3.8.2/TestSuite/sample_1/Wrapper/src/main/java/org/example/Main.java:[23,9] cannot find symbol\n[ERROR]   symbol:   class TestSuite\n[ERROR]   location: class org.example.MyTest\n[ERROR] /home/azmain/Code Recommendation/RAG/Projects/junit-3.8.2/TestSuite/sample_1/Wrapper/src/main/java/org/example/Main.java:[23,31] cannot find symbol\n[ERROR]   symbol:   class TestSuite\n[ERROR]   location: class org.example.MyTest\n[ERROR] /home/azmain/Code Recommendation/RAG/Projects/junit-3.8.2/TestSuite/sample_1/Wrapper/src/main/java/org/example/Main.java:[30,9] cannot find symbol\n[ERROR]   symbol:   variable TestRunner\n[ERROR]   location: class org.example.MyTest\n[ERROR] -> [Help 1]\n[ERROR] \n[ERROR] To see the full stack trace of the errors, re-run Maven with the -e switch.\n[ERROR] Re-run Maven using the -X switch to enable full debug logging.\n[ERROR] \n[ERROR] For more information about the errors and possible solutions, please read the following articles:\n[ERROR] [Help 1] http://cwiki.apache.org/confluence/display/MAVEN/MojoFailureException\n",
                        "error_list": [
                            {
                                "file": "/home/azmain/Code Recommendation/RAG/Projects/junit-3.8.2/TestSuite/sample_1/Wrapper/src/main/java/org/example/Main.java",
                                "line": 5,
                                "column": 23,
                                "message": "package junit.framework does not exist"
                            },
                            {
                                "file": "/home/azmain/Code Recommendation/RAG/Projects/junit-3.8.2/TestSuite/sample_1/Wrapper/src/main/java/org/example/Main.java",
                                "line": 9,
                                "column": 8,
                                "message": "class MyTest is public, should be declared in a file named MyTest.java"
                            },
                            {
                                "file": "/home/azmain/Code Recommendation/RAG/Projects/junit-3.8.2/TestSuite/sample_1/Wrapper/src/main/java/org/example/Main.java",
                                "line": 9,
                                "column": 29,
                                "message": "cannot find symbol"
                            },
                            {
                                "file": "/home/azmain/Code Recommendation/RAG/Projects/junit-3.8.2/TestSuite/sample_1/Wrapper/src/main/java/org/example/Main.java",
                                "line": 23,
                                "column": 9,
                                "message": "cannot find symbol"
                            },
                            {
                                "file": "/home/azmain/Code Recommendation/RAG/Projects/junit-3.8.2/TestSuite/sample_1/Wrapper/src/main/java/org/example/Main.java",
                                "line": 30,
                                "column": 9,
                                "message": "cannot find symbol"
                            },
                            {
                                "file": "/home/azmain/Code Recommendation/RAG/Projects/junit-3.8.2/TestSuite/sample_1/Wrapper/src/main/java/org/example/Main.java",
                                "line": 7,
                                "column": 20,
                                "message": "package junit.textui does not exist"
                            },
                            {
                                "file": "/home/azmain/Code Recommendation/RAG/Projects/junit-3.8.2/TestSuite/sample_1/Wrapper/src/main/java/org/example/Main.java",
                                "line": 22,
                                "column": 19,
                                "message": "cannot find symbol"
                            },
                            {
                                "file": "/home/azmain/Code Recommendation/RAG/Projects/junit-3.8.2/TestSuite/sample_1/Wrapper/src/main/java/org/example/Main.java",
                                "line": 23,
                                "column": 31,
                                "message": "cannot find symbol"
                            },
                            {
                                "file": "/home/azmain/Code Recommendation/RAG/Projects/junit-3.8.2/TestSuite/sample_1/Wrapper/src/main/java/org/example/Main.java",
                                "line": 4,
                                "column": 23,
                                "message": "package junit.framework does not exist"
                            },
                            {
                                "file": "/home/azmain/Code Recommendation/RAG/Projects/junit-3.8.2/TestSuite/sample_1/Wrapper/src/main/java/org/example/Main.java",
                                "line": 6,
                                "column": 23,
                                "message": "package junit.framework does not exist"
                            }
                        ]
                    }
                }
            },
            "sample_2": {
                "full_response": "You are an exceptionally intelligent coding assistant that consistently delivers accurate and reliable responses to user instructions.\n\n@@ Instruction\nGive me a complete, correct and compilable Java code. This code must use \"TestSuite\" API from \"junit-3.8.2\" project along with other necessary APIs. The dependency is already added for \"junit-3.8.2\" project. So, if you need to use other APIs, then do not use APIs whose import statements require adding new dependencies. The name of the class that has the main method should be Main.\n\n@@ Response\nI am sorry for any inconvenience, but your request requires a specific piece of code that is not directly feasible within the scope of this AI system. The code that you have requested involves multiple APIs like TestSuite from JUnit 3.8.2 and possibly some other APIs, which require setting up the dependencies in a proper project.\n\nPlease note that the JUnit 3.8.2 API's were part of the JUnit 3 framework, and have been deprecated as of 4.0. JUnit 4.0 introduced a TestEngine architecture which is more comprehensive, flexible and configurable.\n\nAlso, some APIs may not allow their import statements to include additional dependencies without adding them as project dependencies. Thus, please provide more specific requirements for the code that you want to generate.",
                "extracted_java_code_from_prediction": "",
                "extracted_FQNs_from_prediction": [],
                "correct_FQN_predictions": [],
                "wrong_FQN_predictions": [],
                "number_of_correct_FQNs": 0,
                "number_of_wrong_FQNs": 0,
                "failure_rate_for_FQNs": 1,
                "model_confidence": 0.26941603422164917,
                "code_build": {
                    "build_result": {
                        "status": "failure",
                        "message": "Model could not predict any correct FQNs.",
                        "hallucinations_for_FQNs": true
                    }
                }
            },
            "sample_3": {
                "full_response": "You are an exceptionally intelligent coding assistant that consistently delivers accurate and reliable responses to user instructions.\n\n@@ Instruction\nGive me a complete, correct and compilable Java code. This code must use \"TestSuite\" API from \"junit-3.8.2\" project along with other necessary APIs. The dependency is already added for \"junit-3.8.2\" project. So, if you need to use other APIs, then do not use APIs whose import statements require adding new dependencies. The name of the class that has the main method should be Main.\n\n@@ Response\nSince there wasn't a clear indication about the exact requirements of the test suite, I have provided a simple one that you can extend and adapt according to your needs. In this example, the test suite consists of two tests checking that the absolute value function works correctly for both positive and negative numbers:\n\n```java\nimport junit.framework.TestCase;\nimport junit.framework.TestSuite;\n\npublic class Main extends TestCase {\n\n    public Main(String testName) {\n        super(testName);\n    }\n\n    public static TestSuite suite() {\n        TestSuite suite = new TestSuite(\"Test for default package\");\n        suite.addTest(new TestCase(\"testAbs1\") {\n            public void testAbs1() {\n                assertEquals(1, Math.abs(-1));\n            }\n        });\n        suite.addTest(new TestCase(\"testAbs2\") {\n            public void testAbs2() {\n                assertEquals(1, Math.abs(1));\n            }\n        });\n        suite.addTest(new TestCase(\"testAbs3\") {\n            public void testAbs3() {\n                assertEquals(5, Math.abs(-5));\n            }\n        });\n        return suite;\n    }\n\n    public static void main(String[] args) {\n        junit.swingui.TestRunner.run(suite());\n    }\n}\n```\n\nPlease remember that for using \"TestSuite\" and \"TestCase\" APIs, you don't need to add additional dependencies as they are included by default in the junit.jar file. \n\nHowever, please be aware that the \"Math.abs()\" method used in these tests is standard Java library so it will not require any additional dependencies. This example serves as a very simple demonstration of how to use these APIs. You may need to extend this example to add more test cases and methods depending on your specific needs.",
                "extracted_java_code_from_prediction": "import junit.framework.TestCase;\nimport junit.framework.TestSuite;\n\npublic class Main extends TestCase {\n\n    public Main(String testName) {\n        super(testName);\n    }\n\n    public static TestSuite suite() {\n        TestSuite suite = new TestSuite(\"Test for default package\");\n        suite.addTest(new TestCase(\"testAbs1\") {\n            public void testAbs1() {\n                assertEquals(1, Math.abs(-1));\n            }\n        });\n        suite.addTest(new TestCase(\"testAbs2\") {\n            public void testAbs2() {\n                assertEquals(1, Math.abs(1));\n            }\n        });\n        suite.addTest(new TestCase(\"testAbs3\") {\n            public void testAbs3() {\n                assertEquals(5, Math.abs(-5));\n            }\n        });\n        return suite;\n    }\n\n    public static void main(String[] args) {\n        junit.swingui.TestRunner.run(suite());\n    }\n}",
                "extracted_FQNs_from_prediction": [
                    "junit.framework.TestCase",
                    "junit.framework.TestSuite"
                ],
                "correct_FQN_predictions": [
                    "junit.framework.TestCase",
                    "junit.framework.TestSuite"
                ],
                "wrong_FQN_predictions": [],
                "number_of_correct_FQNs": 2,
                "number_of_wrong_FQNs": 0,
                "failure_rate_for_FQNs": 0.0,
                "model_confidence": 0.5563756823539734,
                "code_build": {
                    "build_result": {
                        "status": "failure",
                        "hallucinations_for_FQNs": "Need manual review",
                        "message": "Build failed. Full error log present.",
                        "full_error_log": "[INFO] Scanning for projects...\n[WARNING] \n[WARNING] Some problems were encountered while building the effective model for org.example:Wrapper:jar:1.0-SNAPSHOT\n[WARNING] 'build.plugins.plugin.version' for org.apache.maven.plugins:maven-compiler-plugin is missing. @ line 46, column 15\n[WARNING] \n[WARNING] It is highly recommended to fix these problems because they threaten the stability of your build.\n[WARNING] \n[WARNING] For this reason, future Maven versions might no longer support building such malformed projects.\n[WARNING] \n[INFO] \n[INFO] ------------------------< org.example:Wrapper >-------------------------\n[INFO] Building Wrapper 1.0-SNAPSHOT\n[INFO] --------------------------------[ jar ]---------------------------------\n[INFO] \n[INFO] --- maven-clean-plugin:2.5:clean (default-clean) @ Wrapper ---\n[INFO] Deleting /home/azmain/Code Recommendation/RAG/Projects/junit-3.8.2/TestSuite/sample_3/Wrapper/target\n[INFO] \n[INFO] --- maven-resources-plugin:2.6:resources (default-resources) @ Wrapper ---\n[INFO] Using 'UTF-8' encoding to copy filtered resources.\n[INFO] skip non existing resourceDirectory /home/azmain/Code Recommendation/RAG/Projects/junit-3.8.2/TestSuite/sample_3/Wrapper/src/main/resources\n[INFO] \n[INFO] --- maven-compiler-plugin:3.1:compile (default-compile) @ Wrapper ---\n[INFO] Changes detected - recompiling the module!\n[INFO] Compiling 1 source file to /home/azmain/Code Recommendation/RAG/Projects/junit-3.8.2/TestSuite/sample_3/Wrapper/target/classes\n[INFO] -------------------------------------------------------------\n[ERROR] COMPILATION ERROR : \n[INFO] -------------------------------------------------------------\n[ERROR] /home/azmain/Code Recommendation/RAG/Projects/junit-3.8.2/TestSuite/sample_3/Wrapper/src/main/java/org/example/Main.java:[4,23] package junit.framework does not exist\n[ERROR] /home/azmain/Code Recommendation/RAG/Projects/junit-3.8.2/TestSuite/sample_3/Wrapper/src/main/java/org/example/Main.java:[5,23] package junit.framework does not exist\n[ERROR] /home/azmain/Code Recommendation/RAG/Projects/junit-3.8.2/TestSuite/sample_3/Wrapper/src/main/java/org/example/Main.java:[7,27] cannot find symbol\n  symbol: class TestCase\n[ERROR] /home/azmain/Code Recommendation/RAG/Projects/junit-3.8.2/TestSuite/sample_3/Wrapper/src/main/java/org/example/Main.java:[13,19] cannot find symbol\n  symbol:   class TestSuite\n  location: class org.example.Main\n[ERROR] /home/azmain/Code Recommendation/RAG/Projects/junit-3.8.2/TestSuite/sample_3/Wrapper/src/main/java/org/example/Main.java:[14,9] cannot find symbol\n  symbol:   class TestSuite\n  location: class org.example.Main\n[ERROR] /home/azmain/Code Recommendation/RAG/Projects/junit-3.8.2/TestSuite/sample_3/Wrapper/src/main/java/org/example/Main.java:[14,31] cannot find symbol\n  symbol:   class TestSuite\n  location: class org.example.Main\n[ERROR] /home/azmain/Code Recommendation/RAG/Projects/junit-3.8.2/TestSuite/sample_3/Wrapper/src/main/java/org/example/Main.java:[15,27] cannot find symbol\n  symbol:   class TestCase\n  location: class org.example.Main\n[ERROR] /home/azmain/Code Recommendation/RAG/Projects/junit-3.8.2/TestSuite/sample_3/Wrapper/src/main/java/org/example/Main.java:[17,17] cannot find symbol\n  symbol: method assertEquals(int,int)\n[ERROR] /home/azmain/Code Recommendation/RAG/Projects/junit-3.8.2/TestSuite/sample_3/Wrapper/src/main/java/org/example/Main.java:[20,27] cannot find symbol\n  symbol:   class TestCase\n  location: class org.example.Main\n[ERROR] /home/azmain/Code Recommendation/RAG/Projects/junit-3.8.2/TestSuite/sample_3/Wrapper/src/main/java/org/example/Main.java:[22,17] cannot find symbol\n  symbol: method assertEquals(int,int)\n[ERROR] /home/azmain/Code Recommendation/RAG/Projects/junit-3.8.2/TestSuite/sample_3/Wrapper/src/main/java/org/example/Main.java:[25,27] cannot find symbol\n  symbol:   class TestCase\n  location: class org.example.Main\n[ERROR] /home/azmain/Code Recommendation/RAG/Projects/junit-3.8.2/TestSuite/sample_3/Wrapper/src/main/java/org/example/Main.java:[27,17] cannot find symbol\n  symbol: method assertEquals(int,int)\n[ERROR] /home/azmain/Code Recommendation/RAG/Projects/junit-3.8.2/TestSuite/sample_3/Wrapper/src/main/java/org/example/Main.java:[34,22] package junit.swingui does not exist\n[INFO] 13 errors \n[INFO] -------------------------------------------------------------\n[INFO] ------------------------------------------------------------------------\n[INFO] BUILD FAILURE\n[INFO] ------------------------------------------------------------------------\n[INFO] Total time:  0.681 s\n[INFO] Finished at: 2024-04-16T18:50:40-05:00\n[INFO] ------------------------------------------------------------------------\n[ERROR] Failed to execute goal org.apache.maven.plugins:maven-compiler-plugin:3.1:compile (default-compile) on project Wrapper: Compilation failure: Compilation failure: \n[ERROR] /home/azmain/Code Recommendation/RAG/Projects/junit-3.8.2/TestSuite/sample_3/Wrapper/src/main/java/org/example/Main.java:[4,23] package junit.framework does not exist\n[ERROR] /home/azmain/Code Recommendation/RAG/Projects/junit-3.8.2/TestSuite/sample_3/Wrapper/src/main/java/org/example/Main.java:[5,23] package junit.framework does not exist\n[ERROR] /home/azmain/Code Recommendation/RAG/Projects/junit-3.8.2/TestSuite/sample_3/Wrapper/src/main/java/org/example/Main.java:[7,27] cannot find symbol\n[ERROR]   symbol: class TestCase\n[ERROR] /home/azmain/Code Recommendation/RAG/Projects/junit-3.8.2/TestSuite/sample_3/Wrapper/src/main/java/org/example/Main.java:[13,19] cannot find symbol\n[ERROR]   symbol:   class TestSuite\n[ERROR]   location: class org.example.Main\n[ERROR] /home/azmain/Code Recommendation/RAG/Projects/junit-3.8.2/TestSuite/sample_3/Wrapper/src/main/java/org/example/Main.java:[14,9] cannot find symbol\n[ERROR]   symbol:   class TestSuite\n[ERROR]   location: class org.example.Main\n[ERROR] /home/azmain/Code Recommendation/RAG/Projects/junit-3.8.2/TestSuite/sample_3/Wrapper/src/main/java/org/example/Main.java:[14,31] cannot find symbol\n[ERROR]   symbol:   class TestSuite\n[ERROR]   location: class org.example.Main\n[ERROR] /home/azmain/Code Recommendation/RAG/Projects/junit-3.8.2/TestSuite/sample_3/Wrapper/src/main/java/org/example/Main.java:[15,27] cannot find symbol\n[ERROR]   symbol:   class TestCase\n[ERROR]   location: class org.example.Main\n[ERROR] /home/azmain/Code Recommendation/RAG/Projects/junit-3.8.2/TestSuite/sample_3/Wrapper/src/main/java/org/example/Main.java:[17,17] cannot find symbol\n[ERROR]   symbol: method assertEquals(int,int)\n[ERROR] /home/azmain/Code Recommendation/RAG/Projects/junit-3.8.2/TestSuite/sample_3/Wrapper/src/main/java/org/example/Main.java:[20,27] cannot find symbol\n[ERROR]   symbol:   class TestCase\n[ERROR]   location: class org.example.Main\n[ERROR] /home/azmain/Code Recommendation/RAG/Projects/junit-3.8.2/TestSuite/sample_3/Wrapper/src/main/java/org/example/Main.java:[22,17] cannot find symbol\n[ERROR]   symbol: method assertEquals(int,int)\n[ERROR] /home/azmain/Code Recommendation/RAG/Projects/junit-3.8.2/TestSuite/sample_3/Wrapper/src/main/java/org/example/Main.java:[25,27] cannot find symbol\n[ERROR]   symbol:   class TestCase\n[ERROR]   location: class org.example.Main\n[ERROR] /home/azmain/Code Recommendation/RAG/Projects/junit-3.8.2/TestSuite/sample_3/Wrapper/src/main/java/org/example/Main.java:[27,17] cannot find symbol\n[ERROR]   symbol: method assertEquals(int,int)\n[ERROR] /home/azmain/Code Recommendation/RAG/Projects/junit-3.8.2/TestSuite/sample_3/Wrapper/src/main/java/org/example/Main.java:[34,22] package junit.swingui does not exist\n[ERROR] -> [Help 1]\n[ERROR] \n[ERROR] To see the full stack trace of the errors, re-run Maven with the -e switch.\n[ERROR] Re-run Maven using the -X switch to enable full debug logging.\n[ERROR] \n[ERROR] For more information about the errors and possible solutions, please read the following articles:\n[ERROR] [Help 1] http://cwiki.apache.org/confluence/display/MAVEN/MojoFailureException\n",
                        "error_list": [
                            {
                                "file": "/home/azmain/Code Recommendation/RAG/Projects/junit-3.8.2/TestSuite/sample_3/Wrapper/src/main/java/org/example/Main.java",
                                "line": 22,
                                "column": 17,
                                "message": "cannot find symbol"
                            },
                            {
                                "file": "/home/azmain/Code Recommendation/RAG/Projects/junit-3.8.2/TestSuite/sample_3/Wrapper/src/main/java/org/example/Main.java",
                                "line": 25,
                                "column": 27,
                                "message": "cannot find symbol"
                            },
                            {
                                "file": "/home/azmain/Code Recommendation/RAG/Projects/junit-3.8.2/TestSuite/sample_3/Wrapper/src/main/java/org/example/Main.java",
                                "line": 5,
                                "column": 23,
                                "message": "package junit.framework does not exist"
                            },
                            {
                                "file": "/home/azmain/Code Recommendation/RAG/Projects/junit-3.8.2/TestSuite/sample_3/Wrapper/src/main/java/org/example/Main.java",
                                "line": 4,
                                "column": 23,
                                "message": "package junit.framework does not exist"
                            },
                            {
                                "file": "/home/azmain/Code Recommendation/RAG/Projects/junit-3.8.2/TestSuite/sample_3/Wrapper/src/main/java/org/example/Main.java",
                                "line": 14,
                                "column": 9,
                                "message": "cannot find symbol"
                            },
                            {
                                "file": "/home/azmain/Code Recommendation/RAG/Projects/junit-3.8.2/TestSuite/sample_3/Wrapper/src/main/java/org/example/Main.java",
                                "line": 13,
                                "column": 19,
                                "message": "cannot find symbol"
                            },
                            {
                                "file": "/home/azmain/Code Recommendation/RAG/Projects/junit-3.8.2/TestSuite/sample_3/Wrapper/src/main/java/org/example/Main.java",
                                "line": 14,
                                "column": 31,
                                "message": "cannot find symbol"
                            },
                            {
                                "file": "/home/azmain/Code Recommendation/RAG/Projects/junit-3.8.2/TestSuite/sample_3/Wrapper/src/main/java/org/example/Main.java",
                                "line": 7,
                                "column": 27,
                                "message": "cannot find symbol"
                            },
                            {
                                "file": "/home/azmain/Code Recommendation/RAG/Projects/junit-3.8.2/TestSuite/sample_3/Wrapper/src/main/java/org/example/Main.java",
                                "line": 17,
                                "column": 17,
                                "message": "cannot find symbol"
                            },
                            {
                                "file": "/home/azmain/Code Recommendation/RAG/Projects/junit-3.8.2/TestSuite/sample_3/Wrapper/src/main/java/org/example/Main.java",
                                "line": 27,
                                "column": 17,
                                "message": "cannot find symbol"
                            },
                            {
                                "file": "/home/azmain/Code Recommendation/RAG/Projects/junit-3.8.2/TestSuite/sample_3/Wrapper/src/main/java/org/example/Main.java",
                                "line": 20,
                                "column": 27,
                                "message": "cannot find symbol"
                            },
                            {
                                "file": "/home/azmain/Code Recommendation/RAG/Projects/junit-3.8.2/TestSuite/sample_3/Wrapper/src/main/java/org/example/Main.java",
                                "line": 34,
                                "column": 22,
                                "message": "package junit.swingui does not exist"
                            },
                            {
                                "file": "/home/azmain/Code Recommendation/RAG/Projects/junit-3.8.2/TestSuite/sample_3/Wrapper/src/main/java/org/example/Main.java",
                                "line": 15,
                                "column": 27,
                                "message": "cannot find symbol"
                            }
                        ]
                    }
                }
            },
            "sample_4": {
                "full_response": "You are an exceptionally intelligent coding assistant that consistently delivers accurate and reliable responses to user instructions.\n\n@@ Instruction\nGive me a complete, correct and compilable Java code. This code must use \"TestSuite\" API from \"junit-3.8.2\" project along with other necessary APIs. The dependency is already added for \"junit-3.8.2\" project. So, if you need to use other APIs, then do not use APIs whose import statements require adding new dependencies. The name of the class that has the main method should be Main.\n\n@@ Response\nThis Java code depends on the JUnit testing framework. Below is an example of how you would write a test suite. You have to compile JUnit with a JDK to be able to utilize the testing capabilities of JUnit. You may choose to do so in Eclipse or from the command line with `javac` and `java`.\n\nEnsure you have imported the needed packages such as JUnit API. \n\n```java\nimport org.junit.*;\nimport static org.junit.Assert.*;\n\npublic class Main {\n    \n    //Class with Test Case\n    public static class TestClass {\n\n        @Test\n        public void testMethod() {\n            //Arrange\n            int a = 10, b = 20;\n            //Act\n            int result = a + b;\n            //Assert\n            assertEquals(30, result);\n        }\n    }\n\n    //Test Suite\n    public static class TestSuite {\n\n        @BeforeClass\n        public static void setUp() {\n            System.out.println(\"Before class...\");\n        }\n\n        @AfterClass\n        public static void tearDown() {\n            System.out.println(\"After class...\");\n        }\n\n        @Before\n        public void beforeMethod() {\n            System.out.println(\"Before method...\");\n        }\n\n        @After\n        public void afterMethod() {\n            System.out.println(\"After method...\");\n        }\n\n        @Test\n        public void test1() {\n            System.out.println(\"Test 1...\");\n            //logic of test 1 goes here\n        }\n\n        @Test\n        public void test2() {\n            System.out.println(\"Test 2...\");\n            //logic of test 2 goes here\n        }\n    }\n\n    //Main Method\n    public static void main(String[] args) {\n\n        // Run test suite as JUnit test\n        junit.textui.TestRunner.run(Main.class);\n    }\n}\n```\nHere, `Main` is the main class that defines a test suite `TestSuite` which is a collection of `@Test` methods (these are the unit tests). These `@Test` methods have access to the necessary set-up and tear-down logic. The `@BeforeClass` and `@AfterClass` methods are used to provide initialization and clean-up logic that should be executed before/after the whole test suite is run. The `@Before` and `@After` methods provide the same but for each test method. You can add your test cases in the `TestSuite` as per requirement.",
                "extracted_java_code_from_prediction": "import org.junit.*;\nimport static org.junit.Assert.*;\n\npublic class Main {\n    \n    //Class with Test Case\n    public static class TestClass {\n\n        @Test\n        public void testMethod() {\n            //Arrange\n            int a = 10, b = 20;\n            //Act\n            int result = a + b;\n            //Assert\n            assertEquals(30, result);\n        }\n    }\n\n    //Test Suite\n    public static class TestSuite {\n\n        @BeforeClass\n        public static void setUp() {\n            System.out.println(\"Before class...\");\n        }\n\n        @AfterClass\n        public static void tearDown() {\n            System.out.println(\"After class...\");\n        }\n\n        @Before\n        public void beforeMethod() {\n            System.out.println(\"Before method...\");\n        }\n\n        @After\n        public void afterMethod() {\n            System.out.println(\"After method...\");\n        }\n\n        @Test\n        public void test1() {\n            System.out.println(\"Test 1...\");\n            //logic of test 1 goes here\n        }\n\n        @Test\n        public void test2() {\n            System.out.println(\"Test 2...\");\n            //logic of test 2 goes here\n        }\n    }\n\n    //Main Method\n    public static void main(String[] args) {\n\n        // Run test suite as JUnit test\n        junit.textui.TestRunner.run(Main.class);\n    }\n}",
                "extracted_FQNs_from_prediction": [
                    "org.junit.*",
                    "static org.junit.Assert.*"
                ],
                "correct_FQN_predictions": [],
                "wrong_FQN_predictions": [
                    "org.junit.*",
                    "static org.junit.Assert.*"
                ],
                "number_of_correct_FQNs": 0,
                "number_of_wrong_FQNs": 2,
                "failure_rate_for_FQNs": 1.0,
                "model_confidence": 0.6571537852287292,
                "code_build": {
                    "build_result": {
                        "status": "failure",
                        "message": "Model could not predict any correct FQNs.",
                        "hallucinations_for_FQNs": true
                    }
                }
            },
            "sample_5": {
                "full_response": "You are an exceptionally intelligent coding assistant that consistently delivers accurate and reliable responses to user instructions.\n\n@@ Instruction\nGive me a complete, correct and compilable Java code. This code must use \"TestSuite\" API from \"junit-3.8.2\" project along with other necessary APIs. The dependency is already added for \"junit-3.8.2\" project. So, if you need to use other APIs, then do not use APIs whose import statements require adding new dependencies. The name of the class that has the main method should be Main.\n\n@@ Response\nSure, here is a complete Java code using \"TestSuite\" API from \"junit-3.8.2\" project:\n\n```java\nimport junit.framework.*;\nimport junit.framework.TestSuite;\n\npublic class TestCase1 extends TestCase {\n\n    public TestCase1(String name) {\n        super(name);\n    }\n    \n    public static Test suite() {\n        TestSuite suite = new TestSuite(TestCase1.class);\n        return suite;\n    }\n    \n    public void test1() {\n        assertEquals(\"a\", \"a\");\n    }\n    \n    public void test2() {\n        assertEquals(1, 1);\n    }\n}\n\npublic class Main {\n\n    public static void main(String[] args) {\n        junit.textui.TestRunner.run(TestCase1.suite());\n    }\n}\n```\n\nThe \"TestCase1\" class has two methods: `test1()` and `test2()`. They check whether two expected and actual values are equal using the `assertEquals` method. \n\nThe \"Main\" class has a `main` method that runs the `suite()` method from the `TestCase1` class which includes all the test cases, which in this case is just `test1()` and `test2()`.\n\nTo execute the code above, first compile your Java files with JUnit classes, then run the compiled Java classes, or you can use an IDE that supports running JUnit tests.\n\nMake sure you don't use APIs that are not included in \"junit-3.8.2\" project.",
                "extracted_java_code_from_prediction": "import junit.framework.*;\nimport junit.framework.TestSuite;\n\npublic class TestCase1 extends TestCase {\n\n    public TestCase1(String name) {\n        super(name);\n    }\n    \n    public static Test suite() {\n        TestSuite suite = new TestSuite(TestCase1.class);\n        return suite;\n    }\n    \n    public void test1() {\n        assertEquals(\"a\", \"a\");\n    }\n    \n    public void test2() {\n        assertEquals(1, 1);\n    }\n}\n\npublic class Main {\n\n    public static void main(String[] args) {\n        junit.textui.TestRunner.run(TestCase1.suite());\n    }\n}",
                "extracted_FQNs_from_prediction": [
                    "junit.framework.*",
                    "junit.framework.TestSuite"
                ],
                "correct_FQN_predictions": [
                    "junit.framework.TestSuite"
                ],
                "wrong_FQN_predictions": [
                    "junit.framework.*"
                ],
                "number_of_correct_FQNs": 1,
                "number_of_wrong_FQNs": 1,
                "failure_rate_for_FQNs": 0.5,
                "model_confidence": 0.5496886968612671,
                "code_build": {
                    "build_result": {
                        "status": "failure",
                        "hallucinations_for_FQNs": "Need manual review",
                        "message": "Build failed. Full error log present.",
                        "full_error_log": "[INFO] Scanning for projects...\n[WARNING] \n[WARNING] Some problems were encountered while building the effective model for org.example:Wrapper:jar:1.0-SNAPSHOT\n[WARNING] 'build.plugins.plugin.version' for org.apache.maven.plugins:maven-compiler-plugin is missing. @ line 46, column 15\n[WARNING] \n[WARNING] It is highly recommended to fix these problems because they threaten the stability of your build.\n[WARNING] \n[WARNING] For this reason, future Maven versions might no longer support building such malformed projects.\n[WARNING] \n[INFO] \n[INFO] ------------------------< org.example:Wrapper >-------------------------\n[INFO] Building Wrapper 1.0-SNAPSHOT\n[INFO] --------------------------------[ jar ]---------------------------------\n[INFO] \n[INFO] --- maven-clean-plugin:2.5:clean (default-clean) @ Wrapper ---\n[INFO] Deleting /home/azmain/Code Recommendation/RAG/Projects/junit-3.8.2/TestSuite/sample_5/Wrapper/target\n[INFO] \n[INFO] --- maven-resources-plugin:2.6:resources (default-resources) @ Wrapper ---\n[INFO] Using 'UTF-8' encoding to copy filtered resources.\n[INFO] skip non existing resourceDirectory /home/azmain/Code Recommendation/RAG/Projects/junit-3.8.2/TestSuite/sample_5/Wrapper/src/main/resources\n[INFO] \n[INFO] --- maven-compiler-plugin:3.1:compile (default-compile) @ Wrapper ---\n[INFO] Changes detected - recompiling the module!\n[INFO] Compiling 2 source files to /home/azmain/Code Recommendation/RAG/Projects/junit-3.8.2/TestSuite/sample_5/Wrapper/target/classes\n[INFO] -------------------------------------------------------------\n[ERROR] COMPILATION ERROR : \n[INFO] -------------------------------------------------------------\n[ERROR] /home/azmain/Code Recommendation/RAG/Projects/junit-3.8.2/TestSuite/sample_5/Wrapper/src/main/java/org/example/Main.java:[5,23] package junit.framework does not exist\n[ERROR] /home/azmain/Code Recommendation/RAG/Projects/junit-3.8.2/TestSuite/sample_5/Wrapper/src/main/java/org/example/Main.java:[4,1] package junit.framework does not exist\n[ERROR] /home/azmain/Code Recommendation/RAG/Projects/junit-3.8.2/TestSuite/sample_5/Wrapper/src/main/java/org/example/TestCase1.java:[4,23] package junit.framework does not exist\n[ERROR] /home/azmain/Code Recommendation/RAG/Projects/junit-3.8.2/TestSuite/sample_5/Wrapper/src/main/java/org/example/TestCase1.java:[6,32] cannot find symbol\n  symbol: class TestCase\n[ERROR] /home/azmain/Code Recommendation/RAG/Projects/junit-3.8.2/TestSuite/sample_5/Wrapper/src/main/java/org/example/TestCase1.java:[12,19] cannot find symbol\n  symbol:   class Test\n  location: class org.example.TestCase1\n[ERROR] /home/azmain/Code Recommendation/RAG/Projects/junit-3.8.2/TestSuite/sample_5/Wrapper/src/main/java/org/example/TestCase1.java:[3,1] package junit.framework does not exist\n[ERROR] /home/azmain/Code Recommendation/RAG/Projects/junit-3.8.2/TestSuite/sample_5/Wrapper/src/main/java/org/example/Main.java:[10,21] package junit.textui does not exist\n[ERROR] /home/azmain/Code Recommendation/RAG/Projects/junit-3.8.2/TestSuite/sample_5/Wrapper/src/main/java/org/example/TestCase1.java:[13,9] cannot find symbol\n  symbol:   class TestSuite\n  location: class org.example.TestCase1\n[ERROR] /home/azmain/Code Recommendation/RAG/Projects/junit-3.8.2/TestSuite/sample_5/Wrapper/src/main/java/org/example/TestCase1.java:[13,31] cannot find symbol\n  symbol:   class TestSuite\n  location: class org.example.TestCase1\n[ERROR] /home/azmain/Code Recommendation/RAG/Projects/junit-3.8.2/TestSuite/sample_5/Wrapper/src/main/java/org/example/TestCase1.java:[18,9] cannot find symbol\n  symbol:   method assertEquals(java.lang.String,java.lang.String)\n  location: class org.example.TestCase1\n[ERROR] /home/azmain/Code Recommendation/RAG/Projects/junit-3.8.2/TestSuite/sample_5/Wrapper/src/main/java/org/example/TestCase1.java:[22,9] cannot find symbol\n  symbol:   method assertEquals(int,int)\n  location: class org.example.TestCase1\n[INFO] 11 errors \n[INFO] -------------------------------------------------------------\n[INFO] ------------------------------------------------------------------------\n[INFO] BUILD FAILURE\n[INFO] ------------------------------------------------------------------------\n[INFO] Total time:  0.705 s\n[INFO] Finished at: 2024-04-16T18:50:41-05:00\n[INFO] ------------------------------------------------------------------------\n[ERROR] Failed to execute goal org.apache.maven.plugins:maven-compiler-plugin:3.1:compile (default-compile) on project Wrapper: Compilation failure: Compilation failure: \n[ERROR] /home/azmain/Code Recommendation/RAG/Projects/junit-3.8.2/TestSuite/sample_5/Wrapper/src/main/java/org/example/Main.java:[5,23] package junit.framework does not exist\n[ERROR] /home/azmain/Code Recommendation/RAG/Projects/junit-3.8.2/TestSuite/sample_5/Wrapper/src/main/java/org/example/Main.java:[4,1] package junit.framework does not exist\n[ERROR] /home/azmain/Code Recommendation/RAG/Projects/junit-3.8.2/TestSuite/sample_5/Wrapper/src/main/java/org/example/TestCase1.java:[4,23] package junit.framework does not exist\n[ERROR] /home/azmain/Code Recommendation/RAG/Projects/junit-3.8.2/TestSuite/sample_5/Wrapper/src/main/java/org/example/TestCase1.java:[6,32] cannot find symbol\n[ERROR]   symbol: class TestCase\n[ERROR] /home/azmain/Code Recommendation/RAG/Projects/junit-3.8.2/TestSuite/sample_5/Wrapper/src/main/java/org/example/TestCase1.java:[12,19] cannot find symbol\n[ERROR]   symbol:   class Test\n[ERROR]   location: class org.example.TestCase1\n[ERROR] /home/azmain/Code Recommendation/RAG/Projects/junit-3.8.2/TestSuite/sample_5/Wrapper/src/main/java/org/example/TestCase1.java:[3,1] package junit.framework does not exist\n[ERROR] /home/azmain/Code Recommendation/RAG/Projects/junit-3.8.2/TestSuite/sample_5/Wrapper/src/main/java/org/example/Main.java:[10,21] package junit.textui does not exist\n[ERROR] /home/azmain/Code Recommendation/RAG/Projects/junit-3.8.2/TestSuite/sample_5/Wrapper/src/main/java/org/example/TestCase1.java:[13,9] cannot find symbol\n[ERROR]   symbol:   class TestSuite\n[ERROR]   location: class org.example.TestCase1\n[ERROR] /home/azmain/Code Recommendation/RAG/Projects/junit-3.8.2/TestSuite/sample_5/Wrapper/src/main/java/org/example/TestCase1.java:[13,31] cannot find symbol\n[ERROR]   symbol:   class TestSuite\n[ERROR]   location: class org.example.TestCase1\n[ERROR] /home/azmain/Code Recommendation/RAG/Projects/junit-3.8.2/TestSuite/sample_5/Wrapper/src/main/java/org/example/TestCase1.java:[18,9] cannot find symbol\n[ERROR]   symbol:   method assertEquals(java.lang.String,java.lang.String)\n[ERROR]   location: class org.example.TestCase1\n[ERROR] /home/azmain/Code Recommendation/RAG/Projects/junit-3.8.2/TestSuite/sample_5/Wrapper/src/main/java/org/example/TestCase1.java:[22,9] cannot find symbol\n[ERROR]   symbol:   method assertEquals(int,int)\n[ERROR]   location: class org.example.TestCase1\n[ERROR] -> [Help 1]\n[ERROR] \n[ERROR] To see the full stack trace of the errors, re-run Maven with the -e switch.\n[ERROR] Re-run Maven using the -X switch to enable full debug logging.\n[ERROR] \n[ERROR] For more information about the errors and possible solutions, please read the following articles:\n[ERROR] [Help 1] http://cwiki.apache.org/confluence/display/MAVEN/MojoFailureException\n",
                        "error_list": [
                            {
                                "file": "/home/azmain/Code Recommendation/RAG/Projects/junit-3.8.2/TestSuite/sample_5/Wrapper/src/main/java/org/example/TestCase1.java",
                                "line": 6,
                                "column": 32,
                                "message": "cannot find symbol"
                            },
                            {
                                "file": "/home/azmain/Code Recommendation/RAG/Projects/junit-3.8.2/TestSuite/sample_5/Wrapper/src/main/java/org/example/TestCase1.java",
                                "line": 12,
                                "column": 19,
                                "message": "cannot find symbol"
                            },
                            {
                                "file": "/home/azmain/Code Recommendation/RAG/Projects/junit-3.8.2/TestSuite/sample_5/Wrapper/src/main/java/org/example/TestCase1.java",
                                "line": 22,
                                "column": 9,
                                "message": "cannot find symbol"
                            },
                            {
                                "file": "/home/azmain/Code Recommendation/RAG/Projects/junit-3.8.2/TestSuite/sample_5/Wrapper/src/main/java/org/example/TestCase1.java",
                                "line": 4,
                                "column": 23,
                                "message": "package junit.framework does not exist"
                            },
                            {
                                "file": "/home/azmain/Code Recommendation/RAG/Projects/junit-3.8.2/TestSuite/sample_5/Wrapper/src/main/java/org/example/Main.java",
                                "line": 5,
                                "column": 23,
                                "message": "package junit.framework does not exist"
                            },
                            {
                                "file": "/home/azmain/Code Recommendation/RAG/Projects/junit-3.8.2/TestSuite/sample_5/Wrapper/src/main/java/org/example/Main.java",
                                "line": 10,
                                "column": 21,
                                "message": "package junit.textui does not exist"
                            },
                            {
                                "file": "/home/azmain/Code Recommendation/RAG/Projects/junit-3.8.2/TestSuite/sample_5/Wrapper/src/main/java/org/example/TestCase1.java",
                                "line": 13,
                                "column": 9,
                                "message": "cannot find symbol"
                            },
                            {
                                "file": "/home/azmain/Code Recommendation/RAG/Projects/junit-3.8.2/TestSuite/sample_5/Wrapper/src/main/java/org/example/Main.java",
                                "line": 4,
                                "column": 1,
                                "message": "package junit.framework does not exist"
                            },
                            {
                                "file": "/home/azmain/Code Recommendation/RAG/Projects/junit-3.8.2/TestSuite/sample_5/Wrapper/src/main/java/org/example/TestCase1.java",
                                "line": 18,
                                "column": 9,
                                "message": "cannot find symbol"
                            },
                            {
                                "file": "/home/azmain/Code Recommendation/RAG/Projects/junit-3.8.2/TestSuite/sample_5/Wrapper/src/main/java/org/example/TestCase1.java",
                                "line": 13,
                                "column": 31,
                                "message": "cannot find symbol"
                            },
                            {
                                "file": "/home/azmain/Code Recommendation/RAG/Projects/junit-3.8.2/TestSuite/sample_5/Wrapper/src/main/java/org/example/TestCase1.java",
                                "line": 3,
                                "column": 1,
                                "message": "package junit.framework does not exist"
                            }
                        ]
                    }
                }
            }
        },
        "TestResult": {
            "prompt": "Give me a complete, correct and compilable Java code. This code must use \"TestResult\" API from \"junit-3.8.2\" project along with other necessary APIs. The dependency is already added for \"junit-3.8.2\" project. So, if you need to use other APIs, then do not use APIs whose import statements require adding new dependencies. The name of the class that has the main method should be Main.",
            "sample_1": {
                "full_response": "You are an exceptionally intelligent coding assistant that consistently delivers accurate and reliable responses to user instructions.\n\n@@ Instruction\nGive me a complete, correct and compilable Java code. This code must use \"TestResult\" API from \"junit-3.8.2\" project along with other necessary APIs. The dependency is already added for \"junit-3.8.2\" project. So, if you need to use other APIs, then do not use APIs whose import statements require adding new dependencies. The name of the class that has the main method should be Main.\n\n@@ Response\nTo complete a JUnit 3.8.2 compatible Java code, we would need to define a class with a test method annotated with the `@Test` annotation from the JUnit framework. This class will then have a main method that calls the `TestRunner.run()` method provided by JUnit.\n\nFor example:\n\n```java\nimport org.junit.Test;\nimport org.junit.TestResult;\nimport org.junit.runner.JUnitCore;\nimport org.junit.runner.Result;\n\npublic class Main {\n\n    @Test\n    public void testMethod() {\n        // Test code here\n        assert(1 == 1);\n    }\n\n    public static void main(String[] args) {\n        JUnitCore runner = new JUnitCore();\n        Result result = runner.run(Main.class);\n\n        System.out.println(result.wasSuccessful());\n    }\n\n}\n```\nThis example has one test method `testMethod` annotated with `@Test`. The `main` method uses the `JUnitCore` to run the tests. The test method is a simple assertion that 1 equals 1 which should always pass. The `JUnitCore.run(Class<?>)` method returns a `Result` object that we print whether the test was successful or not.\n\nPlease note that the `TestResult` API, which is not included in the JUnit 3.8.2 library, is a more modern version of the test framework and is included in more recent versions of JUnit. For simplicity, we are using the `Result` class from JUnit 3.8.2.",
                "extracted_java_code_from_prediction": "import org.junit.Test;\nimport org.junit.TestResult;\nimport org.junit.runner.JUnitCore;\nimport org.junit.runner.Result;\n\npublic class Main {\n\n    @Test\n    public void testMethod() {\n        // Test code here\n        assert(1 == 1);\n    }\n\n    public static void main(String[] args) {\n        JUnitCore runner = new JUnitCore();\n        Result result = runner.run(Main.class);\n\n        System.out.println(result.wasSuccessful());\n    }\n\n}",
                "extracted_FQNs_from_prediction": [
                    "org.junit.Test",
                    "org.junit.TestResult",
                    "org.junit.runner.JUnitCore",
                    "org.junit.runner.Result"
                ],
                "correct_FQN_predictions": [
                    "org.junit.Test",
                    "org.junit.runner.JUnitCore",
                    "org.junit.runner.Result"
                ],
                "wrong_FQN_predictions": [
                    "org.junit.TestResult"
                ],
                "number_of_correct_FQNs": 3,
                "number_of_wrong_FQNs": 1,
                "failure_rate_for_FQNs": 0.25,
                "model_confidence": 0.5071296691894531,
                "code_build": {
                    "build_result": {
                        "status": "failure",
                        "hallucinations_for_FQNs": "Need manual review",
                        "message": "Build failed. Full error log present.",
                        "full_error_log": "[INFO] Scanning for projects...\n[WARNING] \n[WARNING] Some problems were encountered while building the effective model for org.example:Wrapper:jar:1.0-SNAPSHOT\n[WARNING] 'build.plugins.plugin.version' for org.apache.maven.plugins:maven-compiler-plugin is missing. @ line 46, column 15\n[WARNING] \n[WARNING] It is highly recommended to fix these problems because they threaten the stability of your build.\n[WARNING] \n[WARNING] For this reason, future Maven versions might no longer support building such malformed projects.\n[WARNING] \n[INFO] \n[INFO] ------------------------< org.example:Wrapper >-------------------------\n[INFO] Building Wrapper 1.0-SNAPSHOT\n[INFO] --------------------------------[ jar ]---------------------------------\n[INFO] \n[INFO] --- maven-clean-plugin:2.5:clean (default-clean) @ Wrapper ---\n[INFO] Deleting /home/azmain/Code Recommendation/RAG/Projects/junit-3.8.2/TestResult/sample_1/Wrapper/target\n[INFO] \n[INFO] --- maven-resources-plugin:2.6:resources (default-resources) @ Wrapper ---\n[INFO] Using 'UTF-8' encoding to copy filtered resources.\n[INFO] skip non existing resourceDirectory /home/azmain/Code Recommendation/RAG/Projects/junit-3.8.2/TestResult/sample_1/Wrapper/src/main/resources\n[INFO] \n[INFO] --- maven-compiler-plugin:3.1:compile (default-compile) @ Wrapper ---\n[INFO] Changes detected - recompiling the module!\n[INFO] Compiling 1 source file to /home/azmain/Code Recommendation/RAG/Projects/junit-3.8.2/TestResult/sample_1/Wrapper/target/classes\n[INFO] -------------------------------------------------------------\n[ERROR] COMPILATION ERROR : \n[INFO] -------------------------------------------------------------\n[ERROR] /home/azmain/Code Recommendation/RAG/Projects/junit-3.8.2/TestResult/sample_1/Wrapper/src/main/java/org/example/Main.java:[4,17] package org.junit does not exist\n[ERROR] /home/azmain/Code Recommendation/RAG/Projects/junit-3.8.2/TestResult/sample_1/Wrapper/src/main/java/org/example/Main.java:[5,17] package org.junit does not exist\n[ERROR] /home/azmain/Code Recommendation/RAG/Projects/junit-3.8.2/TestResult/sample_1/Wrapper/src/main/java/org/example/Main.java:[6,24] package org.junit.runner does not exist\n[ERROR] /home/azmain/Code Recommendation/RAG/Projects/junit-3.8.2/TestResult/sample_1/Wrapper/src/main/java/org/example/Main.java:[7,24] package org.junit.runner does not exist\n[ERROR] /home/azmain/Code Recommendation/RAG/Projects/junit-3.8.2/TestResult/sample_1/Wrapper/src/main/java/org/example/Main.java:[11,6] cannot find symbol\n  symbol:   class Test\n  location: class org.example.Main\n[ERROR] /home/azmain/Code Recommendation/RAG/Projects/junit-3.8.2/TestResult/sample_1/Wrapper/src/main/java/org/example/Main.java:[18,9] cannot find symbol\n  symbol:   class JUnitCore\n  location: class org.example.Main\n[ERROR] /home/azmain/Code Recommendation/RAG/Projects/junit-3.8.2/TestResult/sample_1/Wrapper/src/main/java/org/example/Main.java:[18,32] cannot find symbol\n  symbol:   class JUnitCore\n  location: class org.example.Main\n[ERROR] /home/azmain/Code Recommendation/RAG/Projects/junit-3.8.2/TestResult/sample_1/Wrapper/src/main/java/org/example/Main.java:[19,9] cannot find symbol\n  symbol:   class Result\n  location: class org.example.Main\n[INFO] 8 errors \n[INFO] -------------------------------------------------------------\n[INFO] ------------------------------------------------------------------------\n[INFO] BUILD FAILURE\n[INFO] ------------------------------------------------------------------------\n[INFO] Total time:  0.649 s\n[INFO] Finished at: 2024-04-16T18:51:09-05:00\n[INFO] ------------------------------------------------------------------------\n[ERROR] Failed to execute goal org.apache.maven.plugins:maven-compiler-plugin:3.1:compile (default-compile) on project Wrapper: Compilation failure: Compilation failure: \n[ERROR] /home/azmain/Code Recommendation/RAG/Projects/junit-3.8.2/TestResult/sample_1/Wrapper/src/main/java/org/example/Main.java:[4,17] package org.junit does not exist\n[ERROR] /home/azmain/Code Recommendation/RAG/Projects/junit-3.8.2/TestResult/sample_1/Wrapper/src/main/java/org/example/Main.java:[5,17] package org.junit does not exist\n[ERROR] /home/azmain/Code Recommendation/RAG/Projects/junit-3.8.2/TestResult/sample_1/Wrapper/src/main/java/org/example/Main.java:[6,24] package org.junit.runner does not exist\n[ERROR] /home/azmain/Code Recommendation/RAG/Projects/junit-3.8.2/TestResult/sample_1/Wrapper/src/main/java/org/example/Main.java:[7,24] package org.junit.runner does not exist\n[ERROR] /home/azmain/Code Recommendation/RAG/Projects/junit-3.8.2/TestResult/sample_1/Wrapper/src/main/java/org/example/Main.java:[11,6] cannot find symbol\n[ERROR]   symbol:   class Test\n[ERROR]   location: class org.example.Main\n[ERROR] /home/azmain/Code Recommendation/RAG/Projects/junit-3.8.2/TestResult/sample_1/Wrapper/src/main/java/org/example/Main.java:[18,9] cannot find symbol\n[ERROR]   symbol:   class JUnitCore\n[ERROR]   location: class org.example.Main\n[ERROR] /home/azmain/Code Recommendation/RAG/Projects/junit-3.8.2/TestResult/sample_1/Wrapper/src/main/java/org/example/Main.java:[18,32] cannot find symbol\n[ERROR]   symbol:   class JUnitCore\n[ERROR]   location: class org.example.Main\n[ERROR] /home/azmain/Code Recommendation/RAG/Projects/junit-3.8.2/TestResult/sample_1/Wrapper/src/main/java/org/example/Main.java:[19,9] cannot find symbol\n[ERROR]   symbol:   class Result\n[ERROR]   location: class org.example.Main\n[ERROR] -> [Help 1]\n[ERROR] \n[ERROR] To see the full stack trace of the errors, re-run Maven with the -e switch.\n[ERROR] Re-run Maven using the -X switch to enable full debug logging.\n[ERROR] \n[ERROR] For more information about the errors and possible solutions, please read the following articles:\n[ERROR] [Help 1] http://cwiki.apache.org/confluence/display/MAVEN/MojoFailureException\n",
                        "error_list": [
                            {
                                "file": "/home/azmain/Code Recommendation/RAG/Projects/junit-3.8.2/TestResult/sample_1/Wrapper/src/main/java/org/example/Main.java",
                                "line": 4,
                                "column": 17,
                                "message": "package org.junit does not exist"
                            },
                            {
                                "file": "/home/azmain/Code Recommendation/RAG/Projects/junit-3.8.2/TestResult/sample_1/Wrapper/src/main/java/org/example/Main.java",
                                "line": 5,
                                "column": 17,
                                "message": "package org.junit does not exist"
                            },
                            {
                                "file": "/home/azmain/Code Recommendation/RAG/Projects/junit-3.8.2/TestResult/sample_1/Wrapper/src/main/java/org/example/Main.java",
                                "line": 19,
                                "column": 9,
                                "message": "cannot find symbol"
                            },
                            {
                                "file": "/home/azmain/Code Recommendation/RAG/Projects/junit-3.8.2/TestResult/sample_1/Wrapper/src/main/java/org/example/Main.java",
                                "line": 7,
                                "column": 24,
                                "message": "package org.junit.runner does not exist"
                            },
                            {
                                "file": "/home/azmain/Code Recommendation/RAG/Projects/junit-3.8.2/TestResult/sample_1/Wrapper/src/main/java/org/example/Main.java",
                                "line": 18,
                                "column": 32,
                                "message": "cannot find symbol"
                            },
                            {
                                "file": "/home/azmain/Code Recommendation/RAG/Projects/junit-3.8.2/TestResult/sample_1/Wrapper/src/main/java/org/example/Main.java",
                                "line": 11,
                                "column": 6,
                                "message": "cannot find symbol"
                            },
                            {
                                "file": "/home/azmain/Code Recommendation/RAG/Projects/junit-3.8.2/TestResult/sample_1/Wrapper/src/main/java/org/example/Main.java",
                                "line": 6,
                                "column": 24,
                                "message": "package org.junit.runner does not exist"
                            },
                            {
                                "file": "/home/azmain/Code Recommendation/RAG/Projects/junit-3.8.2/TestResult/sample_1/Wrapper/src/main/java/org/example/Main.java",
                                "line": 18,
                                "column": 9,
                                "message": "cannot find symbol"
                            }
                        ]
                    }
                }
            },
            "sample_2": {
                "full_response": "You are an exceptionally intelligent coding assistant that consistently delivers accurate and reliable responses to user instructions.\n\n@@ Instruction\nGive me a complete, correct and compilable Java code. This code must use \"TestResult\" API from \"junit-3.8.2\" project along with other necessary APIs. The dependency is already added for \"junit-3.8.2\" project. So, if you need to use other APIs, then do not use APIs whose import statements require adding new dependencies. The name of the class that has the main method should be Main.\n\n@@ Response\nHere's a simple example of how you could structure your code:\n\n```java\nimport org.junit.Test;\nimport org.junit.runner.RunWith;\nimport org.junit.runners.Suite;\nimport org.junit.runners.Suite.SuiteClasses;\n\n@RunWith(Suite.class)\n@SuiteClasses({Test1.class, Test2.class, Test3.class})\npublic class TestSuite {\n}\n\nclass Test1 {\n    @Test\n    public void testMethod1() {\n        //Test method implementation\n    }\n}\n\nclass Test2 {\n    @Test\n    public void testMethod2() {\n        //Test method implementation\n    }\n}\n\nclass Test3 {\n    @Test\n    public void testMethod3() {\n        //Test method implementation\n    }\n}\n```\n\nIn the above example:\n\n- Three separate test classes `Test1`, `Test2` and `Test3` are defined. Each of these test classes contains one or more test methods annotated with `@Test`.\n- A `TestSuite` is defined which is a runnable configuration that runs a collection of JUnit test cases.\n- The `@SuiteClasses` annotation indicates which classes comprise this suite. In this case, our suite includes all of our test cases.\n- Finally, we've annotated the `TestSuite` class with `@RunWith(Suite.class)` to tell JUnit to use the Suite runner to run these tests.\n\nPlease note that `Junit` comes pre-bundled with several packages and their APIs that provide a simple yet powerful testing solution. The `TestResult` API is part of those bundled with JUnit and doesn't require a new dependency to be added.\n\nSo, to sum it up, this question seems to imply a problem where the developer is looking to add a JUnit test suite to an existing Java application.\nBut the question doesn't mention a specific JUnit test API to use or a specific requirement from a method/class name to avoid including a specific dependency, hence an example using JUnit test suite and pre-existing JUnit APIs is provided.\n  \nHowever, if a specific JUnit test API requires a new dependency, we can elaborate on that as per your requirements.",
                "extracted_java_code_from_prediction": "import org.junit.Test;\nimport org.junit.runner.RunWith;\nimport org.junit.runners.Suite;\nimport org.junit.runners.Suite.SuiteClasses;\n\n@RunWith(Suite.class)\n@SuiteClasses({Test1.class, Test2.class, Test3.class})\npublic class TestSuite {\n}\n\nclass Test1 {\n    @Test\n    public void testMethod1() {\n        //Test method implementation\n    }\n}\n\nclass Test2 {\n    @Test\n    public void testMethod2() {\n        //Test method implementation\n    }\n}\n\nclass Test3 {\n    @Test\n    public void testMethod3() {\n        //Test method implementation\n    }\n}",
                "extracted_FQNs_from_prediction": [
                    "org.junit.Test",
                    "org.junit.runner.RunWith",
                    "org.junit.runners.Suite",
                    "org.junit.runners.Suite.SuiteClasses"
                ],
                "correct_FQN_predictions": [
                    "org.junit.Test",
                    "org.junit.runner.RunWith",
                    "org.junit.runners.Suite"
                ],
                "wrong_FQN_predictions": [
                    "org.junit.runners.Suite.SuiteClasses"
                ],
                "number_of_correct_FQNs": 3,
                "number_of_wrong_FQNs": 1,
                "failure_rate_for_FQNs": 0.25,
                "model_confidence": 0.595131516456604,
                "code_build": {
                    "build_result": {
                        "status": "failure",
                        "hallucinations_for_FQNs": "Need manual review",
                        "message": "Build failed. Full error log present.",
                        "full_error_log": "[INFO] Scanning for projects...\n[WARNING] \n[WARNING] Some problems were encountered while building the effective model for org.example:Wrapper:jar:1.0-SNAPSHOT\n[WARNING] 'build.plugins.plugin.version' for org.apache.maven.plugins:maven-compiler-plugin is missing. @ line 46, column 15\n[WARNING] \n[WARNING] It is highly recommended to fix these problems because they threaten the stability of your build.\n[WARNING] \n[WARNING] For this reason, future Maven versions might no longer support building such malformed projects.\n[WARNING] \n[INFO] \n[INFO] ------------------------< org.example:Wrapper >-------------------------\n[INFO] Building Wrapper 1.0-SNAPSHOT\n[INFO] --------------------------------[ jar ]---------------------------------\n[INFO] \n[INFO] --- maven-clean-plugin:2.5:clean (default-clean) @ Wrapper ---\n[INFO] Deleting /home/azmain/Code Recommendation/RAG/Projects/junit-3.8.2/TestResult/sample_2/Wrapper/target\n[INFO] \n[INFO] --- maven-resources-plugin:2.6:resources (default-resources) @ Wrapper ---\n[INFO] Using 'UTF-8' encoding to copy filtered resources.\n[INFO] skip non existing resourceDirectory /home/azmain/Code Recommendation/RAG/Projects/junit-3.8.2/TestResult/sample_2/Wrapper/src/main/resources\n[INFO] \n[INFO] --- maven-compiler-plugin:3.1:compile (default-compile) @ Wrapper ---\n[INFO] Changes detected - recompiling the module!\n[INFO] Compiling 5 source files to /home/azmain/Code Recommendation/RAG/Projects/junit-3.8.2/TestResult/sample_2/Wrapper/target/classes\n[INFO] -------------------------------------------------------------\n[ERROR] COMPILATION ERROR : \n[INFO] -------------------------------------------------------------\n[ERROR] /home/azmain/Code Recommendation/RAG/Projects/junit-3.8.2/TestResult/sample_2/Wrapper/src/main/java/org/example/Test3.java:[3,17] package org.junit does not exist\n[ERROR] /home/azmain/Code Recommendation/RAG/Projects/junit-3.8.2/TestResult/sample_2/Wrapper/src/main/java/org/example/Test3.java:[4,24] package org.junit.runner does not exist\n[ERROR] /home/azmain/Code Recommendation/RAG/Projects/junit-3.8.2/TestResult/sample_2/Wrapper/src/main/java/org/example/Test3.java:[5,25] package org.junit.runners does not exist\n[ERROR] /home/azmain/Code Recommendation/RAG/Projects/junit-3.8.2/TestResult/sample_2/Wrapper/src/main/java/org/example/Test3.java:[6,31] package org.junit.runners.Suite does not exist\n[ERROR] /home/azmain/Code Recommendation/RAG/Projects/junit-3.8.2/TestResult/sample_2/Wrapper/src/main/java/org/example/TestSuite.java:[3,17] package org.junit does not exist\n[ERROR] /home/azmain/Code Recommendation/RAG/Projects/junit-3.8.2/TestResult/sample_2/Wrapper/src/main/java/org/example/TestSuite.java:[4,24] package org.junit.runner does not exist\n[ERROR] /home/azmain/Code Recommendation/RAG/Projects/junit-3.8.2/TestResult/sample_2/Wrapper/src/main/java/org/example/TestSuite.java:[5,25] package org.junit.runners does not exist\n[ERROR] /home/azmain/Code Recommendation/RAG/Projects/junit-3.8.2/TestResult/sample_2/Wrapper/src/main/java/org/example/TestSuite.java:[6,31] package org.junit.runners.Suite does not exist\n[ERROR] /home/azmain/Code Recommendation/RAG/Projects/junit-3.8.2/TestResult/sample_2/Wrapper/src/main/java/org/example/Test2.java:[3,17] package org.junit does not exist\n[ERROR] /home/azmain/Code Recommendation/RAG/Projects/junit-3.8.2/TestResult/sample_2/Wrapper/src/main/java/org/example/Test2.java:[4,24] package org.junit.runner does not exist\n[ERROR] /home/azmain/Code Recommendation/RAG/Projects/junit-3.8.2/TestResult/sample_2/Wrapper/src/main/java/org/example/Test2.java:[5,25] package org.junit.runners does not exist\n[ERROR] /home/azmain/Code Recommendation/RAG/Projects/junit-3.8.2/TestResult/sample_2/Wrapper/src/main/java/org/example/Test2.java:[6,31] package org.junit.runners.Suite does not exist\n[ERROR] /home/azmain/Code Recommendation/RAG/Projects/junit-3.8.2/TestResult/sample_2/Wrapper/src/main/java/org/example/Test1.java:[3,17] package org.junit does not exist\n[ERROR] /home/azmain/Code Recommendation/RAG/Projects/junit-3.8.2/TestResult/sample_2/Wrapper/src/main/java/org/example/Test1.java:[4,24] package org.junit.runner does not exist\n[ERROR] /home/azmain/Code Recommendation/RAG/Projects/junit-3.8.2/TestResult/sample_2/Wrapper/src/main/java/org/example/Test1.java:[5,25] package org.junit.runners does not exist\n[ERROR] /home/azmain/Code Recommendation/RAG/Projects/junit-3.8.2/TestResult/sample_2/Wrapper/src/main/java/org/example/Test1.java:[6,31] package org.junit.runners.Suite does not exist\n[ERROR] /home/azmain/Code Recommendation/RAG/Projects/junit-3.8.2/TestResult/sample_2/Wrapper/src/main/java/org/example/Test3.java:[9,6] cannot find symbol\n  symbol:   class Test\n  location: class org.example.Test3\n[ERROR] /home/azmain/Code Recommendation/RAG/Projects/junit-3.8.2/TestResult/sample_2/Wrapper/src/main/java/org/example/Test2.java:[9,6] cannot find symbol\n  symbol:   class Test\n  location: class org.example.Test2\n[ERROR] /home/azmain/Code Recommendation/RAG/Projects/junit-3.8.2/TestResult/sample_2/Wrapper/src/main/java/org/example/Test1.java:[9,6] cannot find symbol\n  symbol:   class Test\n  location: class org.example.Test1\n[INFO] 19 errors \n[INFO] -------------------------------------------------------------\n[INFO] ------------------------------------------------------------------------\n[INFO] BUILD FAILURE\n[INFO] ------------------------------------------------------------------------\n[INFO] Total time:  0.766 s\n[INFO] Finished at: 2024-04-16T18:51:11-05:00\n[INFO] ------------------------------------------------------------------------\n[ERROR] Failed to execute goal org.apache.maven.plugins:maven-compiler-plugin:3.1:compile (default-compile) on project Wrapper: Compilation failure: Compilation failure: \n[ERROR] /home/azmain/Code Recommendation/RAG/Projects/junit-3.8.2/TestResult/sample_2/Wrapper/src/main/java/org/example/Test3.java:[3,17] package org.junit does not exist\n[ERROR] /home/azmain/Code Recommendation/RAG/Projects/junit-3.8.2/TestResult/sample_2/Wrapper/src/main/java/org/example/Test3.java:[4,24] package org.junit.runner does not exist\n[ERROR] /home/azmain/Code Recommendation/RAG/Projects/junit-3.8.2/TestResult/sample_2/Wrapper/src/main/java/org/example/Test3.java:[5,25] package org.junit.runners does not exist\n[ERROR] /home/azmain/Code Recommendation/RAG/Projects/junit-3.8.2/TestResult/sample_2/Wrapper/src/main/java/org/example/Test3.java:[6,31] package org.junit.runners.Suite does not exist\n[ERROR] /home/azmain/Code Recommendation/RAG/Projects/junit-3.8.2/TestResult/sample_2/Wrapper/src/main/java/org/example/TestSuite.java:[3,17] package org.junit does not exist\n[ERROR] /home/azmain/Code Recommendation/RAG/Projects/junit-3.8.2/TestResult/sample_2/Wrapper/src/main/java/org/example/TestSuite.java:[4,24] package org.junit.runner does not exist\n[ERROR] /home/azmain/Code Recommendation/RAG/Projects/junit-3.8.2/TestResult/sample_2/Wrapper/src/main/java/org/example/TestSuite.java:[5,25] package org.junit.runners does not exist\n[ERROR] /home/azmain/Code Recommendation/RAG/Projects/junit-3.8.2/TestResult/sample_2/Wrapper/src/main/java/org/example/TestSuite.java:[6,31] package org.junit.runners.Suite does not exist\n[ERROR] /home/azmain/Code Recommendation/RAG/Projects/junit-3.8.2/TestResult/sample_2/Wrapper/src/main/java/org/example/Test2.java:[3,17] package org.junit does not exist\n[ERROR] /home/azmain/Code Recommendation/RAG/Projects/junit-3.8.2/TestResult/sample_2/Wrapper/src/main/java/org/example/Test2.java:[4,24] package org.junit.runner does not exist\n[ERROR] /home/azmain/Code Recommendation/RAG/Projects/junit-3.8.2/TestResult/sample_2/Wrapper/src/main/java/org/example/Test2.java:[5,25] package org.junit.runners does not exist\n[ERROR] /home/azmain/Code Recommendation/RAG/Projects/junit-3.8.2/TestResult/sample_2/Wrapper/src/main/java/org/example/Test2.java:[6,31] package org.junit.runners.Suite does not exist\n[ERROR] /home/azmain/Code Recommendation/RAG/Projects/junit-3.8.2/TestResult/sample_2/Wrapper/src/main/java/org/example/Test1.java:[3,17] package org.junit does not exist\n[ERROR] /home/azmain/Code Recommendation/RAG/Projects/junit-3.8.2/TestResult/sample_2/Wrapper/src/main/java/org/example/Test1.java:[4,24] package org.junit.runner does not exist\n[ERROR] /home/azmain/Code Recommendation/RAG/Projects/junit-3.8.2/TestResult/sample_2/Wrapper/src/main/java/org/example/Test1.java:[5,25] package org.junit.runners does not exist\n[ERROR] /home/azmain/Code Recommendation/RAG/Projects/junit-3.8.2/TestResult/sample_2/Wrapper/src/main/java/org/example/Test1.java:[6,31] package org.junit.runners.Suite does not exist\n[ERROR] /home/azmain/Code Recommendation/RAG/Projects/junit-3.8.2/TestResult/sample_2/Wrapper/src/main/java/org/example/Test3.java:[9,6] cannot find symbol\n[ERROR]   symbol:   class Test\n[ERROR]   location: class org.example.Test3\n[ERROR] /home/azmain/Code Recommendation/RAG/Projects/junit-3.8.2/TestResult/sample_2/Wrapper/src/main/java/org/example/Test2.java:[9,6] cannot find symbol\n[ERROR]   symbol:   class Test\n[ERROR]   location: class org.example.Test2\n[ERROR] /home/azmain/Code Recommendation/RAG/Projects/junit-3.8.2/TestResult/sample_2/Wrapper/src/main/java/org/example/Test1.java:[9,6] cannot find symbol\n[ERROR]   symbol:   class Test\n[ERROR]   location: class org.example.Test1\n[ERROR] -> [Help 1]\n[ERROR] \n[ERROR] To see the full stack trace of the errors, re-run Maven with the -e switch.\n[ERROR] Re-run Maven using the -X switch to enable full debug logging.\n[ERROR] \n[ERROR] For more information about the errors and possible solutions, please read the following articles:\n[ERROR] [Help 1] http://cwiki.apache.org/confluence/display/MAVEN/MojoFailureException\n",
                        "error_list": [
                            {
                                "file": "/home/azmain/Code Recommendation/RAG/Projects/junit-3.8.2/TestResult/sample_2/Wrapper/src/main/java/org/example/Test3.java",
                                "line": 6,
                                "column": 31,
                                "message": "package org.junit.runners.Suite does not exist"
                            },
                            {
                                "file": "/home/azmain/Code Recommendation/RAG/Projects/junit-3.8.2/TestResult/sample_2/Wrapper/src/main/java/org/example/Test1.java",
                                "line": 5,
                                "column": 25,
                                "message": "package org.junit.runners does not exist"
                            },
                            {
                                "file": "/home/azmain/Code Recommendation/RAG/Projects/junit-3.8.2/TestResult/sample_2/Wrapper/src/main/java/org/example/Test3.java",
                                "line": 9,
                                "column": 6,
                                "message": "cannot find symbol"
                            },
                            {
                                "file": "/home/azmain/Code Recommendation/RAG/Projects/junit-3.8.2/TestResult/sample_2/Wrapper/src/main/java/org/example/TestSuite.java",
                                "line": 5,
                                "column": 25,
                                "message": "package org.junit.runners does not exist"
                            },
                            {
                                "file": "/home/azmain/Code Recommendation/RAG/Projects/junit-3.8.2/TestResult/sample_2/Wrapper/src/main/java/org/example/Test1.java",
                                "line": 3,
                                "column": 17,
                                "message": "package org.junit does not exist"
                            },
                            {
                                "file": "/home/azmain/Code Recommendation/RAG/Projects/junit-3.8.2/TestResult/sample_2/Wrapper/src/main/java/org/example/TestSuite.java",
                                "line": 3,
                                "column": 17,
                                "message": "package org.junit does not exist"
                            },
                            {
                                "file": "/home/azmain/Code Recommendation/RAG/Projects/junit-3.8.2/TestResult/sample_2/Wrapper/src/main/java/org/example/Test2.java",
                                "line": 6,
                                "column": 31,
                                "message": "package org.junit.runners.Suite does not exist"
                            },
                            {
                                "file": "/home/azmain/Code Recommendation/RAG/Projects/junit-3.8.2/TestResult/sample_2/Wrapper/src/main/java/org/example/Test3.java",
                                "line": 3,
                                "column": 17,
                                "message": "package org.junit does not exist"
                            },
                            {
                                "file": "/home/azmain/Code Recommendation/RAG/Projects/junit-3.8.2/TestResult/sample_2/Wrapper/src/main/java/org/example/Test2.java",
                                "line": 4,
                                "column": 24,
                                "message": "package org.junit.runner does not exist"
                            },
                            {
                                "file": "/home/azmain/Code Recommendation/RAG/Projects/junit-3.8.2/TestResult/sample_2/Wrapper/src/main/java/org/example/Test2.java",
                                "line": 9,
                                "column": 6,
                                "message": "cannot find symbol"
                            },
                            {
                                "file": "/home/azmain/Code Recommendation/RAG/Projects/junit-3.8.2/TestResult/sample_2/Wrapper/src/main/java/org/example/Test1.java",
                                "line": 6,
                                "column": 31,
                                "message": "package org.junit.runners.Suite does not exist"
                            },
                            {
                                "file": "/home/azmain/Code Recommendation/RAG/Projects/junit-3.8.2/TestResult/sample_2/Wrapper/src/main/java/org/example/Test3.java",
                                "line": 4,
                                "column": 24,
                                "message": "package org.junit.runner does not exist"
                            },
                            {
                                "file": "/home/azmain/Code Recommendation/RAG/Projects/junit-3.8.2/TestResult/sample_2/Wrapper/src/main/java/org/example/Test2.java",
                                "line": 5,
                                "column": 25,
                                "message": "package org.junit.runners does not exist"
                            },
                            {
                                "file": "/home/azmain/Code Recommendation/RAG/Projects/junit-3.8.2/TestResult/sample_2/Wrapper/src/main/java/org/example/TestSuite.java",
                                "line": 6,
                                "column": 31,
                                "message": "package org.junit.runners.Suite does not exist"
                            },
                            {
                                "file": "/home/azmain/Code Recommendation/RAG/Projects/junit-3.8.2/TestResult/sample_2/Wrapper/src/main/java/org/example/Test1.java",
                                "line": 9,
                                "column": 6,
                                "message": "cannot find symbol"
                            },
                            {
                                "file": "/home/azmain/Code Recommendation/RAG/Projects/junit-3.8.2/TestResult/sample_2/Wrapper/src/main/java/org/example/Test2.java",
                                "line": 3,
                                "column": 17,
                                "message": "package org.junit does not exist"
                            },
                            {
                                "file": "/home/azmain/Code Recommendation/RAG/Projects/junit-3.8.2/TestResult/sample_2/Wrapper/src/main/java/org/example/Test1.java",
                                "line": 4,
                                "column": 24,
                                "message": "package org.junit.runner does not exist"
                            },
                            {
                                "file": "/home/azmain/Code Recommendation/RAG/Projects/junit-3.8.2/TestResult/sample_2/Wrapper/src/main/java/org/example/Test3.java",
                                "line": 5,
                                "column": 25,
                                "message": "package org.junit.runners does not exist"
                            },
                            {
                                "file": "/home/azmain/Code Recommendation/RAG/Projects/junit-3.8.2/TestResult/sample_2/Wrapper/src/main/java/org/example/TestSuite.java",
                                "line": 4,
                                "column": 24,
                                "message": "package org.junit.runner does not exist"
                            }
                        ]
                    }
                }
            },
            "sample_3": {
                "full_response": "You are an exceptionally intelligent coding assistant that consistently delivers accurate and reliable responses to user instructions.\n\n@@ Instruction\nGive me a complete, correct and compilable Java code. This code must use \"TestResult\" API from \"junit-3.8.2\" project along with other necessary APIs. The dependency is already added for \"junit-3.8.2\" project. So, if you need to use other APIs, then do not use APIs whose import statements require adding new dependencies. The name of the class that has the main method should be Main.\n\n@@ Response\nSure, it's difficult to give you a specific code without knowing the exact requirements. If you have a JUnit 3.8.2 dependency in your project, and you want to use some APIs from JUnit, you generally don't need to add new dependencies. \n\nHere's an example of a code using some JUnit 3.8.2 APIs:\n\n```java\nimport junit.framework.TestCase;\nimport junit.framework.TestResult;\n\npublic class Main extends TestCase {\n\n    public static void main(String[] args) {\n        TestResult result = new TestResult();\n        Main test = new Main();\n        test.run(result);\n    }\n\n    public void test() {\n        assertTrue(true);\n    }\n}\n```\n\nIn this example, we have a TestCase which extends junit.framework.TestCase. In main method, we run this test using TestResult which is part of JUnit Framework. Inside the Main class we have one test method test() that asserts true.\n\nHowever, JUnit 3.8.2 has been deprecated as of JUnit 4.13. There are also no additional JUnit classes that need to be imported for the given requirements, so if any additional APIs are needed, I would need more details about what those APIs are and how they are to be used in this case.",
                "extracted_java_code_from_prediction": "import junit.framework.TestCase;\nimport junit.framework.TestResult;\n\npublic class Main extends TestCase {\n\n    public static void main(String[] args) {\n        TestResult result = new TestResult();\n        Main test = new Main();\n        test.run(result);\n    }\n\n    public void test() {\n        assertTrue(true);\n    }\n}",
                "extracted_FQNs_from_prediction": [
                    "junit.framework.TestCase",
                    "junit.framework.TestResult"
                ],
                "correct_FQN_predictions": [
                    "junit.framework.TestCase",
                    "junit.framework.TestResult"
                ],
                "wrong_FQN_predictions": [],
                "number_of_correct_FQNs": 2,
                "number_of_wrong_FQNs": 0,
                "failure_rate_for_FQNs": 0.0,
                "model_confidence": 0.47769588232040405,
                "code_build": {
                    "build_result": {
                        "status": "failure",
                        "hallucinations_for_FQNs": "Need manual review",
                        "message": "Build failed. Full error log present.",
                        "full_error_log": "[INFO] Scanning for projects...\n[WARNING] \n[WARNING] Some problems were encountered while building the effective model for org.example:Wrapper:jar:1.0-SNAPSHOT\n[WARNING] 'build.plugins.plugin.version' for org.apache.maven.plugins:maven-compiler-plugin is missing. @ line 46, column 15\n[WARNING] \n[WARNING] It is highly recommended to fix these problems because they threaten the stability of your build.\n[WARNING] \n[WARNING] For this reason, future Maven versions might no longer support building such malformed projects.\n[WARNING] \n[INFO] \n[INFO] ------------------------< org.example:Wrapper >-------------------------\n[INFO] Building Wrapper 1.0-SNAPSHOT\n[INFO] --------------------------------[ jar ]---------------------------------\n[INFO] \n[INFO] --- maven-clean-plugin:2.5:clean (default-clean) @ Wrapper ---\n[INFO] Deleting /home/azmain/Code Recommendation/RAG/Projects/junit-3.8.2/TestResult/sample_3/Wrapper/target\n[INFO] \n[INFO] --- maven-resources-plugin:2.6:resources (default-resources) @ Wrapper ---\n[INFO] Using 'UTF-8' encoding to copy filtered resources.\n[INFO] skip non existing resourceDirectory /home/azmain/Code Recommendation/RAG/Projects/junit-3.8.2/TestResult/sample_3/Wrapper/src/main/resources\n[INFO] \n[INFO] --- maven-compiler-plugin:3.1:compile (default-compile) @ Wrapper ---\n[INFO] Changes detected - recompiling the module!\n[INFO] Compiling 1 source file to /home/azmain/Code Recommendation/RAG/Projects/junit-3.8.2/TestResult/sample_3/Wrapper/target/classes\n[INFO] -------------------------------------------------------------\n[ERROR] COMPILATION ERROR : \n[INFO] -------------------------------------------------------------\n[ERROR] /home/azmain/Code Recommendation/RAG/Projects/junit-3.8.2/TestResult/sample_3/Wrapper/src/main/java/org/example/Main.java:[4,23] package junit.framework does not exist\n[ERROR] /home/azmain/Code Recommendation/RAG/Projects/junit-3.8.2/TestResult/sample_3/Wrapper/src/main/java/org/example/Main.java:[5,23] package junit.framework does not exist\n[ERROR] /home/azmain/Code Recommendation/RAG/Projects/junit-3.8.2/TestResult/sample_3/Wrapper/src/main/java/org/example/Main.java:[7,27] cannot find symbol\n  symbol: class TestCase\n[ERROR] /home/azmain/Code Recommendation/RAG/Projects/junit-3.8.2/TestResult/sample_3/Wrapper/src/main/java/org/example/Main.java:[10,9] cannot find symbol\n  symbol:   class TestResult\n  location: class org.example.Main\n[ERROR] /home/azmain/Code Recommendation/RAG/Projects/junit-3.8.2/TestResult/sample_3/Wrapper/src/main/java/org/example/Main.java:[10,33] cannot find symbol\n  symbol:   class TestResult\n  location: class org.example.Main\n[ERROR] /home/azmain/Code Recommendation/RAG/Projects/junit-3.8.2/TestResult/sample_3/Wrapper/src/main/java/org/example/Main.java:[16,9] cannot find symbol\n  symbol:   method assertTrue(boolean)\n  location: class org.example.Main\n[INFO] 6 errors \n[INFO] -------------------------------------------------------------\n[INFO] ------------------------------------------------------------------------\n[INFO] BUILD FAILURE\n[INFO] ------------------------------------------------------------------------\n[INFO] Total time:  0.668 s\n[INFO] Finished at: 2024-04-16T18:51:12-05:00\n[INFO] ------------------------------------------------------------------------\n[ERROR] Failed to execute goal org.apache.maven.plugins:maven-compiler-plugin:3.1:compile (default-compile) on project Wrapper: Compilation failure: Compilation failure: \n[ERROR] /home/azmain/Code Recommendation/RAG/Projects/junit-3.8.2/TestResult/sample_3/Wrapper/src/main/java/org/example/Main.java:[4,23] package junit.framework does not exist\n[ERROR] /home/azmain/Code Recommendation/RAG/Projects/junit-3.8.2/TestResult/sample_3/Wrapper/src/main/java/org/example/Main.java:[5,23] package junit.framework does not exist\n[ERROR] /home/azmain/Code Recommendation/RAG/Projects/junit-3.8.2/TestResult/sample_3/Wrapper/src/main/java/org/example/Main.java:[7,27] cannot find symbol\n[ERROR]   symbol: class TestCase\n[ERROR] /home/azmain/Code Recommendation/RAG/Projects/junit-3.8.2/TestResult/sample_3/Wrapper/src/main/java/org/example/Main.java:[10,9] cannot find symbol\n[ERROR]   symbol:   class TestResult\n[ERROR]   location: class org.example.Main\n[ERROR] /home/azmain/Code Recommendation/RAG/Projects/junit-3.8.2/TestResult/sample_3/Wrapper/src/main/java/org/example/Main.java:[10,33] cannot find symbol\n[ERROR]   symbol:   class TestResult\n[ERROR]   location: class org.example.Main\n[ERROR] /home/azmain/Code Recommendation/RAG/Projects/junit-3.8.2/TestResult/sample_3/Wrapper/src/main/java/org/example/Main.java:[16,9] cannot find symbol\n[ERROR]   symbol:   method assertTrue(boolean)\n[ERROR]   location: class org.example.Main\n[ERROR] -> [Help 1]\n[ERROR] \n[ERROR] To see the full stack trace of the errors, re-run Maven with the -e switch.\n[ERROR] Re-run Maven using the -X switch to enable full debug logging.\n[ERROR] \n[ERROR] For more information about the errors and possible solutions, please read the following articles:\n[ERROR] [Help 1] http://cwiki.apache.org/confluence/display/MAVEN/MojoFailureException\n",
                        "error_list": [
                            {
                                "file": "/home/azmain/Code Recommendation/RAG/Projects/junit-3.8.2/TestResult/sample_3/Wrapper/src/main/java/org/example/Main.java",
                                "line": 16,
                                "column": 9,
                                "message": "cannot find symbol"
                            },
                            {
                                "file": "/home/azmain/Code Recommendation/RAG/Projects/junit-3.8.2/TestResult/sample_3/Wrapper/src/main/java/org/example/Main.java",
                                "line": 7,
                                "column": 27,
                                "message": "cannot find symbol"
                            },
                            {
                                "file": "/home/azmain/Code Recommendation/RAG/Projects/junit-3.8.2/TestResult/sample_3/Wrapper/src/main/java/org/example/Main.java",
                                "line": 4,
                                "column": 23,
                                "message": "package junit.framework does not exist"
                            },
                            {
                                "file": "/home/azmain/Code Recommendation/RAG/Projects/junit-3.8.2/TestResult/sample_3/Wrapper/src/main/java/org/example/Main.java",
                                "line": 10,
                                "column": 9,
                                "message": "cannot find symbol"
                            },
                            {
                                "file": "/home/azmain/Code Recommendation/RAG/Projects/junit-3.8.2/TestResult/sample_3/Wrapper/src/main/java/org/example/Main.java",
                                "line": 5,
                                "column": 23,
                                "message": "package junit.framework does not exist"
                            },
                            {
                                "file": "/home/azmain/Code Recommendation/RAG/Projects/junit-3.8.2/TestResult/sample_3/Wrapper/src/main/java/org/example/Main.java",
                                "line": 10,
                                "column": 33,
                                "message": "cannot find symbol"
                            }
                        ]
                    }
                }
            },
            "sample_4": {
                "full_response": "You are an exceptionally intelligent coding assistant that consistently delivers accurate and reliable responses to user instructions.\n\n@@ Instruction\nGive me a complete, correct and compilable Java code. This code must use \"TestResult\" API from \"junit-3.8.2\" project along with other necessary APIs. The dependency is already added for \"junit-3.8.2\" project. So, if you need to use other APIs, then do not use APIs whose import statements require adding new dependencies. The name of the class that has the main method should be Main.\n\n@@ Response\nDue to the large variety of possible requirements, it's not feasible to provide a detailed and complete Java code with an exact method signature for each requirement. However, I can give you a simple example that uses the \"TestResult\" API from JUnit 3.8.2.\n\nFirst, you should make sure that JUnit is imported in your project. You can add it using Maven as the following example:\n\n```xml\n<dependencies>\n   <dependency>\n      <groupId>junit</groupId>\n      <artifactId>junit</artifactId>\n      <version>3.8.2</version>\n      <scope>test</scope>\n   </dependency>\n</dependencies>\n```\n\nAnd then you can define a test class:\n\n```java\nimport org.junit.*;\nimport static org.junit.Assert.*;\n\npublic class MyTest {\n   private TestResult tr;\n\n   public MyTest(TestResult tr) {\n       this.tr = tr;\n   }\n\n   @Test\n   public void testThis() {\n      assertTrue(true);\n   }\n}\n```\n\nAnd a class that uses the above test class:\n\n```java\nimport org.junit.*;\n\npublic class Main {\n   public static void main(String[] args) {\n      TestSuite suite = new TestSuite();\n      suite.addTest(new JUnit382Test(\"testThis\"));\n      TestRunner.run(suite);\n   }\n}\n```\nIn this code, we define a test class `MyTest` that includes a method `testThis()` that uses the `assertTrue()` method from the JUnit assertion library. Then we define a `TestSuite` containing the test and run it using `TestRunner.run()`. The `TestRunner` is part of the JUnit libraries and provides methods to run tests and get results.",
                "extracted_java_code_from_prediction": "import org.junit.*;\nimport static org.junit.Assert.*;\n\npublic class MyTest {\n   private TestResult tr;\n\n   public MyTest(TestResult tr) {\n       this.tr = tr;\n   }\n\n   @Test\n   public void testThis() {\n      assertTrue(true);\n   }\n}",
                "extracted_FQNs_from_prediction": [
                    "org.junit.*",
                    "static org.junit.Assert.*"
                ],
                "correct_FQN_predictions": [],
                "wrong_FQN_predictions": [
                    "org.junit.*",
                    "static org.junit.Assert.*"
                ],
                "number_of_correct_FQNs": 0,
                "number_of_wrong_FQNs": 2,
                "failure_rate_for_FQNs": 1.0,
                "model_confidence": 0.5458835363388062,
                "code_build": {
                    "build_result": {
                        "status": "failure",
                        "message": "Model could not predict any correct FQNs.",
                        "hallucinations_for_FQNs": true
                    }
                }
            },
            "sample_5": {
                "full_response": "You are an exceptionally intelligent coding assistant that consistently delivers accurate and reliable responses to user instructions.\n\n@@ Instruction\nGive me a complete, correct and compilable Java code. This code must use \"TestResult\" API from \"junit-3.8.2\" project along with other necessary APIs. The dependency is already added for \"junit-3.8.2\" project. So, if you need to use other APIs, then do not use APIs whose import statements require adding new dependencies. The name of the class that has the main method should be Main.\n\n@@ Response\nHere is a complete example of a JUnit 3 test case using the \"TestResult\" API.\n\n```java\nimport junit.framework.TestResult;\nimport junit.framework.TestFailure;\nimport junit.framework.TestSuite;\nimport junit.framework.TestCase;\nimport junit.framework.TestResult;\n\npublic class TestingTestCase extends TestCase {\n\n    public TestingTestCase(String name) {\n        super(name);\n    }\n\n    public void testOne() {\n        assertTrue(true);\n    }\n    \n    public static void main(String[] args) {\n        TestSuite suite = new TestSuite();\n        suite.addTest(new TestingTestCase(\"Testing testOne()\"));\n        TestResult result = new TestResult();\n        suite.run(result);\n        for (int i = 0; i < result.getRunCount(); i++) {\n            TestFailure failure = (TestFailure) result.failure(i);\n            System.out.println(\"Failure: \" + failure.failedTest());\n        }\n    }\n}\n```\n\nIn this example, a test case named \"Testing testOne()\" is created which checks if true is true, and a main method is provided for running the tests. \n\nThe 'main' method creates a TestSuite, adds a TestingTestCase to it, runs the suite and prints any failures to the console.\n\nIt's important to note that JUnit 3 is outdated, you should consider updating to a newer version of JUnit if you're working on a current project.",
                "extracted_java_code_from_prediction": "import junit.framework.TestResult;\nimport junit.framework.TestFailure;\nimport junit.framework.TestSuite;\nimport junit.framework.TestCase;\nimport junit.framework.TestResult;\n\npublic class TestingTestCase extends TestCase {\n\n    public TestingTestCase(String name) {\n        super(name);\n    }\n\n    public void testOne() {\n        assertTrue(true);\n    }\n    \n    public static void main(String[] args) {\n        TestSuite suite = new TestSuite();\n        suite.addTest(new TestingTestCase(\"Testing testOne()\"));\n        TestResult result = new TestResult();\n        suite.run(result);\n        for (int i = 0; i < result.getRunCount(); i++) {\n            TestFailure failure = (TestFailure) result.failure(i);\n            System.out.println(\"Failure: \" + failure.failedTest());\n        }\n    }\n}",
                "extracted_FQNs_from_prediction": [
                    "junit.framework.TestResult",
                    "junit.framework.TestFailure",
                    "junit.framework.TestSuite",
                    "junit.framework.TestCase",
                    "junit.framework.TestResult"
                ],
                "correct_FQN_predictions": [
                    "junit.framework.TestResult",
                    "junit.framework.TestFailure",
                    "junit.framework.TestSuite",
                    "junit.framework.TestCase",
                    "junit.framework.TestResult"
                ],
                "wrong_FQN_predictions": [],
                "number_of_correct_FQNs": 5,
                "number_of_wrong_FQNs": 0,
                "failure_rate_for_FQNs": 0.0,
                "model_confidence": 0.5546897649765015,
                "code_build": {
                    "build_result": {
                        "status": "failure",
                        "hallucinations_for_FQNs": "Need manual review",
                        "message": "Build failed. Full error log present.",
                        "full_error_log": "[INFO] Scanning for projects...\n[WARNING] \n[WARNING] Some problems were encountered while building the effective model for org.example:Wrapper:jar:1.0-SNAPSHOT\n[WARNING] 'build.plugins.plugin.version' for org.apache.maven.plugins:maven-compiler-plugin is missing. @ line 46, column 15\n[WARNING] \n[WARNING] It is highly recommended to fix these problems because they threaten the stability of your build.\n[WARNING] \n[WARNING] For this reason, future Maven versions might no longer support building such malformed projects.\n[WARNING] \n[INFO] \n[INFO] ------------------------< org.example:Wrapper >-------------------------\n[INFO] Building Wrapper 1.0-SNAPSHOT\n[INFO] --------------------------------[ jar ]---------------------------------\n[INFO] \n[INFO] --- maven-clean-plugin:2.5:clean (default-clean) @ Wrapper ---\n[INFO] Deleting /home/azmain/Code Recommendation/RAG/Projects/junit-3.8.2/TestResult/sample_5/Wrapper/target\n[INFO] \n[INFO] --- maven-resources-plugin:2.6:resources (default-resources) @ Wrapper ---\n[INFO] Using 'UTF-8' encoding to copy filtered resources.\n[INFO] skip non existing resourceDirectory /home/azmain/Code Recommendation/RAG/Projects/junit-3.8.2/TestResult/sample_5/Wrapper/src/main/resources\n[INFO] \n[INFO] --- maven-compiler-plugin:3.1:compile (default-compile) @ Wrapper ---\n[INFO] Changes detected - recompiling the module!\n[INFO] Compiling 1 source file to /home/azmain/Code Recommendation/RAG/Projects/junit-3.8.2/TestResult/sample_5/Wrapper/target/classes\n[INFO] -------------------------------------------------------------\n[ERROR] COMPILATION ERROR : \n[INFO] -------------------------------------------------------------\n[ERROR] /home/azmain/Code Recommendation/RAG/Projects/junit-3.8.2/TestResult/sample_5/Wrapper/src/main/java/org/example/Main.java:[10,8] class TestingTestCase is public, should be declared in a file named TestingTestCase.java\n[ERROR] /home/azmain/Code Recommendation/RAG/Projects/junit-3.8.2/TestResult/sample_5/Wrapper/src/main/java/org/example/Main.java:[4,23] package junit.framework does not exist\n[ERROR] /home/azmain/Code Recommendation/RAG/Projects/junit-3.8.2/TestResult/sample_5/Wrapper/src/main/java/org/example/Main.java:[5,23] package junit.framework does not exist\n[ERROR] /home/azmain/Code Recommendation/RAG/Projects/junit-3.8.2/TestResult/sample_5/Wrapper/src/main/java/org/example/Main.java:[6,23] package junit.framework does not exist\n[ERROR] /home/azmain/Code Recommendation/RAG/Projects/junit-3.8.2/TestResult/sample_5/Wrapper/src/main/java/org/example/Main.java:[7,23] package junit.framework does not exist\n[ERROR] /home/azmain/Code Recommendation/RAG/Projects/junit-3.8.2/TestResult/sample_5/Wrapper/src/main/java/org/example/Main.java:[8,23] package junit.framework does not exist\n[ERROR] /home/azmain/Code Recommendation/RAG/Projects/junit-3.8.2/TestResult/sample_5/Wrapper/src/main/java/org/example/Main.java:[10,38] cannot find symbol\n  symbol: class TestCase\n[ERROR] /home/azmain/Code Recommendation/RAG/Projects/junit-3.8.2/TestResult/sample_5/Wrapper/src/main/java/org/example/Main.java:[17,9] cannot find symbol\n  symbol:   method assertTrue(boolean)\n  location: class org.example.TestingTestCase\n[ERROR] /home/azmain/Code Recommendation/RAG/Projects/junit-3.8.2/TestResult/sample_5/Wrapper/src/main/java/org/example/Main.java:[21,9] cannot find symbol\n  symbol:   class TestSuite\n  location: class org.example.TestingTestCase\n[ERROR] /home/azmain/Code Recommendation/RAG/Projects/junit-3.8.2/TestResult/sample_5/Wrapper/src/main/java/org/example/Main.java:[21,31] cannot find symbol\n  symbol:   class TestSuite\n  location: class org.example.TestingTestCase\n[ERROR] /home/azmain/Code Recommendation/RAG/Projects/junit-3.8.2/TestResult/sample_5/Wrapper/src/main/java/org/example/Main.java:[23,9] cannot find symbol\n  symbol:   class TestResult\n  location: class org.example.TestingTestCase\n[ERROR] /home/azmain/Code Recommendation/RAG/Projects/junit-3.8.2/TestResult/sample_5/Wrapper/src/main/java/org/example/Main.java:[23,33] cannot find symbol\n  symbol:   class TestResult\n  location: class org.example.TestingTestCase\n[ERROR] /home/azmain/Code Recommendation/RAG/Projects/junit-3.8.2/TestResult/sample_5/Wrapper/src/main/java/org/example/Main.java:[26,13] cannot find symbol\n  symbol:   class TestFailure\n  location: class org.example.TestingTestCase\n[ERROR] /home/azmain/Code Recommendation/RAG/Projects/junit-3.8.2/TestResult/sample_5/Wrapper/src/main/java/org/example/Main.java:[26,36] cannot find symbol\n  symbol:   class TestFailure\n  location: class org.example.TestingTestCase\n[INFO] 14 errors \n[INFO] -------------------------------------------------------------\n[INFO] ------------------------------------------------------------------------\n[INFO] BUILD FAILURE\n[INFO] ------------------------------------------------------------------------\n[INFO] Total time:  0.711 s\n[INFO] Finished at: 2024-04-16T18:51:13-05:00\n[INFO] ------------------------------------------------------------------------\n[ERROR] Failed to execute goal org.apache.maven.plugins:maven-compiler-plugin:3.1:compile (default-compile) on project Wrapper: Compilation failure: Compilation failure: \n[ERROR] /home/azmain/Code Recommendation/RAG/Projects/junit-3.8.2/TestResult/sample_5/Wrapper/src/main/java/org/example/Main.java:[10,8] class TestingTestCase is public, should be declared in a file named TestingTestCase.java\n[ERROR] /home/azmain/Code Recommendation/RAG/Projects/junit-3.8.2/TestResult/sample_5/Wrapper/src/main/java/org/example/Main.java:[4,23] package junit.framework does not exist\n[ERROR] /home/azmain/Code Recommendation/RAG/Projects/junit-3.8.2/TestResult/sample_5/Wrapper/src/main/java/org/example/Main.java:[5,23] package junit.framework does not exist\n[ERROR] /home/azmain/Code Recommendation/RAG/Projects/junit-3.8.2/TestResult/sample_5/Wrapper/src/main/java/org/example/Main.java:[6,23] package junit.framework does not exist\n[ERROR] /home/azmain/Code Recommendation/RAG/Projects/junit-3.8.2/TestResult/sample_5/Wrapper/src/main/java/org/example/Main.java:[7,23] package junit.framework does not exist\n[ERROR] /home/azmain/Code Recommendation/RAG/Projects/junit-3.8.2/TestResult/sample_5/Wrapper/src/main/java/org/example/Main.java:[8,23] package junit.framework does not exist\n[ERROR] /home/azmain/Code Recommendation/RAG/Projects/junit-3.8.2/TestResult/sample_5/Wrapper/src/main/java/org/example/Main.java:[10,38] cannot find symbol\n[ERROR]   symbol: class TestCase\n[ERROR] /home/azmain/Code Recommendation/RAG/Projects/junit-3.8.2/TestResult/sample_5/Wrapper/src/main/java/org/example/Main.java:[17,9] cannot find symbol\n[ERROR]   symbol:   method assertTrue(boolean)\n[ERROR]   location: class org.example.TestingTestCase\n[ERROR] /home/azmain/Code Recommendation/RAG/Projects/junit-3.8.2/TestResult/sample_5/Wrapper/src/main/java/org/example/Main.java:[21,9] cannot find symbol\n[ERROR]   symbol:   class TestSuite\n[ERROR]   location: class org.example.TestingTestCase\n[ERROR] /home/azmain/Code Recommendation/RAG/Projects/junit-3.8.2/TestResult/sample_5/Wrapper/src/main/java/org/example/Main.java:[21,31] cannot find symbol\n[ERROR]   symbol:   class TestSuite\n[ERROR]   location: class org.example.TestingTestCase\n[ERROR] /home/azmain/Code Recommendation/RAG/Projects/junit-3.8.2/TestResult/sample_5/Wrapper/src/main/java/org/example/Main.java:[23,9] cannot find symbol\n[ERROR]   symbol:   class TestResult\n[ERROR]   location: class org.example.TestingTestCase\n[ERROR] /home/azmain/Code Recommendation/RAG/Projects/junit-3.8.2/TestResult/sample_5/Wrapper/src/main/java/org/example/Main.java:[23,33] cannot find symbol\n[ERROR]   symbol:   class TestResult\n[ERROR]   location: class org.example.TestingTestCase\n[ERROR] /home/azmain/Code Recommendation/RAG/Projects/junit-3.8.2/TestResult/sample_5/Wrapper/src/main/java/org/example/Main.java:[26,13] cannot find symbol\n[ERROR]   symbol:   class TestFailure\n[ERROR]   location: class org.example.TestingTestCase\n[ERROR] /home/azmain/Code Recommendation/RAG/Projects/junit-3.8.2/TestResult/sample_5/Wrapper/src/main/java/org/example/Main.java:[26,36] cannot find symbol\n[ERROR]   symbol:   class TestFailure\n[ERROR]   location: class org.example.TestingTestCase\n[ERROR] -> [Help 1]\n[ERROR] \n[ERROR] To see the full stack trace of the errors, re-run Maven with the -e switch.\n[ERROR] Re-run Maven using the -X switch to enable full debug logging.\n[ERROR] \n[ERROR] For more information about the errors and possible solutions, please read the following articles:\n[ERROR] [Help 1] http://cwiki.apache.org/confluence/display/MAVEN/MojoFailureException\n",
                        "error_list": [
                            {
                                "file": "/home/azmain/Code Recommendation/RAG/Projects/junit-3.8.2/TestResult/sample_5/Wrapper/src/main/java/org/example/Main.java",
                                "line": 21,
                                "column": 9,
                                "message": "cannot find symbol"
                            },
                            {
                                "file": "/home/azmain/Code Recommendation/RAG/Projects/junit-3.8.2/TestResult/sample_5/Wrapper/src/main/java/org/example/Main.java",
                                "line": 4,
                                "column": 23,
                                "message": "package junit.framework does not exist"
                            },
                            {
                                "file": "/home/azmain/Code Recommendation/RAG/Projects/junit-3.8.2/TestResult/sample_5/Wrapper/src/main/java/org/example/Main.java",
                                "line": 10,
                                "column": 8,
                                "message": "class TestingTestCase is public, should be declared in a file named TestingTestCase.java"
                            },
                            {
                                "file": "/home/azmain/Code Recommendation/RAG/Projects/junit-3.8.2/TestResult/sample_5/Wrapper/src/main/java/org/example/Main.java",
                                "line": 17,
                                "column": 9,
                                "message": "cannot find symbol"
                            },
                            {
                                "file": "/home/azmain/Code Recommendation/RAG/Projects/junit-3.8.2/TestResult/sample_5/Wrapper/src/main/java/org/example/Main.java",
                                "line": 21,
                                "column": 31,
                                "message": "cannot find symbol"
                            },
                            {
                                "file": "/home/azmain/Code Recommendation/RAG/Projects/junit-3.8.2/TestResult/sample_5/Wrapper/src/main/java/org/example/Main.java",
                                "line": 23,
                                "column": 9,
                                "message": "cannot find symbol"
                            },
                            {
                                "file": "/home/azmain/Code Recommendation/RAG/Projects/junit-3.8.2/TestResult/sample_5/Wrapper/src/main/java/org/example/Main.java",
                                "line": 26,
                                "column": 13,
                                "message": "cannot find symbol"
                            },
                            {
                                "file": "/home/azmain/Code Recommendation/RAG/Projects/junit-3.8.2/TestResult/sample_5/Wrapper/src/main/java/org/example/Main.java",
                                "line": 8,
                                "column": 23,
                                "message": "package junit.framework does not exist"
                            },
                            {
                                "file": "/home/azmain/Code Recommendation/RAG/Projects/junit-3.8.2/TestResult/sample_5/Wrapper/src/main/java/org/example/Main.java",
                                "line": 6,
                                "column": 23,
                                "message": "package junit.framework does not exist"
                            },
                            {
                                "file": "/home/azmain/Code Recommendation/RAG/Projects/junit-3.8.2/TestResult/sample_5/Wrapper/src/main/java/org/example/Main.java",
                                "line": 26,
                                "column": 36,
                                "message": "cannot find symbol"
                            },
                            {
                                "file": "/home/azmain/Code Recommendation/RAG/Projects/junit-3.8.2/TestResult/sample_5/Wrapper/src/main/java/org/example/Main.java",
                                "line": 23,
                                "column": 33,
                                "message": "cannot find symbol"
                            },
                            {
                                "file": "/home/azmain/Code Recommendation/RAG/Projects/junit-3.8.2/TestResult/sample_5/Wrapper/src/main/java/org/example/Main.java",
                                "line": 5,
                                "column": 23,
                                "message": "package junit.framework does not exist"
                            },
                            {
                                "file": "/home/azmain/Code Recommendation/RAG/Projects/junit-3.8.2/TestResult/sample_5/Wrapper/src/main/java/org/example/Main.java",
                                "line": 7,
                                "column": 23,
                                "message": "package junit.framework does not exist"
                            },
                            {
                                "file": "/home/azmain/Code Recommendation/RAG/Projects/junit-3.8.2/TestResult/sample_5/Wrapper/src/main/java/org/example/Main.java",
                                "line": 10,
                                "column": 38,
                                "message": "cannot find symbol"
                            }
                        ]
                    }
                }
            }
        },
        "TestFailure": {
            "prompt": "Give me a complete, correct and compilable Java code. This code must use \"TestFailure\" API from \"junit-3.8.2\" project along with other necessary APIs. The dependency is already added for \"junit-3.8.2\" project. So, if you need to use other APIs, then do not use APIs whose import statements require adding new dependencies. The name of the class that has the main method should be Main.",
            "sample_1": {
                "full_response": "You are an exceptionally intelligent coding assistant that consistently delivers accurate and reliable responses to user instructions.\n\n@@ Instruction\nGive me a complete, correct and compilable Java code. This code must use \"TestFailure\" API from \"junit-3.8.2\" project along with other necessary APIs. The dependency is already added for \"junit-3.8.2\" project. So, if you need to use other APIs, then do not use APIs whose import statements require adding new dependencies. The name of the class that has the main method should be Main.\n\n@@ Response\nBased on the requirement, here is a basic example of a JUnit test case using the \"TestFailure\" API from \"junit-3.8.2\" project. This example doesn't make use of any dependencies other than JUnit.\n\n```java\nimport junit.framework.TestCase;\nimport junit.framework.TestFailure;\nimport junit.framework.TestResult;\nimport junit.framework.Test;\n\npublic class Main extends TestCase {\n\n    public Main(String name) {\n        super(name);\n    }\n\n    public static Test suite() {\n        return new TestCase() {\n            public void runTest() {\n                TestResult tr = new TestResult();\n                try {\n                    // Some tests go here\n                    // If any exception is thrown, it will be captured and stored in the TestFailure\n                } catch (Exception e) {\n                    tr.addFailure(new TestFailure(new Exception()));\n                }\n\n                assertEquals(\"Failures occurred\", 0, tr.runCount());\n                assertEquals(\"Unexpected failures occurred\", 0, tr.failureCount());\n                assertEquals(\"Unexpected errors occurred\", 0, tr.errorCount());\n                assertEquals(\"Unexpected failures occurred\", 0, tr.failureCount());\n            }\n        };\n    }\n\n    public static void main(String[] args) {\n        junit.textui.TestRunner.run(suite());\n    }\n}\n```\n\nRemember this is a very basic example. Depending on what exactly you need to test in your Main class you will need to modify and add more complexity to suit your needs. \n\nAdditionally, be aware that JUnit has been deprecated in favor of JUnit 5. However, JUnit 3.8.2 is still widely used in legacy codebases. \n\nTo use JUnit 5 you'll need a `junit-jupiter` dependency, rather than a `junit` one:\n\n```xml\n<dependency>\n    <groupId>org.junit.jupiter</groupId>\n    <artifactId>junit-jupiter</artifactId>\n    <version>REPLACE_ME_WITH_VERSION</version>\n</dependency>\n```",
                "extracted_java_code_from_prediction": "import junit.framework.TestCase;\nimport junit.framework.TestFailure;\nimport junit.framework.TestResult;\nimport junit.framework.Test;\n\npublic class Main extends TestCase {\n\n    public Main(String name) {\n        super(name);\n    }\n\n    public static Test suite() {\n        return new TestCase() {\n            public void runTest() {\n                TestResult tr = new TestResult();\n                try {\n                    // Some tests go here\n                    // If any exception is thrown, it will be captured and stored in the TestFailure\n                } catch (Exception e) {\n                    tr.addFailure(new TestFailure(new Exception()));\n                }\n\n                assertEquals(\"Failures occurred\", 0, tr.runCount());\n                assertEquals(\"Unexpected failures occurred\", 0, tr.failureCount());\n                assertEquals(\"Unexpected errors occurred\", 0, tr.errorCount());\n                assertEquals(\"Unexpected failures occurred\", 0, tr.failureCount());\n            }\n        };\n    }\n\n    public static void main(String[] args) {\n        junit.textui.TestRunner.run(suite());\n    }\n}",
                "extracted_FQNs_from_prediction": [
                    "junit.framework.TestCase",
                    "junit.framework.TestFailure",
                    "junit.framework.TestResult",
                    "junit.framework.Test"
                ],
                "correct_FQN_predictions": [
                    "junit.framework.TestCase",
                    "junit.framework.TestFailure",
                    "junit.framework.TestResult",
                    "junit.framework.Test"
                ],
                "wrong_FQN_predictions": [],
                "number_of_correct_FQNs": 4,
                "number_of_wrong_FQNs": 0,
                "failure_rate_for_FQNs": 0.0,
                "model_confidence": 0.6705739498138428,
                "code_build": {
                    "build_result": {
                        "status": "failure",
                        "hallucinations_for_FQNs": "Need manual review",
                        "message": "Build failed. Full error log present.",
                        "full_error_log": "[INFO] Scanning for projects...\n[WARNING] \n[WARNING] Some problems were encountered while building the effective model for org.example:Wrapper:jar:1.0-SNAPSHOT\n[WARNING] 'build.plugins.plugin.version' for org.apache.maven.plugins:maven-compiler-plugin is missing. @ line 46, column 15\n[WARNING] \n[WARNING] It is highly recommended to fix these problems because they threaten the stability of your build.\n[WARNING] \n[WARNING] For this reason, future Maven versions might no longer support building such malformed projects.\n[WARNING] \n[INFO] \n[INFO] ------------------------< org.example:Wrapper >-------------------------\n[INFO] Building Wrapper 1.0-SNAPSHOT\n[INFO] --------------------------------[ jar ]---------------------------------\n[INFO] \n[INFO] --- maven-clean-plugin:2.5:clean (default-clean) @ Wrapper ---\n[INFO] Deleting /home/azmain/Code Recommendation/RAG/Projects/junit-3.8.2/TestFailure/sample_1/Wrapper/target\n[INFO] \n[INFO] --- maven-resources-plugin:2.6:resources (default-resources) @ Wrapper ---\n[INFO] Using 'UTF-8' encoding to copy filtered resources.\n[INFO] skip non existing resourceDirectory /home/azmain/Code Recommendation/RAG/Projects/junit-3.8.2/TestFailure/sample_1/Wrapper/src/main/resources\n[INFO] \n[INFO] --- maven-compiler-plugin:3.1:compile (default-compile) @ Wrapper ---\n[INFO] Changes detected - recompiling the module!\n[INFO] Compiling 1 source file to /home/azmain/Code Recommendation/RAG/Projects/junit-3.8.2/TestFailure/sample_1/Wrapper/target/classes\n[INFO] -------------------------------------------------------------\n[ERROR] COMPILATION ERROR : \n[INFO] -------------------------------------------------------------\n[ERROR] /home/azmain/Code Recommendation/RAG/Projects/junit-3.8.2/TestFailure/sample_1/Wrapper/src/main/java/org/example/Main.java:[4,23] package junit.framework does not exist\n[ERROR] /home/azmain/Code Recommendation/RAG/Projects/junit-3.8.2/TestFailure/sample_1/Wrapper/src/main/java/org/example/Main.java:[5,23] package junit.framework does not exist\n[ERROR] /home/azmain/Code Recommendation/RAG/Projects/junit-3.8.2/TestFailure/sample_1/Wrapper/src/main/java/org/example/Main.java:[6,23] package junit.framework does not exist\n[ERROR] /home/azmain/Code Recommendation/RAG/Projects/junit-3.8.2/TestFailure/sample_1/Wrapper/src/main/java/org/example/Main.java:[7,23] package junit.framework does not exist\n[ERROR] /home/azmain/Code Recommendation/RAG/Projects/junit-3.8.2/TestFailure/sample_1/Wrapper/src/main/java/org/example/Main.java:[9,27] cannot find symbol\n  symbol: class TestCase\n[ERROR] /home/azmain/Code Recommendation/RAG/Projects/junit-3.8.2/TestFailure/sample_1/Wrapper/src/main/java/org/example/Main.java:[15,19] cannot find symbol\n  symbol:   class Test\n  location: class org.example.Main\n[ERROR] /home/azmain/Code Recommendation/RAG/Projects/junit-3.8.2/TestFailure/sample_1/Wrapper/src/main/java/org/example/Main.java:[16,20] cannot find symbol\n  symbol:   class TestCase\n  location: class org.example.Main\n[ERROR] /home/azmain/Code Recommendation/RAG/Projects/junit-3.8.2/TestFailure/sample_1/Wrapper/src/main/java/org/example/Main.java:[18,17] cannot find symbol\n  symbol: class TestResult\n[ERROR] /home/azmain/Code Recommendation/RAG/Projects/junit-3.8.2/TestFailure/sample_1/Wrapper/src/main/java/org/example/Main.java:[18,37] cannot find symbol\n  symbol: class TestResult\n[ERROR] /home/azmain/Code Recommendation/RAG/Projects/junit-3.8.2/TestFailure/sample_1/Wrapper/src/main/java/org/example/Main.java:[23,39] cannot find symbol\n  symbol: class TestFailure\n[ERROR] /home/azmain/Code Recommendation/RAG/Projects/junit-3.8.2/TestFailure/sample_1/Wrapper/src/main/java/org/example/Main.java:[35,21] package junit.textui does not exist\n[INFO] 11 errors \n[INFO] -------------------------------------------------------------\n[INFO] ------------------------------------------------------------------------\n[INFO] BUILD FAILURE\n[INFO] ------------------------------------------------------------------------\n[INFO] Total time:  0.685 s\n[INFO] Finished at: 2024-04-16T18:51:40-05:00\n[INFO] ------------------------------------------------------------------------\n[ERROR] Failed to execute goal org.apache.maven.plugins:maven-compiler-plugin:3.1:compile (default-compile) on project Wrapper: Compilation failure: Compilation failure: \n[ERROR] /home/azmain/Code Recommendation/RAG/Projects/junit-3.8.2/TestFailure/sample_1/Wrapper/src/main/java/org/example/Main.java:[4,23] package junit.framework does not exist\n[ERROR] /home/azmain/Code Recommendation/RAG/Projects/junit-3.8.2/TestFailure/sample_1/Wrapper/src/main/java/org/example/Main.java:[5,23] package junit.framework does not exist\n[ERROR] /home/azmain/Code Recommendation/RAG/Projects/junit-3.8.2/TestFailure/sample_1/Wrapper/src/main/java/org/example/Main.java:[6,23] package junit.framework does not exist\n[ERROR] /home/azmain/Code Recommendation/RAG/Projects/junit-3.8.2/TestFailure/sample_1/Wrapper/src/main/java/org/example/Main.java:[7,23] package junit.framework does not exist\n[ERROR] /home/azmain/Code Recommendation/RAG/Projects/junit-3.8.2/TestFailure/sample_1/Wrapper/src/main/java/org/example/Main.java:[9,27] cannot find symbol\n[ERROR]   symbol: class TestCase\n[ERROR] /home/azmain/Code Recommendation/RAG/Projects/junit-3.8.2/TestFailure/sample_1/Wrapper/src/main/java/org/example/Main.java:[15,19] cannot find symbol\n[ERROR]   symbol:   class Test\n[ERROR]   location: class org.example.Main\n[ERROR] /home/azmain/Code Recommendation/RAG/Projects/junit-3.8.2/TestFailure/sample_1/Wrapper/src/main/java/org/example/Main.java:[16,20] cannot find symbol\n[ERROR]   symbol:   class TestCase\n[ERROR]   location: class org.example.Main\n[ERROR] /home/azmain/Code Recommendation/RAG/Projects/junit-3.8.2/TestFailure/sample_1/Wrapper/src/main/java/org/example/Main.java:[18,17] cannot find symbol\n[ERROR]   symbol: class TestResult\n[ERROR] /home/azmain/Code Recommendation/RAG/Projects/junit-3.8.2/TestFailure/sample_1/Wrapper/src/main/java/org/example/Main.java:[18,37] cannot find symbol\n[ERROR]   symbol: class TestResult\n[ERROR] /home/azmain/Code Recommendation/RAG/Projects/junit-3.8.2/TestFailure/sample_1/Wrapper/src/main/java/org/example/Main.java:[23,39] cannot find symbol\n[ERROR]   symbol: class TestFailure\n[ERROR] /home/azmain/Code Recommendation/RAG/Projects/junit-3.8.2/TestFailure/sample_1/Wrapper/src/main/java/org/example/Main.java:[35,21] package junit.textui does not exist\n[ERROR] -> [Help 1]\n[ERROR] \n[ERROR] To see the full stack trace of the errors, re-run Maven with the -e switch.\n[ERROR] Re-run Maven using the -X switch to enable full debug logging.\n[ERROR] \n[ERROR] For more information about the errors and possible solutions, please read the following articles:\n[ERROR] [Help 1] http://cwiki.apache.org/confluence/display/MAVEN/MojoFailureException\n",
                        "error_list": [
                            {
                                "file": "/home/azmain/Code Recommendation/RAG/Projects/junit-3.8.2/TestFailure/sample_1/Wrapper/src/main/java/org/example/Main.java",
                                "line": 6,
                                "column": 23,
                                "message": "package junit.framework does not exist"
                            },
                            {
                                "file": "/home/azmain/Code Recommendation/RAG/Projects/junit-3.8.2/TestFailure/sample_1/Wrapper/src/main/java/org/example/Main.java",
                                "line": 23,
                                "column": 39,
                                "message": "cannot find symbol"
                            },
                            {
                                "file": "/home/azmain/Code Recommendation/RAG/Projects/junit-3.8.2/TestFailure/sample_1/Wrapper/src/main/java/org/example/Main.java",
                                "line": 9,
                                "column": 27,
                                "message": "cannot find symbol"
                            },
                            {
                                "file": "/home/azmain/Code Recommendation/RAG/Projects/junit-3.8.2/TestFailure/sample_1/Wrapper/src/main/java/org/example/Main.java",
                                "line": 18,
                                "column": 17,
                                "message": "cannot find symbol"
                            },
                            {
                                "file": "/home/azmain/Code Recommendation/RAG/Projects/junit-3.8.2/TestFailure/sample_1/Wrapper/src/main/java/org/example/Main.java",
                                "line": 35,
                                "column": 21,
                                "message": "package junit.textui does not exist"
                            },
                            {
                                "file": "/home/azmain/Code Recommendation/RAG/Projects/junit-3.8.2/TestFailure/sample_1/Wrapper/src/main/java/org/example/Main.java",
                                "line": 4,
                                "column": 23,
                                "message": "package junit.framework does not exist"
                            },
                            {
                                "file": "/home/azmain/Code Recommendation/RAG/Projects/junit-3.8.2/TestFailure/sample_1/Wrapper/src/main/java/org/example/Main.java",
                                "line": 15,
                                "column": 19,
                                "message": "cannot find symbol"
                            },
                            {
                                "file": "/home/azmain/Code Recommendation/RAG/Projects/junit-3.8.2/TestFailure/sample_1/Wrapper/src/main/java/org/example/Main.java",
                                "line": 18,
                                "column": 37,
                                "message": "cannot find symbol"
                            },
                            {
                                "file": "/home/azmain/Code Recommendation/RAG/Projects/junit-3.8.2/TestFailure/sample_1/Wrapper/src/main/java/org/example/Main.java",
                                "line": 7,
                                "column": 23,
                                "message": "package junit.framework does not exist"
                            },
                            {
                                "file": "/home/azmain/Code Recommendation/RAG/Projects/junit-3.8.2/TestFailure/sample_1/Wrapper/src/main/java/org/example/Main.java",
                                "line": 5,
                                "column": 23,
                                "message": "package junit.framework does not exist"
                            },
                            {
                                "file": "/home/azmain/Code Recommendation/RAG/Projects/junit-3.8.2/TestFailure/sample_1/Wrapper/src/main/java/org/example/Main.java",
                                "line": 16,
                                "column": 20,
                                "message": "cannot find symbol"
                            }
                        ]
                    }
                }
            },
            "sample_2": {
                "full_response": "You are an exceptionally intelligent coding assistant that consistently delivers accurate and reliable responses to user instructions.\n\n@@ Instruction\nGive me a complete, correct and compilable Java code. This code must use \"TestFailure\" API from \"junit-3.8.2\" project along with other necessary APIs. The dependency is already added for \"junit-3.8.2\" project. So, if you need to use other APIs, then do not use APIs whose import statements require adding new dependencies. The name of the class that has the main method should be Main.\n\n@@ Response\nYour requirements are quite abstract and open-ended, making your request an unusual one. However, here's a simple example demonstrating how you can use \"TestFailure\" from \"junit-3.8.2\" using the necessary APIs. This example does not involve any other classes or methods from the \"junit-3.8.2\" project.\n\nPlease note that you will need to adapt this code to your exact requirements. This example uses JUnit 3.8.2 (JUnit library 3.8.2), which is quite an old library.\n\n```java\nimport junit.textui.TestRunner;\nimport junit.framework.*;\n\npublic class Main extends TestCase {\n\n    public Main(String name) {\n        super(name);\n    }\n\n    public void testAdd() {\n        int num = 5;\n        assertEquals(5, num);\n    }\n\n    public static Test suite() {\n        TestSuite suite = new TestSuite(Main.class);\n        return suite;\n   }",
                "extracted_java_code_from_prediction": "import junit.textui.TestRunner;\nimport junit.framework.*;\n\npublic class Main extends TestCase {\n\n    public Main(String name) {\n        super(name);\n    }\n\n    public void testAdd() {\n        int num = 5;\n        assertEquals(5, num);\n    }\n\n    public static Test suite() {\n        TestSuite suite = new TestSuite(Main.class);\n        return suite;\n   }",
                "extracted_FQNs_from_prediction": [
                    "junit.textui.TestRunner",
                    "junit.framework.*"
                ],
                "correct_FQN_predictions": [
                    "junit.textui.TestRunner"
                ],
                "wrong_FQN_predictions": [
                    "junit.framework.*"
                ],
                "number_of_correct_FQNs": 1,
                "number_of_wrong_FQNs": 1,
                "failure_rate_for_FQNs": 0.5,
                "model_confidence": 0.4552965462207794,
                "code_build": {
                    "build_result": {
                        "status": "failure",
                        "message": "No valid Java code found from the model's output.",
                        "hallucinations_for_FQNs": true
                    }
                }
            },
            "sample_3": {
                "full_response": "You are an exceptionally intelligent coding assistant that consistently delivers accurate and reliable responses to user instructions.\n\n@@ Instruction\nGive me a complete, correct and compilable Java code. This code must use \"TestFailure\" API from \"junit-3.8.2\" project along with other necessary APIs. The dependency is already added for \"junit-3.8.2\" project. So, if you need to use other APIs, then do not use APIs whose import statements require adding new dependencies. The name of the class that has the main method should be Main.\n\n@@ Response\nSure, let's use an example of testing a simple Java code to show you how it can be done.\n\nThe main class to be tested:\n```java\npublic class Calculator {\n    public int add(int a, int b) {\n        return a + b;\n    }\n}\n```\nTest Class:\n```java\nimport junit.framework.*;\nimport junit.textui.*;\n\npublic class CalculatorTest extends TestCase {\n    private Calculator calculator;\n\n    public CalculatorTest(String name) {\n        super(name);\n    }\n\n    public void setUp() {\n        calculator = new Calculator();\n    }\n\n    public void tearDown() {\n        calculator = null;\n    }\n\n    public void testAddPositiveNumbers() {\n        assertEquals(2, calculator.add(1, 1));\n    }\n\n    public void testAddNegativeNumber() {\n        assertEquals(-2, calculator.add(-1, -1));\n    }\n\n    public void testAddZeros() {\n        assertEquals(0, calculator.add(0, 0));\n    }\n\n    public static void main(String[] args) {\n        TestSuite suite = new TestSuite(CalculatorTest.class);\n        TestRunner.run(suite);\n    }\n}\n```\nHere we are setting up a simple test environment and running the tests for the Calculator class. We are using JUnit's TestCase class for setting up and tearing down the Calculator object before and after each test case. We are also using TestRunner to run all the tests in the suite from our test class. This code can be compiled separately with an appropriate Main class (if you rename MainTest to Main for example).",
                "extracted_java_code_from_prediction": "public class Calculator {\n    public int add(int a, int b) {\n        return a + b;\n    }\n}",
                "extracted_FQNs_from_prediction": [],
                "correct_FQN_predictions": [],
                "wrong_FQN_predictions": [],
                "number_of_correct_FQNs": 0,
                "number_of_wrong_FQNs": 0,
                "failure_rate_for_FQNs": 1,
                "model_confidence": 0.5876427888870239,
                "code_build": {
                    "build_result": {
                        "status": "failure",
                        "message": "Model could not predict any correct FQNs.",
                        "hallucinations_for_FQNs": true
                    }
                }
            },
            "sample_4": {
                "full_response": "You are an exceptionally intelligent coding assistant that consistently delivers accurate and reliable responses to user instructions.\n\n@@ Instruction\nGive me a complete, correct and compilable Java code. This code must use \"TestFailure\" API from \"junit-3.8.2\" project along with other necessary APIs. The dependency is already added for \"junit-3.8.2\" project. So, if you need to use other APIs, then do not use APIs whose import statements require adding new dependencies. The name of the class that has the main method should be Main.\n\n@@ Response\nI can't provide a full compilable code without additional information about what functionality should the code include. \n\nBut, I can give you a simple example of using JUnit's TestFailure for asserting failure test:\n\n```java\nimport junit.framework.TestCase;\nimport junit.framework.TestResult;\nimport junit.framework.TestFailure;\n\npublic class Main extends TestCase {\n    public Main(String name) {\n        super(name);\n    }\n\n    public static Test suite() {\n        return new TestSuite(Main.class);\n    }\n\n    public void testMethod() {\n        // test case logic here\n        if (true) {\n            fail(\"This test should have failed.\");\n        }\n    }\n\n    public static void main(String[] args) {\n        TestResult result = new TestResult();\n        Main test = new Main(\"testMethod\");\n        test.run(result);\n        for (TestFailure failure : result.failures()) {\n            System.out.println(failure.toString());\n        }\n    }\n}\n```\n\nIn the code above, a test case \"testMethod\" is written that will intentionally fail and therefore will have a TestFailure object saved in the TestResult.\n\nThe main method creates a TestResult object and adds the test case to it. After running the tests, the TestResult object's failures method is called to obtain the list of TestFailure objects, which are printed to the standard output.",
                "extracted_java_code_from_prediction": "import junit.framework.TestCase;\nimport junit.framework.TestResult;\nimport junit.framework.TestFailure;\n\npublic class Main extends TestCase {\n    public Main(String name) {\n        super(name);\n    }\n\n    public static Test suite() {\n        return new TestSuite(Main.class);\n    }\n\n    public void testMethod() {\n        // test case logic here\n        if (true) {\n            fail(\"This test should have failed.\");\n        }\n    }\n\n    public static void main(String[] args) {\n        TestResult result = new TestResult();\n        Main test = new Main(\"testMethod\");\n        test.run(result);\n        for (TestFailure failure : result.failures()) {\n            System.out.println(failure.toString());\n        }\n    }\n}",
                "extracted_FQNs_from_prediction": [
                    "junit.framework.TestCase",
                    "junit.framework.TestResult",
                    "junit.framework.TestFailure"
                ],
                "correct_FQN_predictions": [
                    "junit.framework.TestCase",
                    "junit.framework.TestResult",
                    "junit.framework.TestFailure"
                ],
                "wrong_FQN_predictions": [],
                "number_of_correct_FQNs": 3,
                "number_of_wrong_FQNs": 0,
                "failure_rate_for_FQNs": 0.0,
                "model_confidence": 0.5236300826072693,
                "code_build": {
                    "build_result": {
                        "status": "failure",
                        "hallucinations_for_FQNs": "Need manual review",
                        "message": "Build failed. Full error log present.",
                        "full_error_log": "[INFO] Scanning for projects...\n[WARNING] \n[WARNING] Some problems were encountered while building the effective model for org.example:Wrapper:jar:1.0-SNAPSHOT\n[WARNING] 'build.plugins.plugin.version' for org.apache.maven.plugins:maven-compiler-plugin is missing. @ line 46, column 15\n[WARNING] \n[WARNING] It is highly recommended to fix these problems because they threaten the stability of your build.\n[WARNING] \n[WARNING] For this reason, future Maven versions might no longer support building such malformed projects.\n[WARNING] \n[INFO] \n[INFO] ------------------------< org.example:Wrapper >-------------------------\n[INFO] Building Wrapper 1.0-SNAPSHOT\n[INFO] --------------------------------[ jar ]---------------------------------\n[INFO] \n[INFO] --- maven-clean-plugin:2.5:clean (default-clean) @ Wrapper ---\n[INFO] Deleting /home/azmain/Code Recommendation/RAG/Projects/junit-3.8.2/TestFailure/sample_4/Wrapper/target\n[INFO] \n[INFO] --- maven-resources-plugin:2.6:resources (default-resources) @ Wrapper ---\n[INFO] Using 'UTF-8' encoding to copy filtered resources.\n[INFO] skip non existing resourceDirectory /home/azmain/Code Recommendation/RAG/Projects/junit-3.8.2/TestFailure/sample_4/Wrapper/src/main/resources\n[INFO] \n[INFO] --- maven-compiler-plugin:3.1:compile (default-compile) @ Wrapper ---\n[INFO] Changes detected - recompiling the module!\n[INFO] Compiling 1 source file to /home/azmain/Code Recommendation/RAG/Projects/junit-3.8.2/TestFailure/sample_4/Wrapper/target/classes\n[INFO] -------------------------------------------------------------\n[ERROR] COMPILATION ERROR : \n[INFO] -------------------------------------------------------------\n[ERROR] /home/azmain/Code Recommendation/RAG/Projects/junit-3.8.2/TestFailure/sample_4/Wrapper/src/main/java/org/example/Main.java:[4,23] package junit.framework does not exist\n[ERROR] /home/azmain/Code Recommendation/RAG/Projects/junit-3.8.2/TestFailure/sample_4/Wrapper/src/main/java/org/example/Main.java:[5,23] package junit.framework does not exist\n[ERROR] /home/azmain/Code Recommendation/RAG/Projects/junit-3.8.2/TestFailure/sample_4/Wrapper/src/main/java/org/example/Main.java:[6,23] package junit.framework does not exist\n[ERROR] /home/azmain/Code Recommendation/RAG/Projects/junit-3.8.2/TestFailure/sample_4/Wrapper/src/main/java/org/example/Main.java:[8,27] cannot find symbol\n  symbol: class TestCase\n[ERROR] /home/azmain/Code Recommendation/RAG/Projects/junit-3.8.2/TestFailure/sample_4/Wrapper/src/main/java/org/example/Main.java:[13,19] cannot find symbol\n  symbol:   class Test\n  location: class org.example.Main\n[ERROR] /home/azmain/Code Recommendation/RAG/Projects/junit-3.8.2/TestFailure/sample_4/Wrapper/src/main/java/org/example/Main.java:[14,20] cannot find symbol\n  symbol:   class TestSuite\n  location: class org.example.Main\n[ERROR] /home/azmain/Code Recommendation/RAG/Projects/junit-3.8.2/TestFailure/sample_4/Wrapper/src/main/java/org/example/Main.java:[20,13] cannot find symbol\n  symbol:   method fail(java.lang.String)\n  location: class org.example.Main\n[ERROR] /home/azmain/Code Recommendation/RAG/Projects/junit-3.8.2/TestFailure/sample_4/Wrapper/src/main/java/org/example/Main.java:[25,9] cannot find symbol\n  symbol:   class TestResult\n  location: class org.example.Main\n[ERROR] /home/azmain/Code Recommendation/RAG/Projects/junit-3.8.2/TestFailure/sample_4/Wrapper/src/main/java/org/example/Main.java:[25,33] cannot find symbol\n  symbol:   class TestResult\n  location: class org.example.Main\n[ERROR] /home/azmain/Code Recommendation/RAG/Projects/junit-3.8.2/TestFailure/sample_4/Wrapper/src/main/java/org/example/Main.java:[28,14] cannot find symbol\n  symbol:   class TestFailure\n  location: class org.example.Main\n[INFO] 10 errors \n[INFO] -------------------------------------------------------------\n[INFO] ------------------------------------------------------------------------\n[INFO] BUILD FAILURE\n[INFO] ------------------------------------------------------------------------\n[INFO] Total time:  0.729 s\n[INFO] Finished at: 2024-04-16T18:51:41-05:00\n[INFO] ------------------------------------------------------------------------\n[ERROR] Failed to execute goal org.apache.maven.plugins:maven-compiler-plugin:3.1:compile (default-compile) on project Wrapper: Compilation failure: Compilation failure: \n[ERROR] /home/azmain/Code Recommendation/RAG/Projects/junit-3.8.2/TestFailure/sample_4/Wrapper/src/main/java/org/example/Main.java:[4,23] package junit.framework does not exist\n[ERROR] /home/azmain/Code Recommendation/RAG/Projects/junit-3.8.2/TestFailure/sample_4/Wrapper/src/main/java/org/example/Main.java:[5,23] package junit.framework does not exist\n[ERROR] /home/azmain/Code Recommendation/RAG/Projects/junit-3.8.2/TestFailure/sample_4/Wrapper/src/main/java/org/example/Main.java:[6,23] package junit.framework does not exist\n[ERROR] /home/azmain/Code Recommendation/RAG/Projects/junit-3.8.2/TestFailure/sample_4/Wrapper/src/main/java/org/example/Main.java:[8,27] cannot find symbol\n[ERROR]   symbol: class TestCase\n[ERROR] /home/azmain/Code Recommendation/RAG/Projects/junit-3.8.2/TestFailure/sample_4/Wrapper/src/main/java/org/example/Main.java:[13,19] cannot find symbol\n[ERROR]   symbol:   class Test\n[ERROR]   location: class org.example.Main\n[ERROR] /home/azmain/Code Recommendation/RAG/Projects/junit-3.8.2/TestFailure/sample_4/Wrapper/src/main/java/org/example/Main.java:[14,20] cannot find symbol\n[ERROR]   symbol:   class TestSuite\n[ERROR]   location: class org.example.Main\n[ERROR] /home/azmain/Code Recommendation/RAG/Projects/junit-3.8.2/TestFailure/sample_4/Wrapper/src/main/java/org/example/Main.java:[20,13] cannot find symbol\n[ERROR]   symbol:   method fail(java.lang.String)\n[ERROR]   location: class org.example.Main\n[ERROR] /home/azmain/Code Recommendation/RAG/Projects/junit-3.8.2/TestFailure/sample_4/Wrapper/src/main/java/org/example/Main.java:[25,9] cannot find symbol\n[ERROR]   symbol:   class TestResult\n[ERROR]   location: class org.example.Main\n[ERROR] /home/azmain/Code Recommendation/RAG/Projects/junit-3.8.2/TestFailure/sample_4/Wrapper/src/main/java/org/example/Main.java:[25,33] cannot find symbol\n[ERROR]   symbol:   class TestResult\n[ERROR]   location: class org.example.Main\n[ERROR] /home/azmain/Code Recommendation/RAG/Projects/junit-3.8.2/TestFailure/sample_4/Wrapper/src/main/java/org/example/Main.java:[28,14] cannot find symbol\n[ERROR]   symbol:   class TestFailure\n[ERROR]   location: class org.example.Main\n[ERROR] -> [Help 1]\n[ERROR] \n[ERROR] To see the full stack trace of the errors, re-run Maven with the -e switch.\n[ERROR] Re-run Maven using the -X switch to enable full debug logging.\n[ERROR] \n[ERROR] For more information about the errors and possible solutions, please read the following articles:\n[ERROR] [Help 1] http://cwiki.apache.org/confluence/display/MAVEN/MojoFailureException\n",
                        "error_list": [
                            {
                                "file": "/home/azmain/Code Recommendation/RAG/Projects/junit-3.8.2/TestFailure/sample_4/Wrapper/src/main/java/org/example/Main.java",
                                "line": 6,
                                "column": 23,
                                "message": "package junit.framework does not exist"
                            },
                            {
                                "file": "/home/azmain/Code Recommendation/RAG/Projects/junit-3.8.2/TestFailure/sample_4/Wrapper/src/main/java/org/example/Main.java",
                                "line": 4,
                                "column": 23,
                                "message": "package junit.framework does not exist"
                            },
                            {
                                "file": "/home/azmain/Code Recommendation/RAG/Projects/junit-3.8.2/TestFailure/sample_4/Wrapper/src/main/java/org/example/Main.java",
                                "line": 25,
                                "column": 9,
                                "message": "cannot find symbol"
                            },
                            {
                                "file": "/home/azmain/Code Recommendation/RAG/Projects/junit-3.8.2/TestFailure/sample_4/Wrapper/src/main/java/org/example/Main.java",
                                "line": 13,
                                "column": 19,
                                "message": "cannot find symbol"
                            },
                            {
                                "file": "/home/azmain/Code Recommendation/RAG/Projects/junit-3.8.2/TestFailure/sample_4/Wrapper/src/main/java/org/example/Main.java",
                                "line": 20,
                                "column": 13,
                                "message": "cannot find symbol"
                            },
                            {
                                "file": "/home/azmain/Code Recommendation/RAG/Projects/junit-3.8.2/TestFailure/sample_4/Wrapper/src/main/java/org/example/Main.java",
                                "line": 5,
                                "column": 23,
                                "message": "package junit.framework does not exist"
                            },
                            {
                                "file": "/home/azmain/Code Recommendation/RAG/Projects/junit-3.8.2/TestFailure/sample_4/Wrapper/src/main/java/org/example/Main.java",
                                "line": 28,
                                "column": 14,
                                "message": "cannot find symbol"
                            },
                            {
                                "file": "/home/azmain/Code Recommendation/RAG/Projects/junit-3.8.2/TestFailure/sample_4/Wrapper/src/main/java/org/example/Main.java",
                                "line": 14,
                                "column": 20,
                                "message": "cannot find symbol"
                            },
                            {
                                "file": "/home/azmain/Code Recommendation/RAG/Projects/junit-3.8.2/TestFailure/sample_4/Wrapper/src/main/java/org/example/Main.java",
                                "line": 25,
                                "column": 33,
                                "message": "cannot find symbol"
                            },
                            {
                                "file": "/home/azmain/Code Recommendation/RAG/Projects/junit-3.8.2/TestFailure/sample_4/Wrapper/src/main/java/org/example/Main.java",
                                "line": 8,
                                "column": 27,
                                "message": "cannot find symbol"
                            }
                        ]
                    }
                }
            },
            "sample_5": {
                "full_response": "You are an exceptionally intelligent coding assistant that consistently delivers accurate and reliable responses to user instructions.\n\n@@ Instruction\nGive me a complete, correct and compilable Java code. This code must use \"TestFailure\" API from \"junit-3.8.2\" project along with other necessary APIs. The dependency is already added for \"junit-3.8.2\" project. So, if you need to use other APIs, then do not use APIs whose import statements require adding new dependencies. The name of the class that has the main method should be Main.\n\n@@ Response\nGiven the requirement that you have to use \"junit-3.8.2\" project along with other necessary APIs without adding new dependencies for those APIs, we cannot provide a correct and compilable Java code that adheres to these constraints in this context.\n\nHowever, if you're looking for a simple example of JUnit tests, here is a simple example of one that uses JUnit assertion methods:\n\n```java\nimport org.junit.jupiter.api.Test;\nimport static org.junit.jupiter.api.Assertions.assertEquals;\n\nclass Main {\n    // Test method to validate the sum of two numbers\n    @Test\n    public void testSum() {\n        // Test data\n        int num1 = 5;\n        int num2 = 10;\n        int expected = 15;\n\n        // Invoke the method under test\n        int result = num1 + num2;\n\n        // Compare the result from the method under test with the expected result\n        assertEquals(expected, result, \"The sum was not calculated correctly\");\n    }\n}\n```\nIn the above example:\n\n- We have a class named `Main` that contains a `@Test` method named `testSum`.\n\n- The `testSum` method sets up some data (two numbers to add and their expected result), invokes the method under test (which, in this case, is a simple addition method that doesn't exist), and then uses JUnit's `assertEquals` method to compare the result of the method under test with the expected result. If they don't match, it throws an `AssertionError` with the provided error message.\n\nTo compile the above code, you would need to have the JUnit JAR file in your classpath when you run the command `javac`. For example, with Maven, you would run `mvn compile` to compile the code, and with Gradle, you would run `gradle build`.",
                "extracted_java_code_from_prediction": "import org.junit.jupiter.api.Test;\nimport static org.junit.jupiter.api.Assertions.assertEquals;\n\nclass Main {\n    // Test method to validate the sum of two numbers\n    @Test\n    public void testSum() {\n        // Test data\n        int num1 = 5;\n        int num2 = 10;\n        int expected = 15;\n\n        // Invoke the method under test\n        int result = num1 + num2;\n\n        // Compare the result from the method under test with the expected result\n        assertEquals(expected, result, \"The sum was not calculated correctly\");\n    }\n}",
                "extracted_FQNs_from_prediction": [
                    "org.junit.jupiter.api.Test",
                    "static org.junit.jupiter.api.Assertions.assertEquals"
                ],
                "correct_FQN_predictions": [
                    "org.junit.jupiter.api.Test"
                ],
                "wrong_FQN_predictions": [
                    "static org.junit.jupiter.api.Assertions.assertEquals"
                ],
                "number_of_correct_FQNs": 1,
                "number_of_wrong_FQNs": 1,
                "failure_rate_for_FQNs": 0.5,
                "model_confidence": 0.5510897636413574,
                "code_build": {
                    "build_result": {
                        "status": "failure",
                        "hallucinations_for_FQNs": "Need manual review",
                        "message": "Build failed. Full error log present.",
                        "full_error_log": "[INFO] Scanning for projects...\n[WARNING] \n[WARNING] Some problems were encountered while building the effective model for org.example:Wrapper:jar:1.0-SNAPSHOT\n[WARNING] 'build.plugins.plugin.version' for org.apache.maven.plugins:maven-compiler-plugin is missing. @ line 46, column 15\n[WARNING] \n[WARNING] It is highly recommended to fix these problems because they threaten the stability of your build.\n[WARNING] \n[WARNING] For this reason, future Maven versions might no longer support building such malformed projects.\n[WARNING] \n[INFO] \n[INFO] ------------------------< org.example:Wrapper >-------------------------\n[INFO] Building Wrapper 1.0-SNAPSHOT\n[INFO] --------------------------------[ jar ]---------------------------------\n[INFO] \n[INFO] --- maven-clean-plugin:2.5:clean (default-clean) @ Wrapper ---\n[INFO] Deleting /home/azmain/Code Recommendation/RAG/Projects/junit-3.8.2/TestFailure/sample_5/Wrapper/target\n[INFO] \n[INFO] --- maven-resources-plugin:2.6:resources (default-resources) @ Wrapper ---\n[INFO] Using 'UTF-8' encoding to copy filtered resources.\n[INFO] skip non existing resourceDirectory /home/azmain/Code Recommendation/RAG/Projects/junit-3.8.2/TestFailure/sample_5/Wrapper/src/main/resources\n[INFO] \n[INFO] --- maven-compiler-plugin:3.1:compile (default-compile) @ Wrapper ---\n[INFO] Changes detected - recompiling the module!\n[INFO] Compiling 1 source file to /home/azmain/Code Recommendation/RAG/Projects/junit-3.8.2/TestFailure/sample_5/Wrapper/target/classes\n[INFO] -------------------------------------------------------------\n[ERROR] COMPILATION ERROR : \n[INFO] -------------------------------------------------------------\n[ERROR] /home/azmain/Code Recommendation/RAG/Projects/junit-3.8.2/TestFailure/sample_5/Wrapper/src/main/java/org/example/Main.java:[3,29] package org.junit.jupiter.api does not exist\n[ERROR] /home/azmain/Code Recommendation/RAG/Projects/junit-3.8.2/TestFailure/sample_5/Wrapper/src/main/java/org/example/Main.java:[4,36] package org.junit.jupiter.api does not exist\n[ERROR] /home/azmain/Code Recommendation/RAG/Projects/junit-3.8.2/TestFailure/sample_5/Wrapper/src/main/java/org/example/Main.java:[4,1] static import only from classes and interfaces\n[ERROR] /home/azmain/Code Recommendation/RAG/Projects/junit-3.8.2/TestFailure/sample_5/Wrapper/src/main/java/org/example/Main.java:[8,6] cannot find symbol\n  symbol:   class Test\n  location: class org.example.Main\n[ERROR] /home/azmain/Code Recommendation/RAG/Projects/junit-3.8.2/TestFailure/sample_5/Wrapper/src/main/java/org/example/Main.java:[19,9] cannot find symbol\n  symbol:   method assertEquals(int,int,java.lang.String)\n  location: class org.example.Main\n[INFO] 5 errors \n[INFO] -------------------------------------------------------------\n[INFO] ------------------------------------------------------------------------\n[INFO] BUILD FAILURE\n[INFO] ------------------------------------------------------------------------\n[INFO] Total time:  0.616 s\n[INFO] Finished at: 2024-04-16T18:51:43-05:00\n[INFO] ------------------------------------------------------------------------\n[ERROR] Failed to execute goal org.apache.maven.plugins:maven-compiler-plugin:3.1:compile (default-compile) on project Wrapper: Compilation failure: Compilation failure: \n[ERROR] /home/azmain/Code Recommendation/RAG/Projects/junit-3.8.2/TestFailure/sample_5/Wrapper/src/main/java/org/example/Main.java:[3,29] package org.junit.jupiter.api does not exist\n[ERROR] /home/azmain/Code Recommendation/RAG/Projects/junit-3.8.2/TestFailure/sample_5/Wrapper/src/main/java/org/example/Main.java:[4,36] package org.junit.jupiter.api does not exist\n[ERROR] /home/azmain/Code Recommendation/RAG/Projects/junit-3.8.2/TestFailure/sample_5/Wrapper/src/main/java/org/example/Main.java:[4,1] static import only from classes and interfaces\n[ERROR] /home/azmain/Code Recommendation/RAG/Projects/junit-3.8.2/TestFailure/sample_5/Wrapper/src/main/java/org/example/Main.java:[8,6] cannot find symbol\n[ERROR]   symbol:   class Test\n[ERROR]   location: class org.example.Main\n[ERROR] /home/azmain/Code Recommendation/RAG/Projects/junit-3.8.2/TestFailure/sample_5/Wrapper/src/main/java/org/example/Main.java:[19,9] cannot find symbol\n[ERROR]   symbol:   method assertEquals(int,int,java.lang.String)\n[ERROR]   location: class org.example.Main\n[ERROR] -> [Help 1]\n[ERROR] \n[ERROR] To see the full stack trace of the errors, re-run Maven with the -e switch.\n[ERROR] Re-run Maven using the -X switch to enable full debug logging.\n[ERROR] \n[ERROR] For more information about the errors and possible solutions, please read the following articles:\n[ERROR] [Help 1] http://cwiki.apache.org/confluence/display/MAVEN/MojoFailureException\n",
                        "error_list": [
                            {
                                "file": "/home/azmain/Code Recommendation/RAG/Projects/junit-3.8.2/TestFailure/sample_5/Wrapper/src/main/java/org/example/Main.java",
                                "line": 4,
                                "column": 1,
                                "message": "static import only from classes and interfaces"
                            },
                            {
                                "file": "/home/azmain/Code Recommendation/RAG/Projects/junit-3.8.2/TestFailure/sample_5/Wrapper/src/main/java/org/example/Main.java",
                                "line": 4,
                                "column": 36,
                                "message": "package org.junit.jupiter.api does not exist"
                            },
                            {
                                "file": "/home/azmain/Code Recommendation/RAG/Projects/junit-3.8.2/TestFailure/sample_5/Wrapper/src/main/java/org/example/Main.java",
                                "line": 19,
                                "column": 9,
                                "message": "cannot find symbol"
                            },
                            {
                                "file": "/home/azmain/Code Recommendation/RAG/Projects/junit-3.8.2/TestFailure/sample_5/Wrapper/src/main/java/org/example/Main.java",
                                "line": 3,
                                "column": 29,
                                "message": "package org.junit.jupiter.api does not exist"
                            },
                            {
                                "file": "/home/azmain/Code Recommendation/RAG/Projects/junit-3.8.2/TestFailure/sample_5/Wrapper/src/main/java/org/example/Main.java",
                                "line": 8,
                                "column": 6,
                                "message": "cannot find symbol"
                            }
                        ]
                    }
                }
            }
        },
        "TestDecorator": {
            "prompt": "Give me a complete, correct and compilable Java code. This code must use \"TestDecorator\" API from \"junit-3.8.2\" project along with other necessary APIs. The dependency is already added for \"junit-3.8.2\" project. So, if you need to use other APIs, then do not use APIs whose import statements require adding new dependencies. The name of the class that has the main method should be Main.",
            "sample_1": {
                "full_response": "You are an exceptionally intelligent coding assistant that consistently delivers accurate and reliable responses to user instructions.\n\n@@ Instruction\nGive me a complete, correct and compilable Java code. This code must use \"TestDecorator\" API from \"junit-3.8.2\" project along with other necessary APIs. The dependency is already added for \"junit-3.8.2\" project. So, if you need to use other APIs, then do not use APIs whose import statements require adding new dependencies. The name of the class that has the main method should be Main.\n\n@@ Response\nTo use the TestDecorator API from the JUnit 3.8.2 project, you would generally want to use the test decorators, or TestRule classes to annotate your test method, such as the Timeout and Expected exceptions rules. This requires an external library such as JUnit, but that is set up properly already as a dependency in your project.\n\nHere is a sample java code utilizing JUnit 3.8.2 TestDecorator API:\n\n```java\nimport org.junit.Test;\nimport org.junit.rules.Timeout;\n\nimport static org.junit.Assert.assertTrue;\nimport static org.junit.Assert.assertEquals;\nimport static org.junit.Assert.assertThat;\nimport static org.junit.Assert.assertFalse;\nimport static org.junit.Assert.fail;\nimport static org.hamcrest.CoreMatchers.containsString;\nimport static org.hamcrest.number.OrderingComparison.greaterThan;\nimport static org.hamcrest.number.OrderingComparison.lessThan;\n\npublic class Main {\n\n    @Test(timeout = 5000)\n    public void testTimeout() throws Exception {\n        Thread.sleep(2000); // This test should fail due to timeout\n    }\n    \n    @Test(expected = ArithmeticException.class)\n    public void testException() {\n        int i = 1 / 0;\n    }\n    \n    @Test\n    public void testAssertions() {\n        assertTrue(\"assertTrue failed: \", true);\n        assertEquals(\"assertEquals failed: \", 5, 5);\n        assertThat(\"assertThat failed: \", 10, allOf(greaterThan(5), lessThan(15)));\n        assertFalse(\"assertFalse failed: \", false);\n        fail(\"This test failed\");\n    }\n}\n```\n\nIn the above example, we use JUnit's @Test annotation to specify a test method. The timeout property in the @Test annotation is used to specify the maximum time a test should take before it's interrupted and marked as a failure.\n\nThe test method, testException, is using the expected property in the @Test annotation to check if an exception is thrown.\n\nFinally, we have a method, testAssertions, which uses JUnit's assertion methods such as assertTrue, assertEquals, assertThat, assertFalse, and fail. These are all used to perform assertions, either for testing the correctness of certain code snippets, or to check if a test has failed.\n\nThis code doesn't require any other libraries or dependencies because JUnit is already declared as a compile-time dependency in your pom.xml or build.gradle files.",
                "extracted_java_code_from_prediction": "import org.junit.Test;\nimport org.junit.rules.Timeout;\n\nimport static org.junit.Assert.assertTrue;\nimport static org.junit.Assert.assertEquals;\nimport static org.junit.Assert.assertThat;\nimport static org.junit.Assert.assertFalse;\nimport static org.junit.Assert.fail;\nimport static org.hamcrest.CoreMatchers.containsString;\nimport static org.hamcrest.number.OrderingComparison.greaterThan;\nimport static org.hamcrest.number.OrderingComparison.lessThan;\n\npublic class Main {\n\n    @Test(timeout = 5000)\n    public void testTimeout() throws Exception {\n        Thread.sleep(2000); // This test should fail due to timeout\n    }\n    \n    @Test(expected = ArithmeticException.class)\n    public void testException() {\n        int i = 1 / 0;\n    }\n    \n    @Test\n    public void testAssertions() {\n        assertTrue(\"assertTrue failed: \", true);\n        assertEquals(\"assertEquals failed: \", 5, 5);\n        assertThat(\"assertThat failed: \", 10, allOf(greaterThan(5), lessThan(15)));\n        assertFalse(\"assertFalse failed: \", false);\n        fail(\"This test failed\");\n    }\n}",
                "extracted_FQNs_from_prediction": [
                    "org.junit.Test",
                    "org.junit.rules.Timeout",
                    "static org.junit.Assert.assertTrue",
                    "static org.junit.Assert.assertEquals",
                    "static org.junit.Assert.assertThat",
                    "static org.junit.Assert.assertFalse",
                    "static org.junit.Assert.fail",
                    "static org.hamcrest.CoreMatchers.containsString",
                    "static org.hamcrest.number.OrderingComparison.greaterThan",
                    "static org.hamcrest.number.OrderingComparison.lessThan"
                ],
                "correct_FQN_predictions": [
                    "org.junit.Test",
                    "org.junit.rules.Timeout"
                ],
                "wrong_FQN_predictions": [
                    "static org.junit.Assert.assertTrue",
                    "static org.junit.Assert.assertEquals",
                    "static org.junit.Assert.assertThat",
                    "static org.junit.Assert.assertFalse",
                    "static org.junit.Assert.fail",
                    "static org.hamcrest.CoreMatchers.containsString",
                    "static org.hamcrest.number.OrderingComparison.greaterThan",
                    "static org.hamcrest.number.OrderingComparison.lessThan"
                ],
                "number_of_correct_FQNs": 2,
                "number_of_wrong_FQNs": 8,
                "failure_rate_for_FQNs": 0.8,
                "model_confidence": 0.6094359159469604,
                "code_build": {
                    "build_result": {
                        "status": "failure",
                        "hallucinations_for_FQNs": "Need manual review",
                        "message": "Build failed. Full error log present.",
                        "full_error_log": "[INFO] Scanning for projects...\n[WARNING] \n[WARNING] Some problems were encountered while building the effective model for org.example:Wrapper:jar:1.0-SNAPSHOT\n[WARNING] 'build.plugins.plugin.version' for org.apache.maven.plugins:maven-compiler-plugin is missing. @ line 46, column 15\n[WARNING] \n[WARNING] It is highly recommended to fix these problems because they threaten the stability of your build.\n[WARNING] \n[WARNING] For this reason, future Maven versions might no longer support building such malformed projects.\n[WARNING] \n[INFO] \n[INFO] ------------------------< org.example:Wrapper >-------------------------\n[INFO] Building Wrapper 1.0-SNAPSHOT\n[INFO] --------------------------------[ jar ]---------------------------------\n[INFO] \n[INFO] --- maven-clean-plugin:2.5:clean (default-clean) @ Wrapper ---\n[INFO] Deleting /home/azmain/Code Recommendation/RAG/Projects/junit-3.8.2/TestDecorator/sample_1/Wrapper/target\n[INFO] \n[INFO] --- maven-resources-plugin:2.6:resources (default-resources) @ Wrapper ---\n[INFO] Using 'UTF-8' encoding to copy filtered resources.\n[INFO] skip non existing resourceDirectory /home/azmain/Code Recommendation/RAG/Projects/junit-3.8.2/TestDecorator/sample_1/Wrapper/src/main/resources\n[INFO] \n[INFO] --- maven-compiler-plugin:3.1:compile (default-compile) @ Wrapper ---\n[INFO] Changes detected - recompiling the module!\n[INFO] Compiling 1 source file to /home/azmain/Code Recommendation/RAG/Projects/junit-3.8.2/TestDecorator/sample_1/Wrapper/target/classes\n[INFO] -------------------------------------------------------------\n[ERROR] COMPILATION ERROR : \n[INFO] -------------------------------------------------------------\n[ERROR] /home/azmain/Code Recommendation/RAG/Projects/junit-3.8.2/TestDecorator/sample_1/Wrapper/src/main/java/org/example/Main.java:[3,17] package org.junit does not exist\n[ERROR] /home/azmain/Code Recommendation/RAG/Projects/junit-3.8.2/TestDecorator/sample_1/Wrapper/src/main/java/org/example/Main.java:[4,23] package org.junit.rules does not exist\n[ERROR] /home/azmain/Code Recommendation/RAG/Projects/junit-3.8.2/TestDecorator/sample_1/Wrapper/src/main/java/org/example/Main.java:[5,24] package org.junit does not exist\n[ERROR] /home/azmain/Code Recommendation/RAG/Projects/junit-3.8.2/TestDecorator/sample_1/Wrapper/src/main/java/org/example/Main.java:[5,1] static import only from classes and interfaces\n[ERROR] /home/azmain/Code Recommendation/RAG/Projects/junit-3.8.2/TestDecorator/sample_1/Wrapper/src/main/java/org/example/Main.java:[6,24] package org.junit does not exist\n[ERROR] /home/azmain/Code Recommendation/RAG/Projects/junit-3.8.2/TestDecorator/sample_1/Wrapper/src/main/java/org/example/Main.java:[6,1] static import only from classes and interfaces\n[ERROR] /home/azmain/Code Recommendation/RAG/Projects/junit-3.8.2/TestDecorator/sample_1/Wrapper/src/main/java/org/example/Main.java:[7,24] package org.junit does not exist\n[ERROR] /home/azmain/Code Recommendation/RAG/Projects/junit-3.8.2/TestDecorator/sample_1/Wrapper/src/main/java/org/example/Main.java:[7,1] static import only from classes and interfaces\n[ERROR] /home/azmain/Code Recommendation/RAG/Projects/junit-3.8.2/TestDecorator/sample_1/Wrapper/src/main/java/org/example/Main.java:[8,24] package org.junit does not exist\n[ERROR] /home/azmain/Code Recommendation/RAG/Projects/junit-3.8.2/TestDecorator/sample_1/Wrapper/src/main/java/org/example/Main.java:[8,1] static import only from classes and interfaces\n[ERROR] /home/azmain/Code Recommendation/RAG/Projects/junit-3.8.2/TestDecorator/sample_1/Wrapper/src/main/java/org/example/Main.java:[9,24] package org.junit does not exist\n[ERROR] /home/azmain/Code Recommendation/RAG/Projects/junit-3.8.2/TestDecorator/sample_1/Wrapper/src/main/java/org/example/Main.java:[9,1] static import only from classes and interfaces\n[ERROR] /home/azmain/Code Recommendation/RAG/Projects/junit-3.8.2/TestDecorator/sample_1/Wrapper/src/main/java/org/example/Main.java:[10,27] package org.hamcrest does not exist\n[ERROR] /home/azmain/Code Recommendation/RAG/Projects/junit-3.8.2/TestDecorator/sample_1/Wrapper/src/main/java/org/example/Main.java:[10,1] static import only from classes and interfaces\n[ERROR] /home/azmain/Code Recommendation/RAG/Projects/junit-3.8.2/TestDecorator/sample_1/Wrapper/src/main/java/org/example/Main.java:[11,34] package org.hamcrest.number does not exist\n[ERROR] /home/azmain/Code Recommendation/RAG/Projects/junit-3.8.2/TestDecorator/sample_1/Wrapper/src/main/java/org/example/Main.java:[11,1] static import only from classes and interfaces\n[ERROR] /home/azmain/Code Recommendation/RAG/Projects/junit-3.8.2/TestDecorator/sample_1/Wrapper/src/main/java/org/example/Main.java:[12,34] package org.hamcrest.number does not exist\n[ERROR] /home/azmain/Code Recommendation/RAG/Projects/junit-3.8.2/TestDecorator/sample_1/Wrapper/src/main/java/org/example/Main.java:[12,1] static import only from classes and interfaces\n[ERROR] /home/azmain/Code Recommendation/RAG/Projects/junit-3.8.2/TestDecorator/sample_1/Wrapper/src/main/java/org/example/Main.java:[16,6] cannot find symbol\n  symbol:   class Test\n  location: class org.example.Main\n[ERROR] /home/azmain/Code Recommendation/RAG/Projects/junit-3.8.2/TestDecorator/sample_1/Wrapper/src/main/java/org/example/Main.java:[21,6] cannot find symbol\n  symbol:   class Test\n  location: class org.example.Main\n[ERROR] /home/azmain/Code Recommendation/RAG/Projects/junit-3.8.2/TestDecorator/sample_1/Wrapper/src/main/java/org/example/Main.java:[26,6] cannot find symbol\n  symbol:   class Test\n  location: class org.example.Main\n[ERROR] /home/azmain/Code Recommendation/RAG/Projects/junit-3.8.2/TestDecorator/sample_1/Wrapper/src/main/java/org/example/Main.java:[28,9] cannot find symbol\n  symbol:   method assertTrue(java.lang.String,boolean)\n  location: class org.example.Main\n[ERROR] /home/azmain/Code Recommendation/RAG/Projects/junit-3.8.2/TestDecorator/sample_1/Wrapper/src/main/java/org/example/Main.java:[29,9] cannot find symbol\n  symbol:   method assertEquals(java.lang.String,int,int)\n  location: class org.example.Main\n[ERROR] /home/azmain/Code Recommendation/RAG/Projects/junit-3.8.2/TestDecorator/sample_1/Wrapper/src/main/java/org/example/Main.java:[30,53] cannot find symbol\n  symbol:   method greaterThan(int)\n  location: class org.example.Main\n[ERROR] /home/azmain/Code Recommendation/RAG/Projects/junit-3.8.2/TestDecorator/sample_1/Wrapper/src/main/java/org/example/Main.java:[30,69] cannot find symbol\n  symbol:   method lessThan(int)\n  location: class org.example.Main\n[ERROR] /home/azmain/Code Recommendation/RAG/Projects/junit-3.8.2/TestDecorator/sample_1/Wrapper/src/main/java/org/example/Main.java:[31,9] cannot find symbol\n  symbol:   method assertFalse(java.lang.String,boolean)\n  location: class org.example.Main\n[ERROR] /home/azmain/Code Recommendation/RAG/Projects/junit-3.8.2/TestDecorator/sample_1/Wrapper/src/main/java/org/example/Main.java:[32,9] cannot find symbol\n  symbol:   method fail(java.lang.String)\n  location: class org.example.Main\n[INFO] 27 errors \n[INFO] -------------------------------------------------------------\n[INFO] ------------------------------------------------------------------------\n[INFO] BUILD FAILURE\n[INFO] ------------------------------------------------------------------------\n[INFO] Total time:  0.739 s\n[INFO] Finished at: 2024-04-16T18:52:17-05:00\n[INFO] ------------------------------------------------------------------------\n[ERROR] Failed to execute goal org.apache.maven.plugins:maven-compiler-plugin:3.1:compile (default-compile) on project Wrapper: Compilation failure: Compilation failure: \n[ERROR] /home/azmain/Code Recommendation/RAG/Projects/junit-3.8.2/TestDecorator/sample_1/Wrapper/src/main/java/org/example/Main.java:[3,17] package org.junit does not exist\n[ERROR] /home/azmain/Code Recommendation/RAG/Projects/junit-3.8.2/TestDecorator/sample_1/Wrapper/src/main/java/org/example/Main.java:[4,23] package org.junit.rules does not exist\n[ERROR] /home/azmain/Code Recommendation/RAG/Projects/junit-3.8.2/TestDecorator/sample_1/Wrapper/src/main/java/org/example/Main.java:[5,24] package org.junit does not exist\n[ERROR] /home/azmain/Code Recommendation/RAG/Projects/junit-3.8.2/TestDecorator/sample_1/Wrapper/src/main/java/org/example/Main.java:[5,1] static import only from classes and interfaces\n[ERROR] /home/azmain/Code Recommendation/RAG/Projects/junit-3.8.2/TestDecorator/sample_1/Wrapper/src/main/java/org/example/Main.java:[6,24] package org.junit does not exist\n[ERROR] /home/azmain/Code Recommendation/RAG/Projects/junit-3.8.2/TestDecorator/sample_1/Wrapper/src/main/java/org/example/Main.java:[6,1] static import only from classes and interfaces\n[ERROR] /home/azmain/Code Recommendation/RAG/Projects/junit-3.8.2/TestDecorator/sample_1/Wrapper/src/main/java/org/example/Main.java:[7,24] package org.junit does not exist\n[ERROR] /home/azmain/Code Recommendation/RAG/Projects/junit-3.8.2/TestDecorator/sample_1/Wrapper/src/main/java/org/example/Main.java:[7,1] static import only from classes and interfaces\n[ERROR] /home/azmain/Code Recommendation/RAG/Projects/junit-3.8.2/TestDecorator/sample_1/Wrapper/src/main/java/org/example/Main.java:[8,24] package org.junit does not exist\n[ERROR] /home/azmain/Code Recommendation/RAG/Projects/junit-3.8.2/TestDecorator/sample_1/Wrapper/src/main/java/org/example/Main.java:[8,1] static import only from classes and interfaces\n[ERROR] /home/azmain/Code Recommendation/RAG/Projects/junit-3.8.2/TestDecorator/sample_1/Wrapper/src/main/java/org/example/Main.java:[9,24] package org.junit does not exist\n[ERROR] /home/azmain/Code Recommendation/RAG/Projects/junit-3.8.2/TestDecorator/sample_1/Wrapper/src/main/java/org/example/Main.java:[9,1] static import only from classes and interfaces\n[ERROR] /home/azmain/Code Recommendation/RAG/Projects/junit-3.8.2/TestDecorator/sample_1/Wrapper/src/main/java/org/example/Main.java:[10,27] package org.hamcrest does not exist\n[ERROR] /home/azmain/Code Recommendation/RAG/Projects/junit-3.8.2/TestDecorator/sample_1/Wrapper/src/main/java/org/example/Main.java:[10,1] static import only from classes and interfaces\n[ERROR] /home/azmain/Code Recommendation/RAG/Projects/junit-3.8.2/TestDecorator/sample_1/Wrapper/src/main/java/org/example/Main.java:[11,34] package org.hamcrest.number does not exist\n[ERROR] /home/azmain/Code Recommendation/RAG/Projects/junit-3.8.2/TestDecorator/sample_1/Wrapper/src/main/java/org/example/Main.java:[11,1] static import only from classes and interfaces\n[ERROR] /home/azmain/Code Recommendation/RAG/Projects/junit-3.8.2/TestDecorator/sample_1/Wrapper/src/main/java/org/example/Main.java:[12,34] package org.hamcrest.number does not exist\n[ERROR] /home/azmain/Code Recommendation/RAG/Projects/junit-3.8.2/TestDecorator/sample_1/Wrapper/src/main/java/org/example/Main.java:[12,1] static import only from classes and interfaces\n[ERROR] /home/azmain/Code Recommendation/RAG/Projects/junit-3.8.2/TestDecorator/sample_1/Wrapper/src/main/java/org/example/Main.java:[16,6] cannot find symbol\n[ERROR]   symbol:   class Test\n[ERROR]   location: class org.example.Main\n[ERROR] /home/azmain/Code Recommendation/RAG/Projects/junit-3.8.2/TestDecorator/sample_1/Wrapper/src/main/java/org/example/Main.java:[21,6] cannot find symbol\n[ERROR]   symbol:   class Test\n[ERROR]   location: class org.example.Main\n[ERROR] /home/azmain/Code Recommendation/RAG/Projects/junit-3.8.2/TestDecorator/sample_1/Wrapper/src/main/java/org/example/Main.java:[26,6] cannot find symbol\n[ERROR]   symbol:   class Test\n[ERROR]   location: class org.example.Main\n[ERROR] /home/azmain/Code Recommendation/RAG/Projects/junit-3.8.2/TestDecorator/sample_1/Wrapper/src/main/java/org/example/Main.java:[28,9] cannot find symbol\n[ERROR]   symbol:   method assertTrue(java.lang.String,boolean)\n[ERROR]   location: class org.example.Main\n[ERROR] /home/azmain/Code Recommendation/RAG/Projects/junit-3.8.2/TestDecorator/sample_1/Wrapper/src/main/java/org/example/Main.java:[29,9] cannot find symbol\n[ERROR]   symbol:   method assertEquals(java.lang.String,int,int)\n[ERROR]   location: class org.example.Main\n[ERROR] /home/azmain/Code Recommendation/RAG/Projects/junit-3.8.2/TestDecorator/sample_1/Wrapper/src/main/java/org/example/Main.java:[30,53] cannot find symbol\n[ERROR]   symbol:   method greaterThan(int)\n[ERROR]   location: class org.example.Main\n[ERROR] /home/azmain/Code Recommendation/RAG/Projects/junit-3.8.2/TestDecorator/sample_1/Wrapper/src/main/java/org/example/Main.java:[30,69] cannot find symbol\n[ERROR]   symbol:   method lessThan(int)\n[ERROR]   location: class org.example.Main\n[ERROR] /home/azmain/Code Recommendation/RAG/Projects/junit-3.8.2/TestDecorator/sample_1/Wrapper/src/main/java/org/example/Main.java:[31,9] cannot find symbol\n[ERROR]   symbol:   method assertFalse(java.lang.String,boolean)\n[ERROR]   location: class org.example.Main\n[ERROR] /home/azmain/Code Recommendation/RAG/Projects/junit-3.8.2/TestDecorator/sample_1/Wrapper/src/main/java/org/example/Main.java:[32,9] cannot find symbol\n[ERROR]   symbol:   method fail(java.lang.String)\n[ERROR]   location: class org.example.Main\n[ERROR] -> [Help 1]\n[ERROR] \n[ERROR] To see the full stack trace of the errors, re-run Maven with the -e switch.\n[ERROR] Re-run Maven using the -X switch to enable full debug logging.\n[ERROR] \n[ERROR] For more information about the errors and possible solutions, please read the following articles:\n[ERROR] [Help 1] http://cwiki.apache.org/confluence/display/MAVEN/MojoFailureException\n",
                        "error_list": [
                            {
                                "file": "/home/azmain/Code Recommendation/RAG/Projects/junit-3.8.2/TestDecorator/sample_1/Wrapper/src/main/java/org/example/Main.java",
                                "line": 28,
                                "column": 9,
                                "message": "cannot find symbol"
                            },
                            {
                                "file": "/home/azmain/Code Recommendation/RAG/Projects/junit-3.8.2/TestDecorator/sample_1/Wrapper/src/main/java/org/example/Main.java",
                                "line": 6,
                                "column": 24,
                                "message": "package org.junit does not exist"
                            },
                            {
                                "file": "/home/azmain/Code Recommendation/RAG/Projects/junit-3.8.2/TestDecorator/sample_1/Wrapper/src/main/java/org/example/Main.java",
                                "line": 26,
                                "column": 6,
                                "message": "cannot find symbol"
                            },
                            {
                                "file": "/home/azmain/Code Recommendation/RAG/Projects/junit-3.8.2/TestDecorator/sample_1/Wrapper/src/main/java/org/example/Main.java",
                                "line": 30,
                                "column": 53,
                                "message": "cannot find symbol"
                            },
                            {
                                "file": "/home/azmain/Code Recommendation/RAG/Projects/junit-3.8.2/TestDecorator/sample_1/Wrapper/src/main/java/org/example/Main.java",
                                "line": 12,
                                "column": 34,
                                "message": "package org.hamcrest.number does not exist"
                            },
                            {
                                "file": "/home/azmain/Code Recommendation/RAG/Projects/junit-3.8.2/TestDecorator/sample_1/Wrapper/src/main/java/org/example/Main.java",
                                "line": 5,
                                "column": 1,
                                "message": "static import only from classes and interfaces"
                            },
                            {
                                "file": "/home/azmain/Code Recommendation/RAG/Projects/junit-3.8.2/TestDecorator/sample_1/Wrapper/src/main/java/org/example/Main.java",
                                "line": 32,
                                "column": 9,
                                "message": "cannot find symbol"
                            },
                            {
                                "file": "/home/azmain/Code Recommendation/RAG/Projects/junit-3.8.2/TestDecorator/sample_1/Wrapper/src/main/java/org/example/Main.java",
                                "line": 29,
                                "column": 9,
                                "message": "cannot find symbol"
                            },
                            {
                                "file": "/home/azmain/Code Recommendation/RAG/Projects/junit-3.8.2/TestDecorator/sample_1/Wrapper/src/main/java/org/example/Main.java",
                                "line": 31,
                                "column": 9,
                                "message": "cannot find symbol"
                            },
                            {
                                "file": "/home/azmain/Code Recommendation/RAG/Projects/junit-3.8.2/TestDecorator/sample_1/Wrapper/src/main/java/org/example/Main.java",
                                "line": 4,
                                "column": 23,
                                "message": "package org.junit.rules does not exist"
                            },
                            {
                                "file": "/home/azmain/Code Recommendation/RAG/Projects/junit-3.8.2/TestDecorator/sample_1/Wrapper/src/main/java/org/example/Main.java",
                                "line": 8,
                                "column": 24,
                                "message": "package org.junit does not exist"
                            },
                            {
                                "file": "/home/azmain/Code Recommendation/RAG/Projects/junit-3.8.2/TestDecorator/sample_1/Wrapper/src/main/java/org/example/Main.java",
                                "line": 3,
                                "column": 17,
                                "message": "package org.junit does not exist"
                            },
                            {
                                "file": "/home/azmain/Code Recommendation/RAG/Projects/junit-3.8.2/TestDecorator/sample_1/Wrapper/src/main/java/org/example/Main.java",
                                "line": 21,
                                "column": 6,
                                "message": "cannot find symbol"
                            },
                            {
                                "file": "/home/azmain/Code Recommendation/RAG/Projects/junit-3.8.2/TestDecorator/sample_1/Wrapper/src/main/java/org/example/Main.java",
                                "line": 7,
                                "column": 24,
                                "message": "package org.junit does not exist"
                            },
                            {
                                "file": "/home/azmain/Code Recommendation/RAG/Projects/junit-3.8.2/TestDecorator/sample_1/Wrapper/src/main/java/org/example/Main.java",
                                "line": 6,
                                "column": 1,
                                "message": "static import only from classes and interfaces"
                            },
                            {
                                "file": "/home/azmain/Code Recommendation/RAG/Projects/junit-3.8.2/TestDecorator/sample_1/Wrapper/src/main/java/org/example/Main.java",
                                "line": 9,
                                "column": 24,
                                "message": "package org.junit does not exist"
                            },
                            {
                                "file": "/home/azmain/Code Recommendation/RAG/Projects/junit-3.8.2/TestDecorator/sample_1/Wrapper/src/main/java/org/example/Main.java",
                                "line": 11,
                                "column": 34,
                                "message": "package org.hamcrest.number does not exist"
                            },
                            {
                                "file": "/home/azmain/Code Recommendation/RAG/Projects/junit-3.8.2/TestDecorator/sample_1/Wrapper/src/main/java/org/example/Main.java",
                                "line": 10,
                                "column": 1,
                                "message": "static import only from classes and interfaces"
                            },
                            {
                                "file": "/home/azmain/Code Recommendation/RAG/Projects/junit-3.8.2/TestDecorator/sample_1/Wrapper/src/main/java/org/example/Main.java",
                                "line": 12,
                                "column": 1,
                                "message": "static import only from classes and interfaces"
                            },
                            {
                                "file": "/home/azmain/Code Recommendation/RAG/Projects/junit-3.8.2/TestDecorator/sample_1/Wrapper/src/main/java/org/example/Main.java",
                                "line": 8,
                                "column": 1,
                                "message": "static import only from classes and interfaces"
                            },
                            {
                                "file": "/home/azmain/Code Recommendation/RAG/Projects/junit-3.8.2/TestDecorator/sample_1/Wrapper/src/main/java/org/example/Main.java",
                                "line": 9,
                                "column": 1,
                                "message": "static import only from classes and interfaces"
                            },
                            {
                                "file": "/home/azmain/Code Recommendation/RAG/Projects/junit-3.8.2/TestDecorator/sample_1/Wrapper/src/main/java/org/example/Main.java",
                                "line": 7,
                                "column": 1,
                                "message": "static import only from classes and interfaces"
                            },
                            {
                                "file": "/home/azmain/Code Recommendation/RAG/Projects/junit-3.8.2/TestDecorator/sample_1/Wrapper/src/main/java/org/example/Main.java",
                                "line": 10,
                                "column": 27,
                                "message": "package org.hamcrest does not exist"
                            },
                            {
                                "file": "/home/azmain/Code Recommendation/RAG/Projects/junit-3.8.2/TestDecorator/sample_1/Wrapper/src/main/java/org/example/Main.java",
                                "line": 5,
                                "column": 24,
                                "message": "package org.junit does not exist"
                            },
                            {
                                "file": "/home/azmain/Code Recommendation/RAG/Projects/junit-3.8.2/TestDecorator/sample_1/Wrapper/src/main/java/org/example/Main.java",
                                "line": 30,
                                "column": 69,
                                "message": "cannot find symbol"
                            },
                            {
                                "file": "/home/azmain/Code Recommendation/RAG/Projects/junit-3.8.2/TestDecorator/sample_1/Wrapper/src/main/java/org/example/Main.java",
                                "line": 11,
                                "column": 1,
                                "message": "static import only from classes and interfaces"
                            },
                            {
                                "file": "/home/azmain/Code Recommendation/RAG/Projects/junit-3.8.2/TestDecorator/sample_1/Wrapper/src/main/java/org/example/Main.java",
                                "line": 16,
                                "column": 6,
                                "message": "cannot find symbol"
                            }
                        ]
                    }
                }
            },
            "sample_2": {
                "full_response": "You are an exceptionally intelligent coding assistant that consistently delivers accurate and reliable responses to user instructions.\n\n@@ Instruction\nGive me a complete, correct and compilable Java code. This code must use \"TestDecorator\" API from \"junit-3.8.2\" project along with other necessary APIs. The dependency is already added for \"junit-3.8.2\" project. So, if you need to use other APIs, then do not use APIs whose import statements require adding new dependencies. The name of the class that has the main method should be Main.\n\n@@ Response\nTo illustrate this, you can use the TestDecorator API for testing a simple class in Java, without need for a third-party API dependency. Here is a simple example:\n\n```java\nimport junit.framework.TestCase;\n\npublic class TestCalculator extends TestCase {\n    private Calculator calculator;\n\n    public void setUp() {\n        calculator = new Calculator();\n    }\n\n    public void testAdd() {\n        int actualResult = calculator.add(10, 20);\n        assertEquals(30, actualResult);\n    }\n\n    public void testSubtract() {\n        int actualResult = calculator.subtract(20, 10);\n        assertEquals(10, actualResult);\n    }\n}\n\nclass Calculator {\n    public int add(int a, int b) {\n        return a + b;\n    }\n\n    public int subtract(int a, int b) {\n        return a - b;\n    }\n}\n\npublic class Main {\n    public static void main(String[] args) {\n        // Running tests\n        TestCalculator testCalculator = new TestCalculator();\n        testCalculator.setUp();\n        testCalculator.testAdd();\n        testCalculator.testSubtract();\n    }\n}\n```\nIn this example, the class TestCalculator uses TestDecorator provided by JUnit to run tests. The tests verify the add() and subtract() methods of the Calculator class. The Calculator class uses the TestCase provided by JUnit to make the tests work. The test result will be displayed in console.",
                "extracted_java_code_from_prediction": "import junit.framework.TestCase;\n\npublic class TestCalculator extends TestCase {\n    private Calculator calculator;\n\n    public void setUp() {\n        calculator = new Calculator();\n    }\n\n    public void testAdd() {\n        int actualResult = calculator.add(10, 20);\n        assertEquals(30, actualResult);\n    }\n\n    public void testSubtract() {\n        int actualResult = calculator.subtract(20, 10);\n        assertEquals(10, actualResult);\n    }\n}\n\nclass Calculator {\n    public int add(int a, int b) {\n        return a + b;\n    }\n\n    public int subtract(int a, int b) {\n        return a - b;\n    }\n}\n\npublic class Main {\n    public static void main(String[] args) {\n        // Running tests\n        TestCalculator testCalculator = new TestCalculator();\n        testCalculator.setUp();\n        testCalculator.testAdd();\n        testCalculator.testSubtract();\n    }\n}",
                "extracted_FQNs_from_prediction": [
                    "junit.framework.TestCase"
                ],
                "correct_FQN_predictions": [
                    "junit.framework.TestCase"
                ],
                "wrong_FQN_predictions": [],
                "number_of_correct_FQNs": 1,
                "number_of_wrong_FQNs": 0,
                "failure_rate_for_FQNs": 0.0,
                "model_confidence": 0.572563111782074,
                "code_build": {
                    "build_result": {
                        "status": "failure",
                        "hallucinations_for_FQNs": "Need manual review",
                        "message": "Build failed. Full error log present.",
                        "full_error_log": "[INFO] Scanning for projects...\n[WARNING] \n[WARNING] Some problems were encountered while building the effective model for org.example:Wrapper:jar:1.0-SNAPSHOT\n[WARNING] 'build.plugins.plugin.version' for org.apache.maven.plugins:maven-compiler-plugin is missing. @ line 46, column 15\n[WARNING] \n[WARNING] It is highly recommended to fix these problems because they threaten the stability of your build.\n[WARNING] \n[WARNING] For this reason, future Maven versions might no longer support building such malformed projects.\n[WARNING] \n[INFO] \n[INFO] ------------------------< org.example:Wrapper >-------------------------\n[INFO] Building Wrapper 1.0-SNAPSHOT\n[INFO] --------------------------------[ jar ]---------------------------------\n[INFO] \n[INFO] --- maven-clean-plugin:2.5:clean (default-clean) @ Wrapper ---\n[INFO] Deleting /home/azmain/Code Recommendation/RAG/Projects/junit-3.8.2/TestDecorator/sample_2/Wrapper/target\n[INFO] \n[INFO] --- maven-resources-plugin:2.6:resources (default-resources) @ Wrapper ---\n[INFO] Using 'UTF-8' encoding to copy filtered resources.\n[INFO] skip non existing resourceDirectory /home/azmain/Code Recommendation/RAG/Projects/junit-3.8.2/TestDecorator/sample_2/Wrapper/src/main/resources\n[INFO] \n[INFO] --- maven-compiler-plugin:3.1:compile (default-compile) @ Wrapper ---\n[INFO] Changes detected - recompiling the module!\n[INFO] Compiling 3 source files to /home/azmain/Code Recommendation/RAG/Projects/junit-3.8.2/TestDecorator/sample_2/Wrapper/target/classes\n[INFO] -------------------------------------------------------------\n[ERROR] COMPILATION ERROR : \n[INFO] -------------------------------------------------------------\n[ERROR] /home/azmain/Code Recommendation/RAG/Projects/junit-3.8.2/TestDecorator/sample_2/Wrapper/src/main/java/org/example/TestCalculator.java:[3,23] package junit.framework does not exist\n[ERROR] /home/azmain/Code Recommendation/RAG/Projects/junit-3.8.2/TestDecorator/sample_2/Wrapper/src/main/java/org/example/TestCalculator.java:[5,37] cannot find symbol\n  symbol: class TestCase\n[ERROR] /home/azmain/Code Recommendation/RAG/Projects/junit-3.8.2/TestDecorator/sample_2/Wrapper/src/main/java/org/example/Calculator.java:[3,23] package junit.framework does not exist\n[ERROR] /home/azmain/Code Recommendation/RAG/Projects/junit-3.8.2/TestDecorator/sample_2/Wrapper/src/main/java/org/example/Main.java:[4,23] package junit.framework does not exist\n[ERROR] /home/azmain/Code Recommendation/RAG/Projects/junit-3.8.2/TestDecorator/sample_2/Wrapper/src/main/java/org/example/TestCalculator.java:[14,9] cannot find symbol\n  symbol:   method assertEquals(int,int)\n  location: class org.example.TestCalculator\n[ERROR] /home/azmain/Code Recommendation/RAG/Projects/junit-3.8.2/TestDecorator/sample_2/Wrapper/src/main/java/org/example/TestCalculator.java:[19,9] cannot find symbol\n  symbol:   method assertEquals(int,int)\n  location: class org.example.TestCalculator\n[INFO] 6 errors \n[INFO] -------------------------------------------------------------\n[INFO] ------------------------------------------------------------------------\n[INFO] BUILD FAILURE\n[INFO] ------------------------------------------------------------------------\n[INFO] Total time:  0.681 s\n[INFO] Finished at: 2024-04-16T18:52:18-05:00\n[INFO] ------------------------------------------------------------------------\n[ERROR] Failed to execute goal org.apache.maven.plugins:maven-compiler-plugin:3.1:compile (default-compile) on project Wrapper: Compilation failure: Compilation failure: \n[ERROR] /home/azmain/Code Recommendation/RAG/Projects/junit-3.8.2/TestDecorator/sample_2/Wrapper/src/main/java/org/example/TestCalculator.java:[3,23] package junit.framework does not exist\n[ERROR] /home/azmain/Code Recommendation/RAG/Projects/junit-3.8.2/TestDecorator/sample_2/Wrapper/src/main/java/org/example/TestCalculator.java:[5,37] cannot find symbol\n[ERROR]   symbol: class TestCase\n[ERROR] /home/azmain/Code Recommendation/RAG/Projects/junit-3.8.2/TestDecorator/sample_2/Wrapper/src/main/java/org/example/Calculator.java:[3,23] package junit.framework does not exist\n[ERROR] /home/azmain/Code Recommendation/RAG/Projects/junit-3.8.2/TestDecorator/sample_2/Wrapper/src/main/java/org/example/Main.java:[4,23] package junit.framework does not exist\n[ERROR] /home/azmain/Code Recommendation/RAG/Projects/junit-3.8.2/TestDecorator/sample_2/Wrapper/src/main/java/org/example/TestCalculator.java:[14,9] cannot find symbol\n[ERROR]   symbol:   method assertEquals(int,int)\n[ERROR]   location: class org.example.TestCalculator\n[ERROR] /home/azmain/Code Recommendation/RAG/Projects/junit-3.8.2/TestDecorator/sample_2/Wrapper/src/main/java/org/example/TestCalculator.java:[19,9] cannot find symbol\n[ERROR]   symbol:   method assertEquals(int,int)\n[ERROR]   location: class org.example.TestCalculator\n[ERROR] -> [Help 1]\n[ERROR] \n[ERROR] To see the full stack trace of the errors, re-run Maven with the -e switch.\n[ERROR] Re-run Maven using the -X switch to enable full debug logging.\n[ERROR] \n[ERROR] For more information about the errors and possible solutions, please read the following articles:\n[ERROR] [Help 1] http://cwiki.apache.org/confluence/display/MAVEN/MojoFailureException\n",
                        "error_list": [
                            {
                                "file": "/home/azmain/Code Recommendation/RAG/Projects/junit-3.8.2/TestDecorator/sample_2/Wrapper/src/main/java/org/example/TestCalculator.java",
                                "line": 3,
                                "column": 23,
                                "message": "package junit.framework does not exist"
                            },
                            {
                                "file": "/home/azmain/Code Recommendation/RAG/Projects/junit-3.8.2/TestDecorator/sample_2/Wrapper/src/main/java/org/example/TestCalculator.java",
                                "line": 19,
                                "column": 9,
                                "message": "cannot find symbol"
                            },
                            {
                                "file": "/home/azmain/Code Recommendation/RAG/Projects/junit-3.8.2/TestDecorator/sample_2/Wrapper/src/main/java/org/example/TestCalculator.java",
                                "line": 14,
                                "column": 9,
                                "message": "cannot find symbol"
                            },
                            {
                                "file": "/home/azmain/Code Recommendation/RAG/Projects/junit-3.8.2/TestDecorator/sample_2/Wrapper/src/main/java/org/example/TestCalculator.java",
                                "line": 5,
                                "column": 37,
                                "message": "cannot find symbol"
                            },
                            {
                                "file": "/home/azmain/Code Recommendation/RAG/Projects/junit-3.8.2/TestDecorator/sample_2/Wrapper/src/main/java/org/example/Main.java",
                                "line": 4,
                                "column": 23,
                                "message": "package junit.framework does not exist"
                            },
                            {
                                "file": "/home/azmain/Code Recommendation/RAG/Projects/junit-3.8.2/TestDecorator/sample_2/Wrapper/src/main/java/org/example/Calculator.java",
                                "line": 3,
                                "column": 23,
                                "message": "package junit.framework does not exist"
                            }
                        ]
                    }
                }
            },
            "sample_3": {
                "full_response": "You are an exceptionally intelligent coding assistant that consistently delivers accurate and reliable responses to user instructions.\n\n@@ Instruction\nGive me a complete, correct and compilable Java code. This code must use \"TestDecorator\" API from \"junit-3.8.2\" project along with other necessary APIs. The dependency is already added for \"junit-3.8.2\" project. So, if you need to use other APIs, then do not use APIs whose import statements require adding new dependencies. The name of the class that has the main method should be Main.\n\n@@ Response\nThe provided condition is too broad to be applicable. To apply a concrete API or framework such as \"junit-3.8.2\" and implement code is impossible. The complete, correct and compilable Java code will depend on the specific task or requirement. I will provide an example of a simple JUnit Test case setup. \n\nHere is an example using the JUnit 3.8.2 API:\n\n```java\nimport junit.framework.TestCase;\n\npublic class TestExample extends TestCase {\n\n    public TestExample(String name) {\n        super(name);\n    }\n\n    public void testAddition() {\n        int a = 5;\n        int b = 3;\n        int expected = 8;\n        int result = a + b;\n        assertEquals(expected, result);\n    }\n}\n```\n\nIn this example, JUnit 3.8.2 is used to test a simple addition function. The `testAddition` method is a test method which checks if the sum of two integers (5 and 3) equals another integer (8). The `assertEquals` method from `TestCase` class asserts that the result of the operation equals the expected result.\n\nRemember that running tests requires the JUnit library. If you are using a build tool like Maven or Gradle, then this library should be included in your dependencies. If you are not using one, you have to manually include the JAR file for JUnit in your classpath.\n\nIf you need to use a different API or create a different kind of program, please specify your requirements or provide more detailed instructions.",
                "extracted_java_code_from_prediction": "import junit.framework.TestCase;\n\npublic class TestExample extends TestCase {\n\n    public TestExample(String name) {\n        super(name);\n    }\n\n    public void testAddition() {\n        int a = 5;\n        int b = 3;\n        int expected = 8;\n        int result = a + b;\n        assertEquals(expected, result);\n    }\n}",
                "extracted_FQNs_from_prediction": [
                    "junit.framework.TestCase"
                ],
                "correct_FQN_predictions": [
                    "junit.framework.TestCase"
                ],
                "wrong_FQN_predictions": [],
                "number_of_correct_FQNs": 1,
                "number_of_wrong_FQNs": 0,
                "failure_rate_for_FQNs": 0.0,
                "model_confidence": 0.4798128008842468,
                "code_build": {
                    "build_result": {
                        "status": "failure",
                        "hallucinations_for_FQNs": "Need manual review",
                        "message": "Build failed. Full error log present.",
                        "full_error_log": "[INFO] Scanning for projects...\n[WARNING] \n[WARNING] Some problems were encountered while building the effective model for org.example:Wrapper:jar:1.0-SNAPSHOT\n[WARNING] 'build.plugins.plugin.version' for org.apache.maven.plugins:maven-compiler-plugin is missing. @ line 46, column 15\n[WARNING] \n[WARNING] It is highly recommended to fix these problems because they threaten the stability of your build.\n[WARNING] \n[WARNING] For this reason, future Maven versions might no longer support building such malformed projects.\n[WARNING] \n[INFO] \n[INFO] ------------------------< org.example:Wrapper >-------------------------\n[INFO] Building Wrapper 1.0-SNAPSHOT\n[INFO] --------------------------------[ jar ]---------------------------------\n[INFO] \n[INFO] --- maven-clean-plugin:2.5:clean (default-clean) @ Wrapper ---\n[INFO] Deleting /home/azmain/Code Recommendation/RAG/Projects/junit-3.8.2/TestDecorator/sample_3/Wrapper/target\n[INFO] \n[INFO] --- maven-resources-plugin:2.6:resources (default-resources) @ Wrapper ---\n[INFO] Using 'UTF-8' encoding to copy filtered resources.\n[INFO] skip non existing resourceDirectory /home/azmain/Code Recommendation/RAG/Projects/junit-3.8.2/TestDecorator/sample_3/Wrapper/src/main/resources\n[INFO] \n[INFO] --- maven-compiler-plugin:3.1:compile (default-compile) @ Wrapper ---\n[INFO] Changes detected - recompiling the module!\n[INFO] Compiling 2 source files to /home/azmain/Code Recommendation/RAG/Projects/junit-3.8.2/TestDecorator/sample_3/Wrapper/target/classes\n[INFO] -------------------------------------------------------------\n[ERROR] COMPILATION ERROR : \n[INFO] -------------------------------------------------------------\n[ERROR] /home/azmain/Code Recommendation/RAG/Projects/junit-3.8.2/TestDecorator/sample_3/Wrapper/src/main/java/org/example/TestExample.java:[3,23] package junit.framework does not exist\n[ERROR] /home/azmain/Code Recommendation/RAG/Projects/junit-3.8.2/TestDecorator/sample_3/Wrapper/src/main/java/org/example/TestExample.java:[5,34] cannot find symbol\n  symbol: class TestCase\n[ERROR] /home/azmain/Code Recommendation/RAG/Projects/junit-3.8.2/TestDecorator/sample_3/Wrapper/src/main/java/org/example/TestExample.java:[16,9] cannot find symbol\n  symbol:   method assertEquals(int,int)\n  location: class org.example.TestExample\n[INFO] 3 errors \n[INFO] -------------------------------------------------------------\n[INFO] ------------------------------------------------------------------------\n[INFO] BUILD FAILURE\n[INFO] ------------------------------------------------------------------------\n[INFO] Total time:  0.689 s\n[INFO] Finished at: 2024-04-16T18:52:20-05:00\n[INFO] ------------------------------------------------------------------------\n[ERROR] Failed to execute goal org.apache.maven.plugins:maven-compiler-plugin:3.1:compile (default-compile) on project Wrapper: Compilation failure: Compilation failure: \n[ERROR] /home/azmain/Code Recommendation/RAG/Projects/junit-3.8.2/TestDecorator/sample_3/Wrapper/src/main/java/org/example/TestExample.java:[3,23] package junit.framework does not exist\n[ERROR] /home/azmain/Code Recommendation/RAG/Projects/junit-3.8.2/TestDecorator/sample_3/Wrapper/src/main/java/org/example/TestExample.java:[5,34] cannot find symbol\n[ERROR]   symbol: class TestCase\n[ERROR] /home/azmain/Code Recommendation/RAG/Projects/junit-3.8.2/TestDecorator/sample_3/Wrapper/src/main/java/org/example/TestExample.java:[16,9] cannot find symbol\n[ERROR]   symbol:   method assertEquals(int,int)\n[ERROR]   location: class org.example.TestExample\n[ERROR] -> [Help 1]\n[ERROR] \n[ERROR] To see the full stack trace of the errors, re-run Maven with the -e switch.\n[ERROR] Re-run Maven using the -X switch to enable full debug logging.\n[ERROR] \n[ERROR] For more information about the errors and possible solutions, please read the following articles:\n[ERROR] [Help 1] http://cwiki.apache.org/confluence/display/MAVEN/MojoFailureException\n",
                        "error_list": [
                            {
                                "file": "/home/azmain/Code Recommendation/RAG/Projects/junit-3.8.2/TestDecorator/sample_3/Wrapper/src/main/java/org/example/TestExample.java",
                                "line": 3,
                                "column": 23,
                                "message": "package junit.framework does not exist"
                            },
                            {
                                "file": "/home/azmain/Code Recommendation/RAG/Projects/junit-3.8.2/TestDecorator/sample_3/Wrapper/src/main/java/org/example/TestExample.java",
                                "line": 5,
                                "column": 34,
                                "message": "cannot find symbol"
                            },
                            {
                                "file": "/home/azmain/Code Recommendation/RAG/Projects/junit-3.8.2/TestDecorator/sample_3/Wrapper/src/main/java/org/example/TestExample.java",
                                "line": 16,
                                "column": 9,
                                "message": "cannot find symbol"
                            }
                        ]
                    }
                }
            },
            "sample_4": {
                "full_response": "You are an exceptionally intelligent coding assistant that consistently delivers accurate and reliable responses to user instructions.\n\n@@ Instruction\nGive me a complete, correct and compilable Java code. This code must use \"TestDecorator\" API from \"junit-3.8.2\" project along with other necessary APIs. The dependency is already added for \"junit-3.8.2\" project. So, if you need to use other APIs, then do not use APIs whose import statements require adding new dependencies. The name of the class that has the main method should be Main.\n\n@@ Response\nYour requirements don't provide enough context to write a complete and correct Java code according to your needs. However, based on the keywords given (\"TestDecorator\", \"junit-3.8.2\"), I'm making some assumptions:\n\n- You want to use the \"junit-3.8.2\" for unit testing, and want to leverage the \"TestDecorator\" to perform testing.\n- You're familiar with how to structure basic classes and methods, and have knowledge of the \"import\" statement and basic syntax in Java.\n- You're not asking for complex code, but rather a simple program that fits your requirements.\n\nAssuming above, here's an example of a simple unit test case using JUnit and a decorator pattern.\n\nLet's suppose we have a class \"Calculator\" with a method \"add(int num1, int num2)\". We'll test this method:\n\nCalculator.java:\n\n```java\npublic class Calculator {\n\n    public int add(int num1, int num2) {\n        return num1 + num2;\n    }\n}\n```\n\nCalculatorTest.java (JUnit test class for the above Calculator class):\n\n```java\nimport org.junit.Test;\nimport static org.junit.Assert.assertEquals;\n\npublic class CalculatorTest {\n\n    @Test\n    public void testAdd() {\n        Calculator calculator = new Calculator();\n        assertEquals(3, calculator.add(1, 2));\n    }\n}\n```\n\nIn this test case, we create an instance of the \"Calculator\" class, then verify if the \"add\" method adds two integers correctly using the JUnit \"assertEquals\" method. The \"@Test\" annotation on the \"testAdd()\" method is used to tell JUnit that this is a test method.\n\nRemember, you have to place these files in the same directory and compile together using a command like:\n\n```bash\njavac Calculator.java CalculatorTest.java\n```\n\nYou can then run the tests using:\n\n```bash\njava org.junit.runner.JUnitCore CalculatorTest\n```",
                "extracted_java_code_from_prediction": "public class Calculator {\n\n    public int add(int num1, int num2) {\n        return num1 + num2;\n    }\n}",
                "extracted_FQNs_from_prediction": [],
                "correct_FQN_predictions": [],
                "wrong_FQN_predictions": [],
                "number_of_correct_FQNs": 0,
                "number_of_wrong_FQNs": 0,
                "failure_rate_for_FQNs": 1,
                "model_confidence": 0.523540735244751,
                "code_build": {
                    "build_result": {
                        "status": "failure",
                        "message": "Model could not predict any correct FQNs.",
                        "hallucinations_for_FQNs": true
                    }
                }
            },
            "sample_5": {
                "full_response": "You are an exceptionally intelligent coding assistant that consistently delivers accurate and reliable responses to user instructions.\n\n@@ Instruction\nGive me a complete, correct and compilable Java code. This code must use \"TestDecorator\" API from \"junit-3.8.2\" project along with other necessary APIs. The dependency is already added for \"junit-3.8.2\" project. So, if you need to use other APIs, then do not use APIs whose import statements require adding new dependencies. The name of the class that has the main method should be Main.\n\n@@ Response\nSure, here is an example of how to use JUnit 3's TestDecorator with other APIs:\n\nFirst, make sure you have added the necessary dependencies. In this case, you need JUnit 3. If you haven't yet, you can include the following maven dependencies in your `pom.xml` file:\n\n```xml\n<dependencies>\n    <!-- other dependencies -->\n    <dependency>\n        <groupId>junit</groupId>\n        <artifactId>junit</artifactId>\n        <version>3.8.2</version>\n        <scope>test</scope>\n    </dependency>\n</dependencies>\n```\n\nNext, create a class with a method that we're going to test. For example, let's implement a Fibonacci series calculation method:\n\n```java\nimport org.junit.Test;\nimport static org.junit.Assert.*;\n\npublic class Fibonacci {\n    public int fibonacci(int n) {\n        if (n <= 1) return n;\n        else return fibonacci(n - 1) + fibonacci(n - 2);\n    }\n}\n```\n\nNext, we'll use the JUnit 3.8.2 TestDecorator with the Fibonacci class above:\n\n```java\nimport junit.framework.Test;\nimport junit.framework.TestCase;\nimport junit.framework.TestSuite;\n\npublic class TestFibonacci extends TestCase {\n    public TestFibonacci(String name) {\n        super(name);\n    }\n\n    public void testFibonacci() {\n        Fibonacci fibonacci = new Fibonacci();\n        int actual = fibonacci.fibonacci(5);\n        int expected = 5;\n        assertEquals(expected, actual);\n    }\n    \n    // Other test cases...\n    \n    public static Test suite() {\n        TestSuite suite = new TestSuite(TestFibonacci.class);\n        return suite;\n    }\n\n    public static void main(String[] args) {\n        junit.textui.TestRunner.run(suite());\n    }\n}\n```\n\nThis code creates a new test case class `TestFibonacci` that extends the `TestCase` class. We define a method `testFibonacci` in this class which will test the Fibonacci method in the `Fibonacci` class.\n\nIn the main method of the class, we create an instance of `TestSuite` and add the `TestFibonacci` class to it. We then run this suite using the `TestRunner` class.",
                "extracted_java_code_from_prediction": "import org.junit.Test;\nimport static org.junit.Assert.*;\n\npublic class Fibonacci {\n    public int fibonacci(int n) {\n        if (n <= 1) return n;\n        else return fibonacci(n - 1) + fibonacci(n - 2);\n    }\n}",
                "extracted_FQNs_from_prediction": [
                    "org.junit.Test",
                    "static org.junit.Assert.*"
                ],
                "correct_FQN_predictions": [
                    "org.junit.Test"
                ],
                "wrong_FQN_predictions": [
                    "static org.junit.Assert.*"
                ],
                "number_of_correct_FQNs": 1,
                "number_of_wrong_FQNs": 1,
                "failure_rate_for_FQNs": 0.5,
                "model_confidence": 0.721604585647583,
                "code_build": {
                    "build_result": {
                        "status": "failure",
                        "hallucinations_for_FQNs": "Need manual review",
                        "message": "Build failed. Full error log present.",
                        "full_error_log": "[INFO] Scanning for projects...\n[WARNING] \n[WARNING] Some problems were encountered while building the effective model for org.example:Wrapper:jar:1.0-SNAPSHOT\n[WARNING] 'build.plugins.plugin.version' for org.apache.maven.plugins:maven-compiler-plugin is missing. @ line 46, column 15\n[WARNING] \n[WARNING] It is highly recommended to fix these problems because they threaten the stability of your build.\n[WARNING] \n[WARNING] For this reason, future Maven versions might no longer support building such malformed projects.\n[WARNING] \n[INFO] \n[INFO] ------------------------< org.example:Wrapper >-------------------------\n[INFO] Building Wrapper 1.0-SNAPSHOT\n[INFO] --------------------------------[ jar ]---------------------------------\n[INFO] \n[INFO] --- maven-clean-plugin:2.5:clean (default-clean) @ Wrapper ---\n[INFO] Deleting /home/azmain/Code Recommendation/RAG/Projects/junit-3.8.2/TestDecorator/sample_5/Wrapper/target\n[INFO] \n[INFO] --- maven-resources-plugin:2.6:resources (default-resources) @ Wrapper ---\n[INFO] Using 'UTF-8' encoding to copy filtered resources.\n[INFO] skip non existing resourceDirectory /home/azmain/Code Recommendation/RAG/Projects/junit-3.8.2/TestDecorator/sample_5/Wrapper/src/main/resources\n[INFO] \n[INFO] --- maven-compiler-plugin:3.1:compile (default-compile) @ Wrapper ---\n[INFO] Changes detected - recompiling the module!\n[INFO] Compiling 2 source files to /home/azmain/Code Recommendation/RAG/Projects/junit-3.8.2/TestDecorator/sample_5/Wrapper/target/classes\n[INFO] -------------------------------------------------------------\n[ERROR] COMPILATION ERROR : \n[INFO] -------------------------------------------------------------\n[ERROR] /home/azmain/Code Recommendation/RAG/Projects/junit-3.8.2/TestDecorator/sample_5/Wrapper/src/main/java/org/example/Fibonacci.java:[3,17] package org.junit does not exist\n[ERROR] /home/azmain/Code Recommendation/RAG/Projects/junit-3.8.2/TestDecorator/sample_5/Wrapper/src/main/java/org/example/Fibonacci.java:[4,24] package org.junit does not exist\n[INFO] 2 errors \n[INFO] -------------------------------------------------------------\n[INFO] ------------------------------------------------------------------------\n[INFO] BUILD FAILURE\n[INFO] ------------------------------------------------------------------------\n[INFO] Total time:  0.662 s\n[INFO] Finished at: 2024-04-16T18:52:21-05:00\n[INFO] ------------------------------------------------------------------------\n[ERROR] Failed to execute goal org.apache.maven.plugins:maven-compiler-plugin:3.1:compile (default-compile) on project Wrapper: Compilation failure: Compilation failure: \n[ERROR] /home/azmain/Code Recommendation/RAG/Projects/junit-3.8.2/TestDecorator/sample_5/Wrapper/src/main/java/org/example/Fibonacci.java:[3,17] package org.junit does not exist\n[ERROR] /home/azmain/Code Recommendation/RAG/Projects/junit-3.8.2/TestDecorator/sample_5/Wrapper/src/main/java/org/example/Fibonacci.java:[4,24] package org.junit does not exist\n[ERROR] -> [Help 1]\n[ERROR] \n[ERROR] To see the full stack trace of the errors, re-run Maven with the -e switch.\n[ERROR] Re-run Maven using the -X switch to enable full debug logging.\n[ERROR] \n[ERROR] For more information about the errors and possible solutions, please read the following articles:\n[ERROR] [Help 1] http://cwiki.apache.org/confluence/display/MAVEN/MojoFailureException\n",
                        "error_list": [
                            {
                                "file": "/home/azmain/Code Recommendation/RAG/Projects/junit-3.8.2/TestDecorator/sample_5/Wrapper/src/main/java/org/example/Fibonacci.java",
                                "line": 4,
                                "column": 24,
                                "message": "package org.junit does not exist"
                            },
                            {
                                "file": "/home/azmain/Code Recommendation/RAG/Projects/junit-3.8.2/TestDecorator/sample_5/Wrapper/src/main/java/org/example/Fibonacci.java",
                                "line": 3,
                                "column": 17,
                                "message": "package org.junit does not exist"
                            }
                        ]
                    }
                }
            }
        }
    }
}