{
    "jar_name": "junit-4.6.jar",
    "API_prediction": {
        "prompt": "List correct API's class names from log4j-over-slf4j-2.0.12 project. Not more than 50 and classes are must be non-abstract. If you do not know the answer then reply with a No.\n\n1. Logger\n2. LogManager\n3. LogLog\n4. LoggingEvent\n5. ErrorHandler\n6. Category\n7. RollingFileAppender\n8. Level\n9. MDC\n10. NDC\n11. BasicConfigurator\n12. PropertyConfigurator\n13. ConsoleAppender\n14. WriterAppender\n15. Priority\n16. NullEnumeration\n17. PatternLayout\n18. FileAppender\n19. Filter\n20. DOMConfigurator\n21. Layout\n22. AppenderSkeleton\n23. SimpleLayout\n\nList correct API's class names from kotlinx-coroutines-core-jvm-1.6.1 project. Not more than 50 and classes are must be non-abstract. If you do not know the answer then reply with a No.\n\n1. CoroutineName\n2. CoroutineStart\n3. CoroutineScheduler\n4. CoroutineSchedulerKt\n5. CoroutinesInternalError\n6. CoroutineId\n7. CoroutineContextKt\n8. CoroutineExceptionHandlerImplKt\n9. CoroutineScopeKt\n10. CoroutineExceptionHandlerKt\n11. CompletionHandler_commonKt\n12. FlowExceptions_commonKt\n13. DebugCoroutineInfoImplKt\n14. DebugCoroutineInfoImpl\n15. DispatchersKt\n16. YieldContext\n17. AbstractChannelKt\n18. MissingMainCoroutineDispatcherFactory\n19. DebugCoroutineInfo\n20. InternalAnnotationsKt\n21. ClosedSendChannelException\n22. YieldKt\n23. StackTraceRecoveryKt\n24. SchedulerTaskKt\n25. DefaultScheduler\n26. ExceptionsConstructorKt\n27. BuildersKt\n28. NodeList\n29. Concurrent_commonKt\n30. DispatchedTaskKt\n31. SchedulerCoroutineDispatcher\n32. EventLoop_commonKt\n33. ConflatedBroadcastChannel<E>\n34. FlowCoroutineKt\n35. CompletionHandlerKt\n36. BroadcastChannelKt\n37. ExecutorCoroutineDispatcherImpl\n38. ConcurrentWeakMap<K,\n39. FlowKt\n40. NonCancellable\n41. LintKt\n42. DefaultExecutorKt\n43. DispatchedContinuationKt\n44. TestCoroutineContextKt\n45. ConflatedChannel<E>\n46. DebugStringsKt\n47. RunnableKt\n48. OnUndeliveredElementKt\n49. AbstractSharedFlowKt\n50. SharedFlowKt\n\nList correct API's class names from junit-4.6 project. Not more than 50 and classes are must be non-abstract. If you do not know the answer then reply with a No.",
        "full_response": "You are an exceptionally intelligent coding assistant that consistently delivers accurate and reliable responses to user instructions.\n\n@@ Instruction\nList correct API's class names from log4j-over-slf4j-2.0.12 project. Not more than 50 and classes are must be non-abstract. If you do not know the answer then reply with a No.\n\n1. Logger\n2. LogManager\n3. LogLog\n4. LoggingEvent\n5. ErrorHandler\n6. Category\n7. RollingFileAppender\n8. Level\n9. MDC\n10. NDC\n11. BasicConfigurator\n12. PropertyConfigurator\n13. ConsoleAppender\n14. WriterAppender\n15. Priority\n16. NullEnumeration\n17. PatternLayout\n18. FileAppender\n19. Filter\n20. DOMConfigurator\n21. Layout\n22. AppenderSkeleton\n23. SimpleLayout\n\nList correct API's class names from kotlinx-coroutines-core-jvm-1.6.1 project. Not more than 50 and classes are must be non-abstract. If you do not know the answer then reply with a No.\n\n1. CoroutineName\n2. CoroutineStart\n3. CoroutineScheduler\n4. CoroutineSchedulerKt\n5. CoroutinesInternalError\n6. CoroutineId\n7. CoroutineContextKt\n8. CoroutineExceptionHandlerImplKt\n9. CoroutineScopeKt\n10. CoroutineExceptionHandlerKt\n11. CompletionHandler_commonKt\n12. FlowExceptions_commonKt\n13. DebugCoroutineInfoImplKt\n14. DebugCoroutineInfoImpl\n15. DispatchersKt\n16. YieldContext\n17. AbstractChannelKt\n18. MissingMainCoroutineDispatcherFactory\n19. DebugCoroutineInfo\n20. InternalAnnotationsKt\n21. ClosedSendChannelException\n22. YieldKt\n23. StackTraceRecoveryKt\n24. SchedulerTaskKt\n25. DefaultScheduler\n26. ExceptionsConstructorKt\n27. BuildersKt\n28. NodeList\n29. Concurrent_commonKt\n30. DispatchedTaskKt\n31. SchedulerCoroutineDispatcher\n32. EventLoop_commonKt\n33. ConflatedBroadcastChannel<E>\n34. FlowCoroutineKt\n35. CompletionHandlerKt\n36. BroadcastChannelKt\n37. ExecutorCoroutineDispatcherImpl\n38. ConcurrentWeakMap<K,\n39. FlowKt\n40. NonCancellable\n41. LintKt\n42. DefaultExecutorKt\n43. DispatchedContinuationKt\n44. TestCoroutineContextKt\n45. ConflatedChannel<E>\n46. DebugStringsKt\n47. RunnableKt\n48. OnUndeliveredElementKt\n49. AbstractSharedFlowKt\n50. SharedFlowKt\n\nList correct API's class names from junit-4.6 project. Not more than 50 and classes are must be non-abstract. If you do not know the answer then reply with a No..\n\n@@ Response\n1. Test\n2. TestCase\n3. TestResult\n4. TestFailure\n5. TestSuite\n6. TestSuiteEmpty\n7. TestSuiteFailedRetry\n8. TestSuiteFailedRetryListener\n9. TestSuiteListener\n10. TestSuiteLoaded\n11. TestSuiteLoadedListener\n12. TestSuiteLoadedListener\n13. TestSuiteLoadedListener\n14. TestSuiteLoadedListener\n15. TestSuiteLoadedListener\n16. TestSuiteLoadedListener\n17. TestSuiteLoadedListener\n18. TestSuiteLoadedListener\n19. TestSuiteLoadedListener\n20. TestSuiteLoadedListener\n21. TestSuiteLoadedListener\n22. TestSuiteLoadedListener\n23. TestSuiteLoadedListener\n24. TestSuiteLoadedListener\n",
        "extracted_APIs_from_prediction": [
            "Test",
            "TestCase",
            "TestResult",
            "TestFailure",
            "TestSuite",
            "TestSuiteEmpty",
            "TestSuiteFailedRetry",
            "TestSuiteFailedRetryListener",
            "TestSuiteListener",
            "TestSuiteLoaded",
            "TestSuiteLoadedListener"
        ],
        "correct_API_predictions": [
            "TestResult",
            "TestFailure",
            "TestSuite"
        ],
        "wrong_API_predictions": [
            "Test",
            "TestCase",
            "TestSuiteEmpty",
            "TestSuiteFailedRetry",
            "TestSuiteFailedRetryListener",
            "TestSuiteListener",
            "TestSuiteLoaded",
            "TestSuiteLoadedListener"
        ],
        "number_of_correct_APIs": 3,
        "number_of_wrong_APIs": 8,
        "failure_rate_for_APIs": 0.7272727272727273,
        "model_confidence": 0.72441166639328,
        "hallucinations_for_APIs": "Partially Present. Need manual review."
    },
    "Code_and_FQN_predictions": {
        "TestResult": {
            "prompt": "Give me a complete, correct and compilable Java code. This code must use \"TestResult\" API from \"junit-4.6\" project along with other necessary APIs. The dependency is already added for \"junit-4.6\" project. So, if you need to use other APIs, then do not use APIs whose import statements require adding new dependencies. The name of the class that has the main method should be Main.",
            "sample_1": {
                "full_response": "You are an exceptionally intelligent coding assistant that consistently delivers accurate and reliable responses to user instructions.\n\n@@ Instruction\nGive me a complete, correct and compilable Java code. This code must use \"TestResult\" API from \"junit-4.6\" project along with other necessary APIs. The dependency is already added for \"junit-4.6\" project. So, if you need to use other APIs, then do not use APIs whose import statements require adding new dependencies. The name of the class that has the main method should be Main.\n\n@@ Response\nSure. Here is a simple class using JUnit for testing and asserting some basic method logic. Please adapt the example as per your requirements and make sure to add proper JUnit dependencies to your project.\n\nPOM File:\n```\n<project>\n  <modelVersion>4.0.0</modelVersion>\n  <groupId>test</groupId>\n  <artifactId>junit-test</artifactId>\n  <version>1.0</version>\n  <dependencies>\n    <dependency>\n      <groupId>junit</groupId>\n      <artifactId>junit</artifactId>\n      <version>4.6</version>\n      <scope>test</scope>\n    </dependency>\n  </dependencies>\n</project>\n```\n\nMain Class:\n```java\npublic class Main {\n  public static void main(String[] args) {\n  }\n}\n```\n\nTest Class:\n```java\nimport org.junit.*;\n\npublic class TestMain {\n\n    Main main;\n\n    @Before\n    public void setUp() throws Exception {\n        main = new Main();\n    }\n\n    @After\n    public void tearDown() throws Exception {\n        main = null;\n    }\n\n    @Test\n    public void testSomeMethod() {\n        boolean result = main.someMethod();\n        Assert.assertTrue(result);\n    }\n}\n```\n\nMain Class:\n```java\npublic class Main {\n    public boolean someMethod() {\n        return true;\n    }\n}\n```\n\nIn this example, the `TestMain` is the JUnit test class where the actual tests are written. It has setup and cleanup methods that run before and after every test respectively, creating a clean state for the tests. The test cases are written using JUnit's `@Test` annotation, each of these methods is a separate test. These tests in turn use JUnit's `Assert` class for asserting whether the expected results matches the actual results from the method under test.",
                "extracted_java_code_from_prediction": "public class Main {\n  public static void main(String[] args) {\n  }\n}",
                "extracted_FQNs_from_prediction": [],
                "correct_FQN_predictions": [],
                "wrong_FQN_predictions": [],
                "number_of_correct_FQNs": 0,
                "number_of_wrong_FQNs": 0,
                "failure_rate_for_FQNs": 1,
                "model_confidence": 0.594105064868927,
                "code_build": {
                    "build_result": {
                        "status": "failure",
                        "message": "Model could not predict any correct FQNs.",
                        "hallucinations_for_FQNs": true
                    }
                }
            },
            "sample_2": {
                "full_response": "You are an exceptionally intelligent coding assistant that consistently delivers accurate and reliable responses to user instructions.\n\n@@ Instruction\nGive me a complete, correct and compilable Java code. This code must use \"TestResult\" API from \"junit-4.6\" project along with other necessary APIs. The dependency is already added for \"junit-4.6\" project. So, if you need to use other APIs, then do not use APIs whose import statements require adding new dependencies. The name of the class that has the main method should be Main.\n\n@@ Response\nIt's not possible to provide specific code based on your requirements as they are quite broad and cannot be accurately explained. But you can always get started with creating a basic main method class in Java. Here is an example:\n\n```java\npublic class Main {\n    public static void main(String[] args) {\n        // Your code goes here.\n    }\n}\n```\n\nThe \"TestResult\" API you mentioned is usually used with the JUnit library to handle test results. To use it, you would have to import the necessary classes from JUnit, and generally, you should not import classes from external libraries with their import statements unless those classes are needed.\n\nFor example:\n```java\nimport org.junit.runners.model.TestResult;\nimport org.junit.runner.JUnitCore;\n```\n\nRemember you need to add the necessary dependencies to your pom.xml file:\n```xml\n<dependencies>\n    <dependency>\n        <groupId>junit</groupId>\n        <artifactId>junit</artifactId>\n        <version>4.12</version>\n        <scope>test</scope>\n    </dependency>\n</dependencies>\n```\nIn order to test the \"main\" method we can use the following JUnit tests:\n```java\nimport org.junit.Test;\nimport static org.junit.Assert.*;\n\npublic class MainTest {\n    @Test\n    public void testMainMethod() {\n        Main.main(new String[]{});\n        // Do additional test assertions here\n    }\n}\n```\n\nThis is only an example and might not suit your specific needs since you did not specify any particular requirements for your main class or any JUnit tests. Please specify the details if needed.",
                "extracted_java_code_from_prediction": "public class Main {\n    public static void main(String[] args) {\n        // Your code goes here.\n    }\n}",
                "extracted_FQNs_from_prediction": [],
                "correct_FQN_predictions": [],
                "wrong_FQN_predictions": [],
                "number_of_correct_FQNs": 0,
                "number_of_wrong_FQNs": 0,
                "failure_rate_for_FQNs": 1,
                "model_confidence": 0.48451927304267883,
                "code_build": {
                    "build_result": {
                        "status": "failure",
                        "message": "Model could not predict any correct FQNs.",
                        "hallucinations_for_FQNs": true
                    }
                }
            },
            "sample_3": {
                "full_response": "You are an exceptionally intelligent coding assistant that consistently delivers accurate and reliable responses to user instructions.\n\n@@ Instruction\nGive me a complete, correct and compilable Java code. This code must use \"TestResult\" API from \"junit-4.6\" project along with other necessary APIs. The dependency is already added for \"junit-4.6\" project. So, if you need to use other APIs, then do not use APIs whose import statements require adding new dependencies. The name of the class that has the main method should be Main.\n\n@@ Response\nThe request seems to specify that we need a complete, compilable Java code using the necessary APIs for a JUnit test and it needs to be imported from a pre-existing \"junit-4.6\" project. However, it is highly unlikely and almost impossible to meet these requirements simply by asking for a few constraints and not providing any source code or context, especially since this appears to be an application or software development task rather than a coding prompt.\n\nHere's a simple example of a JUnit test case:\n\n```java\nimport org.junit.Test;\nimport org.junit.runner.JUnitCore;\nimport org.junit.runner.Result;\nimport org.junit.runner.notification.Failure;\n\npublic class ExampleTest {\n    \n    @Test\n    public void testMethod1() {\n        // test code\n    }\n    \n    @Test\n    public void testMethod2() {\n        // test code\n    }\n\n    public static void main(String[] args) {\n        Result result = JUnitCore.runClasses(ExampleTest.class);\n        for (Failure failure : result.getFailures()) {\n            System.out.println(failure.toString());\n        }\n        System.out.println(result.wasSuccessful());\n    }\n}\n```\n\nRemember, you will need to have JUnit in your classpath and you may need to provide your own test cases and replace `testMethod1` and `testMethod2` with your own test methods. JUnit requires the class of your tests to be public and public static.",
                "extracted_java_code_from_prediction": "import org.junit.Test;\nimport org.junit.runner.JUnitCore;\nimport org.junit.runner.Result;\nimport org.junit.runner.notification.Failure;\n\npublic class ExampleTest {\n    \n    @Test\n    public void testMethod1() {\n        // test code\n    }\n    \n    @Test\n    public void testMethod2() {\n        // test code\n    }\n\n    public static void main(String[] args) {\n        Result result = JUnitCore.runClasses(ExampleTest.class);\n        for (Failure failure : result.getFailures()) {\n            System.out.println(failure.toString());\n        }\n        System.out.println(result.wasSuccessful());\n    }\n}",
                "extracted_FQNs_from_prediction": [
                    "org.junit.Test",
                    "org.junit.runner.JUnitCore",
                    "org.junit.runner.Result",
                    "org.junit.runner.notification.Failure"
                ],
                "correct_FQN_predictions": [
                    "org.junit.Test",
                    "org.junit.runner.JUnitCore",
                    "org.junit.runner.Result",
                    "org.junit.runner.notification.Failure"
                ],
                "wrong_FQN_predictions": [],
                "number_of_correct_FQNs": 4,
                "number_of_wrong_FQNs": 0,
                "failure_rate_for_FQNs": 0.0,
                "model_confidence": 0.5136650800704956,
                "code_build": {
                    "build_result": {
                        "status": "failure",
                        "hallucinations_for_FQNs": "Need manual review",
                        "message": "Build failed. Full error log present.",
                        "full_error_log": "[INFO] Scanning for projects...\n[WARNING] \n[WARNING] Some problems were encountered while building the effective model for org.example:Wrapper:jar:1.0-SNAPSHOT\n[WARNING] 'build.plugins.plugin.version' for org.apache.maven.plugins:maven-compiler-plugin is missing. @ line 46, column 15\n[WARNING] \n[WARNING] It is highly recommended to fix these problems because they threaten the stability of your build.\n[WARNING] \n[WARNING] For this reason, future Maven versions might no longer support building such malformed projects.\n[WARNING] \n[INFO] \n[INFO] ------------------------< org.example:Wrapper >-------------------------\n[INFO] Building Wrapper 1.0-SNAPSHOT\n[INFO] --------------------------------[ jar ]---------------------------------\n[INFO] \n[INFO] --- maven-clean-plugin:2.5:clean (default-clean) @ Wrapper ---\n[INFO] Deleting /home/azmain/Code Recommendation/RAG/Projects/junit-4.6/TestResult/sample_3/Wrapper/target\n[INFO] \n[INFO] --- maven-resources-plugin:2.6:resources (default-resources) @ Wrapper ---\n[INFO] Using 'UTF-8' encoding to copy filtered resources.\n[INFO] skip non existing resourceDirectory /home/azmain/Code Recommendation/RAG/Projects/junit-4.6/TestResult/sample_3/Wrapper/src/main/resources\n[INFO] \n[INFO] --- maven-compiler-plugin:3.1:compile (default-compile) @ Wrapper ---\n[INFO] Changes detected - recompiling the module!\n[INFO] Compiling 1 source file to /home/azmain/Code Recommendation/RAG/Projects/junit-4.6/TestResult/sample_3/Wrapper/target/classes\n[INFO] -------------------------------------------------------------\n[ERROR] COMPILATION ERROR : \n[INFO] -------------------------------------------------------------\n[ERROR] /home/azmain/Code Recommendation/RAG/Projects/junit-4.6/TestResult/sample_3/Wrapper/src/main/java/org/example/Main.java:[9,8] class ExampleTest is public, should be declared in a file named ExampleTest.java\n[ERROR] /home/azmain/Code Recommendation/RAG/Projects/junit-4.6/TestResult/sample_3/Wrapper/src/main/java/org/example/Main.java:[4,17] package org.junit does not exist\n[ERROR] /home/azmain/Code Recommendation/RAG/Projects/junit-4.6/TestResult/sample_3/Wrapper/src/main/java/org/example/Main.java:[5,24] package org.junit.runner does not exist\n[ERROR] /home/azmain/Code Recommendation/RAG/Projects/junit-4.6/TestResult/sample_3/Wrapper/src/main/java/org/example/Main.java:[6,24] package org.junit.runner does not exist\n[ERROR] /home/azmain/Code Recommendation/RAG/Projects/junit-4.6/TestResult/sample_3/Wrapper/src/main/java/org/example/Main.java:[7,37] package org.junit.runner.notification does not exist\n[ERROR] /home/azmain/Code Recommendation/RAG/Projects/junit-4.6/TestResult/sample_3/Wrapper/src/main/java/org/example/Main.java:[11,6] cannot find symbol\n  symbol:   class Test\n  location: class org.example.ExampleTest\n[ERROR] /home/azmain/Code Recommendation/RAG/Projects/junit-4.6/TestResult/sample_3/Wrapper/src/main/java/org/example/Main.java:[16,6] cannot find symbol\n  symbol:   class Test\n  location: class org.example.ExampleTest\n[ERROR] /home/azmain/Code Recommendation/RAG/Projects/junit-4.6/TestResult/sample_3/Wrapper/src/main/java/org/example/Main.java:[22,9] cannot find symbol\n  symbol:   class Result\n  location: class org.example.ExampleTest\n[ERROR] /home/azmain/Code Recommendation/RAG/Projects/junit-4.6/TestResult/sample_3/Wrapper/src/main/java/org/example/Main.java:[22,25] cannot find symbol\n  symbol:   variable JUnitCore\n  location: class org.example.ExampleTest\n[ERROR] /home/azmain/Code Recommendation/RAG/Projects/junit-4.6/TestResult/sample_3/Wrapper/src/main/java/org/example/Main.java:[23,14] cannot find symbol\n  symbol:   class Failure\n  location: class org.example.ExampleTest\n[INFO] 10 errors \n[INFO] -------------------------------------------------------------\n[INFO] ------------------------------------------------------------------------\n[INFO] BUILD FAILURE\n[INFO] ------------------------------------------------------------------------\n[INFO] Total time:  0.786 s\n[INFO] Finished at: 2024-04-16T20:32:51-05:00\n[INFO] ------------------------------------------------------------------------\n[ERROR] Failed to execute goal org.apache.maven.plugins:maven-compiler-plugin:3.1:compile (default-compile) on project Wrapper: Compilation failure: Compilation failure: \n[ERROR] /home/azmain/Code Recommendation/RAG/Projects/junit-4.6/TestResult/sample_3/Wrapper/src/main/java/org/example/Main.java:[9,8] class ExampleTest is public, should be declared in a file named ExampleTest.java\n[ERROR] /home/azmain/Code Recommendation/RAG/Projects/junit-4.6/TestResult/sample_3/Wrapper/src/main/java/org/example/Main.java:[4,17] package org.junit does not exist\n[ERROR] /home/azmain/Code Recommendation/RAG/Projects/junit-4.6/TestResult/sample_3/Wrapper/src/main/java/org/example/Main.java:[5,24] package org.junit.runner does not exist\n[ERROR] /home/azmain/Code Recommendation/RAG/Projects/junit-4.6/TestResult/sample_3/Wrapper/src/main/java/org/example/Main.java:[6,24] package org.junit.runner does not exist\n[ERROR] /home/azmain/Code Recommendation/RAG/Projects/junit-4.6/TestResult/sample_3/Wrapper/src/main/java/org/example/Main.java:[7,37] package org.junit.runner.notification does not exist\n[ERROR] /home/azmain/Code Recommendation/RAG/Projects/junit-4.6/TestResult/sample_3/Wrapper/src/main/java/org/example/Main.java:[11,6] cannot find symbol\n[ERROR]   symbol:   class Test\n[ERROR]   location: class org.example.ExampleTest\n[ERROR] /home/azmain/Code Recommendation/RAG/Projects/junit-4.6/TestResult/sample_3/Wrapper/src/main/java/org/example/Main.java:[16,6] cannot find symbol\n[ERROR]   symbol:   class Test\n[ERROR]   location: class org.example.ExampleTest\n[ERROR] /home/azmain/Code Recommendation/RAG/Projects/junit-4.6/TestResult/sample_3/Wrapper/src/main/java/org/example/Main.java:[22,9] cannot find symbol\n[ERROR]   symbol:   class Result\n[ERROR]   location: class org.example.ExampleTest\n[ERROR] /home/azmain/Code Recommendation/RAG/Projects/junit-4.6/TestResult/sample_3/Wrapper/src/main/java/org/example/Main.java:[22,25] cannot find symbol\n[ERROR]   symbol:   variable JUnitCore\n[ERROR]   location: class org.example.ExampleTest\n[ERROR] /home/azmain/Code Recommendation/RAG/Projects/junit-4.6/TestResult/sample_3/Wrapper/src/main/java/org/example/Main.java:[23,14] cannot find symbol\n[ERROR]   symbol:   class Failure\n[ERROR]   location: class org.example.ExampleTest\n[ERROR] -> [Help 1]\n[ERROR] \n[ERROR] To see the full stack trace of the errors, re-run Maven with the -e switch.\n[ERROR] Re-run Maven using the -X switch to enable full debug logging.\n[ERROR] \n[ERROR] For more information about the errors and possible solutions, please read the following articles:\n[ERROR] [Help 1] http://cwiki.apache.org/confluence/display/MAVEN/MojoFailureException\n",
                        "error_list": [
                            {
                                "file": "/home/azmain/Code Recommendation/RAG/Projects/junit-4.6/TestResult/sample_3/Wrapper/src/main/java/org/example/Main.java",
                                "line": 6,
                                "column": 24,
                                "message": "package org.junit.runner does not exist"
                            },
                            {
                                "file": "/home/azmain/Code Recommendation/RAG/Projects/junit-4.6/TestResult/sample_3/Wrapper/src/main/java/org/example/Main.java",
                                "line": 9,
                                "column": 8,
                                "message": "class ExampleTest is public, should be declared in a file named ExampleTest.java"
                            },
                            {
                                "file": "/home/azmain/Code Recommendation/RAG/Projects/junit-4.6/TestResult/sample_3/Wrapper/src/main/java/org/example/Main.java",
                                "line": 7,
                                "column": 37,
                                "message": "package org.junit.runner.notification does not exist"
                            },
                            {
                                "file": "/home/azmain/Code Recommendation/RAG/Projects/junit-4.6/TestResult/sample_3/Wrapper/src/main/java/org/example/Main.java",
                                "line": 11,
                                "column": 6,
                                "message": "cannot find symbol"
                            },
                            {
                                "file": "/home/azmain/Code Recommendation/RAG/Projects/junit-4.6/TestResult/sample_3/Wrapper/src/main/java/org/example/Main.java",
                                "line": 22,
                                "column": 25,
                                "message": "cannot find symbol"
                            },
                            {
                                "file": "/home/azmain/Code Recommendation/RAG/Projects/junit-4.6/TestResult/sample_3/Wrapper/src/main/java/org/example/Main.java",
                                "line": 5,
                                "column": 24,
                                "message": "package org.junit.runner does not exist"
                            },
                            {
                                "file": "/home/azmain/Code Recommendation/RAG/Projects/junit-4.6/TestResult/sample_3/Wrapper/src/main/java/org/example/Main.java",
                                "line": 22,
                                "column": 9,
                                "message": "cannot find symbol"
                            },
                            {
                                "file": "/home/azmain/Code Recommendation/RAG/Projects/junit-4.6/TestResult/sample_3/Wrapper/src/main/java/org/example/Main.java",
                                "line": 23,
                                "column": 14,
                                "message": "cannot find symbol"
                            },
                            {
                                "file": "/home/azmain/Code Recommendation/RAG/Projects/junit-4.6/TestResult/sample_3/Wrapper/src/main/java/org/example/Main.java",
                                "line": 16,
                                "column": 6,
                                "message": "cannot find symbol"
                            },
                            {
                                "file": "/home/azmain/Code Recommendation/RAG/Projects/junit-4.6/TestResult/sample_3/Wrapper/src/main/java/org/example/Main.java",
                                "line": 4,
                                "column": 17,
                                "message": "package org.junit does not exist"
                            }
                        ]
                    }
                }
            },
            "sample_4": {
                "full_response": "You are an exceptionally intelligent coding assistant that consistently delivers accurate and reliable responses to user instructions.\n\n@@ Instruction\nGive me a complete, correct and compilable Java code. This code must use \"TestResult\" API from \"junit-4.6\" project along with other necessary APIs. The dependency is already added for \"junit-4.6\" project. So, if you need to use other APIs, then do not use APIs whose import statements require adding new dependencies. The name of the class that has the main method should be Main.\n\n@@ Response\nCertainly, here is a basic Java program that uses the JUnit 4.6 TestResult API:\n\n```java\nimport org.junit.TestResult;\n\npublic class Main {\n    public static void main(String[] args) {\n        TestResult result = new TestResult();\n        result.addFailure(null, new Throwable(\"Failed test\"));\n        System.out.println(\"TestResult: \" + result);\n    }\n}\n```\n\nPlease note, the code provided is very basic and lacks the real functionality required for a full-featured JUnit program. Actual implementation would likely involve more complex tests and suites, and additional methods for setting and retrieving values.",
                "extracted_java_code_from_prediction": "import org.junit.TestResult;\n\npublic class Main {\n    public static void main(String[] args) {\n        TestResult result = new TestResult();\n        result.addFailure(null, new Throwable(\"Failed test\"));\n        System.out.println(\"TestResult: \" + result);\n    }\n}",
                "extracted_FQNs_from_prediction": [
                    "org.junit.TestResult"
                ],
                "correct_FQN_predictions": [],
                "wrong_FQN_predictions": [
                    "org.junit.TestResult"
                ],
                "number_of_correct_FQNs": 0,
                "number_of_wrong_FQNs": 1,
                "failure_rate_for_FQNs": 1.0,
                "model_confidence": 0.3437456488609314,
                "code_build": {
                    "build_result": {
                        "status": "failure",
                        "message": "Model could not predict any correct FQNs.",
                        "hallucinations_for_FQNs": true
                    }
                }
            },
            "sample_5": {
                "full_response": "You are an exceptionally intelligent coding assistant that consistently delivers accurate and reliable responses to user instructions.\n\n@@ Instruction\nGive me a complete, correct and compilable Java code. This code must use \"TestResult\" API from \"junit-4.6\" project along with other necessary APIs. The dependency is already added for \"junit-4.6\" project. So, if you need to use other APIs, then do not use APIs whose import statements require adding new dependencies. The name of the class that has the main method should be Main.\n\n@@ Response\nHere is a simple example of how you can use TestResult API from JUnit 4.6 project in a Java program:\n\n```java\nimport org.junit.Assert;\nimport org.junit.Test;\nimport org.junit.runner.RunWith;\nimport org.junit.runners.model.TestResult;\nimport org.junit.runners.Suite;\nimport org.junit.runners.Suite.SuiteClasses;\n\npublic class Main {\n    @RunWith(Suite.class)\n    @SuiteClasses({Test1.class, Test2.class})\n    public static class TestSuite {}\n\n    public static class Test1 {\n        @Test\n        public void test1(TestResult result) {\n            Assert.assertEquals(\"Test1 failed\", \"Hello\", \"Hi\");\n            System.out.println(\"test1 method executing\");\n            result.addFailure(new Throwable(\"Test1 failed\"));\n        }\n    }\n\n    public static class Test2 {\n        @Test\n        public void test2(TestResult result) {\n            Assert.assertEquals(\"Test2 failed\", \"Hello\", \"Hello\");\n            System.out.println(\"test2 method executing\");\n            result.addFailure(new Throwable(\"Test2 failed\"));\n        }\n    }\n}\n```\n\nThis code is basically setting up a test suite consisting of two test classes (Test1 and Test2) and two tests within each class. Each test method has a TestResult parameter which allows passing feedback about failed tests back to the test runner.\n\nIt's also worth mentioning that when running the tests, if any of them fail, their exception will be thrown up and re-thrown in the calling thread, allowing higher-level testing facilities to pick them up and fail the suite as a whole. \n\nJust make sure that the TestResult API is in scope when the code is compiled. In this case, you have to import \"org.junit.runners.model.TestResult\". \n\nAlso, make sure to add these dependencies for your classpath:\n\n```xml\n<dependencies>\n    <dependency>\n        <groupId>junit</groupId>\n        <artifactId>junit</artifactId>\n        <version>4.12</version>\n        <scope>test</scope>\n    </dependency>\n</dependencies>\n```",
                "extracted_java_code_from_prediction": "import org.junit.Assert;\nimport org.junit.Test;\nimport org.junit.runner.RunWith;\nimport org.junit.runners.model.TestResult;\nimport org.junit.runners.Suite;\nimport org.junit.runners.Suite.SuiteClasses;\n\npublic class Main {\n    @RunWith(Suite.class)\n    @SuiteClasses({Test1.class, Test2.class})\n    public static class TestSuite {}\n\n    public static class Test1 {\n        @Test\n        public void test1(TestResult result) {\n            Assert.assertEquals(\"Test1 failed\", \"Hello\", \"Hi\");\n            System.out.println(\"test1 method executing\");\n            result.addFailure(new Throwable(\"Test1 failed\"));\n        }\n    }\n\n    public static class Test2 {\n        @Test\n        public void test2(TestResult result) {\n            Assert.assertEquals(\"Test2 failed\", \"Hello\", \"Hello\");\n            System.out.println(\"test2 method executing\");\n            result.addFailure(new Throwable(\"Test2 failed\"));\n        }\n    }\n}",
                "extracted_FQNs_from_prediction": [
                    "org.junit.Assert",
                    "org.junit.Test",
                    "org.junit.runner.RunWith",
                    "org.junit.runners.model.TestResult",
                    "org.junit.runners.Suite",
                    "org.junit.runners.Suite.SuiteClasses"
                ],
                "correct_FQN_predictions": [
                    "org.junit.Assert",
                    "org.junit.Test",
                    "org.junit.runner.RunWith",
                    "org.junit.runners.Suite"
                ],
                "wrong_FQN_predictions": [
                    "org.junit.runners.model.TestResult",
                    "org.junit.runners.Suite.SuiteClasses"
                ],
                "number_of_correct_FQNs": 4,
                "number_of_wrong_FQNs": 2,
                "failure_rate_for_FQNs": 0.3333333333333333,
                "model_confidence": 0.6756219863891602,
                "code_build": {
                    "build_result": {
                        "status": "failure",
                        "hallucinations_for_FQNs": "Need manual review",
                        "message": "Build failed. Full error log present.",
                        "full_error_log": "[INFO] Scanning for projects...\n[WARNING] \n[WARNING] Some problems were encountered while building the effective model for org.example:Wrapper:jar:1.0-SNAPSHOT\n[WARNING] 'build.plugins.plugin.version' for org.apache.maven.plugins:maven-compiler-plugin is missing. @ line 46, column 15\n[WARNING] \n[WARNING] It is highly recommended to fix these problems because they threaten the stability of your build.\n[WARNING] \n[WARNING] For this reason, future Maven versions might no longer support building such malformed projects.\n[WARNING] \n[INFO] \n[INFO] ------------------------< org.example:Wrapper >-------------------------\n[INFO] Building Wrapper 1.0-SNAPSHOT\n[INFO] --------------------------------[ jar ]---------------------------------\n[INFO] \n[INFO] --- maven-clean-plugin:2.5:clean (default-clean) @ Wrapper ---\n[INFO] Deleting /home/azmain/Code Recommendation/RAG/Projects/junit-4.6/TestResult/sample_5/Wrapper/target\n[INFO] \n[INFO] --- maven-resources-plugin:2.6:resources (default-resources) @ Wrapper ---\n[INFO] Using 'UTF-8' encoding to copy filtered resources.\n[INFO] skip non existing resourceDirectory /home/azmain/Code Recommendation/RAG/Projects/junit-4.6/TestResult/sample_5/Wrapper/src/main/resources\n[INFO] \n[INFO] --- maven-compiler-plugin:3.1:compile (default-compile) @ Wrapper ---\n[INFO] Changes detected - recompiling the module!\n[INFO] Compiling 1 source file to /home/azmain/Code Recommendation/RAG/Projects/junit-4.6/TestResult/sample_5/Wrapper/target/classes\n[INFO] -------------------------------------------------------------\n[ERROR] COMPILATION ERROR : \n[INFO] -------------------------------------------------------------\n[ERROR] /home/azmain/Code Recommendation/RAG/Projects/junit-4.6/TestResult/sample_5/Wrapper/src/main/java/org/example/Main.java:[3,17] package org.junit does not exist\n[ERROR] /home/azmain/Code Recommendation/RAG/Projects/junit-4.6/TestResult/sample_5/Wrapper/src/main/java/org/example/Main.java:[4,17] package org.junit does not exist\n[ERROR] /home/azmain/Code Recommendation/RAG/Projects/junit-4.6/TestResult/sample_5/Wrapper/src/main/java/org/example/Main.java:[5,24] package org.junit.runner does not exist\n[ERROR] /home/azmain/Code Recommendation/RAG/Projects/junit-4.6/TestResult/sample_5/Wrapper/src/main/java/org/example/Main.java:[6,31] package org.junit.runners.model does not exist\n[ERROR] /home/azmain/Code Recommendation/RAG/Projects/junit-4.6/TestResult/sample_5/Wrapper/src/main/java/org/example/Main.java:[7,25] package org.junit.runners does not exist\n[ERROR] /home/azmain/Code Recommendation/RAG/Projects/junit-4.6/TestResult/sample_5/Wrapper/src/main/java/org/example/Main.java:[8,31] package org.junit.runners.Suite does not exist\n[ERROR] /home/azmain/Code Recommendation/RAG/Projects/junit-4.6/TestResult/sample_5/Wrapper/src/main/java/org/example/Main.java:[11,6] cannot find symbol\n  symbol:   class RunWith\n  location: class org.example.Main\n[ERROR] /home/azmain/Code Recommendation/RAG/Projects/junit-4.6/TestResult/sample_5/Wrapper/src/main/java/org/example/Main.java:[12,6] cannot find symbol\n  symbol:   class SuiteClasses\n  location: class org.example.Main\n[ERROR] /home/azmain/Code Recommendation/RAG/Projects/junit-4.6/TestResult/sample_5/Wrapper/src/main/java/org/example/Main.java:[17,27] cannot find symbol\n  symbol:   class TestResult\n  location: class org.example.Main.Test1\n[ERROR] /home/azmain/Code Recommendation/RAG/Projects/junit-4.6/TestResult/sample_5/Wrapper/src/main/java/org/example/Main.java:[26,27] cannot find symbol\n  symbol:   class TestResult\n  location: class org.example.Main.Test2\n[ERROR] /home/azmain/Code Recommendation/RAG/Projects/junit-4.6/TestResult/sample_5/Wrapper/src/main/java/org/example/Main.java:[11,14] cannot find symbol\n  symbol:   class Suite\n  location: class org.example.Main\n[ERROR] /home/azmain/Code Recommendation/RAG/Projects/junit-4.6/TestResult/sample_5/Wrapper/src/main/java/org/example/Main.java:[16,10] cannot find symbol\n  symbol:   class Test\n  location: class org.example.Main.Test1\n[ERROR] /home/azmain/Code Recommendation/RAG/Projects/junit-4.6/TestResult/sample_5/Wrapper/src/main/java/org/example/Main.java:[25,10] cannot find symbol\n  symbol:   class Test\n  location: class org.example.Main.Test2\n[ERROR] /home/azmain/Code Recommendation/RAG/Projects/junit-4.6/TestResult/sample_5/Wrapper/src/main/java/org/example/Main.java:[18,13] cannot find symbol\n  symbol:   variable Assert\n  location: class org.example.Main.Test1\n[ERROR] /home/azmain/Code Recommendation/RAG/Projects/junit-4.6/TestResult/sample_5/Wrapper/src/main/java/org/example/Main.java:[27,13] cannot find symbol\n  symbol:   variable Assert\n  location: class org.example.Main.Test2\n[INFO] 15 errors \n[INFO] -------------------------------------------------------------\n[INFO] ------------------------------------------------------------------------\n[INFO] BUILD FAILURE\n[INFO] ------------------------------------------------------------------------\n[INFO] Total time:  0.786 s\n[INFO] Finished at: 2024-04-16T20:32:52-05:00\n[INFO] ------------------------------------------------------------------------\n[ERROR] Failed to execute goal org.apache.maven.plugins:maven-compiler-plugin:3.1:compile (default-compile) on project Wrapper: Compilation failure: Compilation failure: \n[ERROR] /home/azmain/Code Recommendation/RAG/Projects/junit-4.6/TestResult/sample_5/Wrapper/src/main/java/org/example/Main.java:[3,17] package org.junit does not exist\n[ERROR] /home/azmain/Code Recommendation/RAG/Projects/junit-4.6/TestResult/sample_5/Wrapper/src/main/java/org/example/Main.java:[4,17] package org.junit does not exist\n[ERROR] /home/azmain/Code Recommendation/RAG/Projects/junit-4.6/TestResult/sample_5/Wrapper/src/main/java/org/example/Main.java:[5,24] package org.junit.runner does not exist\n[ERROR] /home/azmain/Code Recommendation/RAG/Projects/junit-4.6/TestResult/sample_5/Wrapper/src/main/java/org/example/Main.java:[6,31] package org.junit.runners.model does not exist\n[ERROR] /home/azmain/Code Recommendation/RAG/Projects/junit-4.6/TestResult/sample_5/Wrapper/src/main/java/org/example/Main.java:[7,25] package org.junit.runners does not exist\n[ERROR] /home/azmain/Code Recommendation/RAG/Projects/junit-4.6/TestResult/sample_5/Wrapper/src/main/java/org/example/Main.java:[8,31] package org.junit.runners.Suite does not exist\n[ERROR] /home/azmain/Code Recommendation/RAG/Projects/junit-4.6/TestResult/sample_5/Wrapper/src/main/java/org/example/Main.java:[11,6] cannot find symbol\n[ERROR]   symbol:   class RunWith\n[ERROR]   location: class org.example.Main\n[ERROR] /home/azmain/Code Recommendation/RAG/Projects/junit-4.6/TestResult/sample_5/Wrapper/src/main/java/org/example/Main.java:[12,6] cannot find symbol\n[ERROR]   symbol:   class SuiteClasses\n[ERROR]   location: class org.example.Main\n[ERROR] /home/azmain/Code Recommendation/RAG/Projects/junit-4.6/TestResult/sample_5/Wrapper/src/main/java/org/example/Main.java:[17,27] cannot find symbol\n[ERROR]   symbol:   class TestResult\n[ERROR]   location: class org.example.Main.Test1\n[ERROR] /home/azmain/Code Recommendation/RAG/Projects/junit-4.6/TestResult/sample_5/Wrapper/src/main/java/org/example/Main.java:[26,27] cannot find symbol\n[ERROR]   symbol:   class TestResult\n[ERROR]   location: class org.example.Main.Test2\n[ERROR] /home/azmain/Code Recommendation/RAG/Projects/junit-4.6/TestResult/sample_5/Wrapper/src/main/java/org/example/Main.java:[11,14] cannot find symbol\n[ERROR]   symbol:   class Suite\n[ERROR]   location: class org.example.Main\n[ERROR] /home/azmain/Code Recommendation/RAG/Projects/junit-4.6/TestResult/sample_5/Wrapper/src/main/java/org/example/Main.java:[16,10] cannot find symbol\n[ERROR]   symbol:   class Test\n[ERROR]   location: class org.example.Main.Test1\n[ERROR] /home/azmain/Code Recommendation/RAG/Projects/junit-4.6/TestResult/sample_5/Wrapper/src/main/java/org/example/Main.java:[25,10] cannot find symbol\n[ERROR]   symbol:   class Test\n[ERROR]   location: class org.example.Main.Test2\n[ERROR] /home/azmain/Code Recommendation/RAG/Projects/junit-4.6/TestResult/sample_5/Wrapper/src/main/java/org/example/Main.java:[18,13] cannot find symbol\n[ERROR]   symbol:   variable Assert\n[ERROR]   location: class org.example.Main.Test1\n[ERROR] /home/azmain/Code Recommendation/RAG/Projects/junit-4.6/TestResult/sample_5/Wrapper/src/main/java/org/example/Main.java:[27,13] cannot find symbol\n[ERROR]   symbol:   variable Assert\n[ERROR]   location: class org.example.Main.Test2\n[ERROR] -> [Help 1]\n[ERROR] \n[ERROR] To see the full stack trace of the errors, re-run Maven with the -e switch.\n[ERROR] Re-run Maven using the -X switch to enable full debug logging.\n[ERROR] \n[ERROR] For more information about the errors and possible solutions, please read the following articles:\n[ERROR] [Help 1] http://cwiki.apache.org/confluence/display/MAVEN/MojoFailureException\n",
                        "error_list": [
                            {
                                "file": "/home/azmain/Code Recommendation/RAG/Projects/junit-4.6/TestResult/sample_5/Wrapper/src/main/java/org/example/Main.java",
                                "line": 11,
                                "column": 14,
                                "message": "cannot find symbol"
                            },
                            {
                                "file": "/home/azmain/Code Recommendation/RAG/Projects/junit-4.6/TestResult/sample_5/Wrapper/src/main/java/org/example/Main.java",
                                "line": 4,
                                "column": 17,
                                "message": "package org.junit does not exist"
                            },
                            {
                                "file": "/home/azmain/Code Recommendation/RAG/Projects/junit-4.6/TestResult/sample_5/Wrapper/src/main/java/org/example/Main.java",
                                "line": 8,
                                "column": 31,
                                "message": "package org.junit.runners.Suite does not exist"
                            },
                            {
                                "file": "/home/azmain/Code Recommendation/RAG/Projects/junit-4.6/TestResult/sample_5/Wrapper/src/main/java/org/example/Main.java",
                                "line": 17,
                                "column": 27,
                                "message": "cannot find symbol"
                            },
                            {
                                "file": "/home/azmain/Code Recommendation/RAG/Projects/junit-4.6/TestResult/sample_5/Wrapper/src/main/java/org/example/Main.java",
                                "line": 3,
                                "column": 17,
                                "message": "package org.junit does not exist"
                            },
                            {
                                "file": "/home/azmain/Code Recommendation/RAG/Projects/junit-4.6/TestResult/sample_5/Wrapper/src/main/java/org/example/Main.java",
                                "line": 5,
                                "column": 24,
                                "message": "package org.junit.runner does not exist"
                            },
                            {
                                "file": "/home/azmain/Code Recommendation/RAG/Projects/junit-4.6/TestResult/sample_5/Wrapper/src/main/java/org/example/Main.java",
                                "line": 27,
                                "column": 13,
                                "message": "cannot find symbol"
                            },
                            {
                                "file": "/home/azmain/Code Recommendation/RAG/Projects/junit-4.6/TestResult/sample_5/Wrapper/src/main/java/org/example/Main.java",
                                "line": 12,
                                "column": 6,
                                "message": "cannot find symbol"
                            },
                            {
                                "file": "/home/azmain/Code Recommendation/RAG/Projects/junit-4.6/TestResult/sample_5/Wrapper/src/main/java/org/example/Main.java",
                                "line": 6,
                                "column": 31,
                                "message": "package org.junit.runners.model does not exist"
                            },
                            {
                                "file": "/home/azmain/Code Recommendation/RAG/Projects/junit-4.6/TestResult/sample_5/Wrapper/src/main/java/org/example/Main.java",
                                "line": 11,
                                "column": 6,
                                "message": "cannot find symbol"
                            },
                            {
                                "file": "/home/azmain/Code Recommendation/RAG/Projects/junit-4.6/TestResult/sample_5/Wrapper/src/main/java/org/example/Main.java",
                                "line": 25,
                                "column": 10,
                                "message": "cannot find symbol"
                            },
                            {
                                "file": "/home/azmain/Code Recommendation/RAG/Projects/junit-4.6/TestResult/sample_5/Wrapper/src/main/java/org/example/Main.java",
                                "line": 18,
                                "column": 13,
                                "message": "cannot find symbol"
                            },
                            {
                                "file": "/home/azmain/Code Recommendation/RAG/Projects/junit-4.6/TestResult/sample_5/Wrapper/src/main/java/org/example/Main.java",
                                "line": 7,
                                "column": 25,
                                "message": "package org.junit.runners does not exist"
                            },
                            {
                                "file": "/home/azmain/Code Recommendation/RAG/Projects/junit-4.6/TestResult/sample_5/Wrapper/src/main/java/org/example/Main.java",
                                "line": 26,
                                "column": 27,
                                "message": "cannot find symbol"
                            },
                            {
                                "file": "/home/azmain/Code Recommendation/RAG/Projects/junit-4.6/TestResult/sample_5/Wrapper/src/main/java/org/example/Main.java",
                                "line": 16,
                                "column": 10,
                                "message": "cannot find symbol"
                            }
                        ]
                    }
                }
            }
        },
        "TestFailure": {
            "prompt": "Give me a complete, correct and compilable Java code. This code must use \"TestFailure\" API from \"junit-4.6\" project along with other necessary APIs. The dependency is already added for \"junit-4.6\" project. So, if you need to use other APIs, then do not use APIs whose import statements require adding new dependencies. The name of the class that has the main method should be Main.",
            "sample_1": {
                "full_response": "You are an exceptionally intelligent coding assistant that consistently delivers accurate and reliable responses to user instructions.\n\n@@ Instruction\nGive me a complete, correct and compilable Java code. This code must use \"TestFailure\" API from \"junit-4.6\" project along with other necessary APIs. The dependency is already added for \"junit-4.6\" project. So, if you need to use other APIs, then do not use APIs whose import statements require adding new dependencies. The name of the class that has the main method should be Main.\n\n@@ Response\nBelow is an example of a complete, correct and compilable Java code using JUnit's `TestFailure` API. To run the tests, you need a `junit-4.13.jar` file. You may have to import the necessary dependencies to run the code.\n\n```java\nimport org.junit.runner.JUnitCore;\nimport org.junit.runner.notification.Failure;\nimport org.junit.runner.RunWith;\nimport org.junit.runners.Suite;\nimport org.junit.runners.model.InitializationError;\n\nimport java.util.Arrays;\nimport java.util.List;\n\n@RunWith(Suite.class)\n\n@Suite.SuiteClasses({TestClass1.class, TestClass2.class})\npublic class TestSuite {\n    public static void main(String args[]) throws InitializationError {\n        JUnitCore runner = new JUnitCore();\n        List<Failure> failures = runner.run(TestSuite.class);\n        for (Failure failure : failures) {\n            System.out.println(failure.getTestHeader() + \": \" + failure.getMessage());\n        }\n        if (failures.isEmpty()) {\n            System.out.println(\"All tests passed\");\n        }\n    }\n}\n```\nReplace `TestClass1.class, TestClass2.class` with the names of your test classes you want to run in the suite.\n\nThis is a JUnit Suite for your test classes. The `@RunWith(Suite.class)` annotation specifies that this class is a test suite and should be run by JUnit's test runner. The `@SuiteClasses` annotation lists the individual test classes that should be run by the suite.\n\nNote that JUnit 4 doesn't directly provide functionality for individual tests to be reported separately in `junit-4.13.jar`, but the test failures can still be obtained and displayed using JUnit's `JUnitCore` test runner.\n\n`failures` is a list of test failures, which are then printed to the console. Each failure includes the name of the test that failed and the reason why it failed. \n\nBefore running the main method, ensure your `junit-4.13.jar` file is on the classpath.\n\nRemember that test cases should contain assertions checking the correctness of the program being tested.",
                "extracted_java_code_from_prediction": "import org.junit.runner.JUnitCore;\nimport org.junit.runner.notification.Failure;\nimport org.junit.runner.RunWith;\nimport org.junit.runners.Suite;\nimport org.junit.runners.model.InitializationError;\n\nimport java.util.Arrays;\nimport java.util.List;\n\n@RunWith(Suite.class)\n\n@Suite.SuiteClasses({TestClass1.class, TestClass2.class})\npublic class TestSuite {\n    public static void main(String args[]) throws InitializationError {\n        JUnitCore runner = new JUnitCore();\n        List<Failure> failures = runner.run(TestSuite.class);\n        for (Failure failure : failures) {\n            System.out.println(failure.getTestHeader() + \": \" + failure.getMessage());\n        }\n        if (failures.isEmpty()) {\n            System.out.println(\"All tests passed\");\n        }\n    }\n}",
                "extracted_FQNs_from_prediction": [
                    "org.junit.runner.JUnitCore",
                    "org.junit.runner.notification.Failure",
                    "org.junit.runner.RunWith",
                    "org.junit.runners.Suite",
                    "org.junit.runners.model.InitializationError",
                    "java.util.Arrays",
                    "java.util.List"
                ],
                "correct_FQN_predictions": [
                    "org.junit.runner.JUnitCore",
                    "org.junit.runner.notification.Failure",
                    "org.junit.runner.RunWith",
                    "org.junit.runners.Suite",
                    "org.junit.runners.model.InitializationError"
                ],
                "wrong_FQN_predictions": [
                    "java.util.Arrays",
                    "java.util.List"
                ],
                "number_of_correct_FQNs": 5,
                "number_of_wrong_FQNs": 2,
                "failure_rate_for_FQNs": 0.2857142857142857,
                "model_confidence": 0.5647757053375244,
                "code_build": {
                    "build_result": {
                        "status": "failure",
                        "hallucinations_for_FQNs": "Need manual review",
                        "message": "Build failed. Full error log present.",
                        "full_error_log": "[INFO] Scanning for projects...\n[WARNING] \n[WARNING] Some problems were encountered while building the effective model for org.example:Wrapper:jar:1.0-SNAPSHOT\n[WARNING] 'build.plugins.plugin.version' for org.apache.maven.plugins:maven-compiler-plugin is missing. @ line 46, column 15\n[WARNING] \n[WARNING] It is highly recommended to fix these problems because they threaten the stability of your build.\n[WARNING] \n[WARNING] For this reason, future Maven versions might no longer support building such malformed projects.\n[WARNING] \n[INFO] \n[INFO] ------------------------< org.example:Wrapper >-------------------------\n[INFO] Building Wrapper 1.0-SNAPSHOT\n[INFO] --------------------------------[ jar ]---------------------------------\n[INFO] \n[INFO] --- maven-clean-plugin:2.5:clean (default-clean) @ Wrapper ---\n[INFO] Deleting /home/azmain/Code Recommendation/RAG/Projects/junit-4.6/TestFailure/sample_1/Wrapper/target\n[INFO] \n[INFO] --- maven-resources-plugin:2.6:resources (default-resources) @ Wrapper ---\n[INFO] Using 'UTF-8' encoding to copy filtered resources.\n[INFO] skip non existing resourceDirectory /home/azmain/Code Recommendation/RAG/Projects/junit-4.6/TestFailure/sample_1/Wrapper/src/main/resources\n[INFO] \n[INFO] --- maven-compiler-plugin:3.1:compile (default-compile) @ Wrapper ---\n[INFO] Changes detected - recompiling the module!\n[INFO] Compiling 2 source files to /home/azmain/Code Recommendation/RAG/Projects/junit-4.6/TestFailure/sample_1/Wrapper/target/classes\n[INFO] -------------------------------------------------------------\n[ERROR] COMPILATION ERROR : \n[INFO] -------------------------------------------------------------\n[ERROR] /home/azmain/Code Recommendation/RAG/Projects/junit-4.6/TestFailure/sample_1/Wrapper/src/main/java/org/example/TestSuite.java:[3,24] package org.junit.runner does not exist\n[ERROR] /home/azmain/Code Recommendation/RAG/Projects/junit-4.6/TestFailure/sample_1/Wrapper/src/main/java/org/example/TestSuite.java:[4,37] package org.junit.runner.notification does not exist\n[ERROR] /home/azmain/Code Recommendation/RAG/Projects/junit-4.6/TestFailure/sample_1/Wrapper/src/main/java/org/example/TestSuite.java:[5,24] package org.junit.runner does not exist\n[ERROR] /home/azmain/Code Recommendation/RAG/Projects/junit-4.6/TestFailure/sample_1/Wrapper/src/main/java/org/example/TestSuite.java:[6,25] package org.junit.runners does not exist\n[ERROR] /home/azmain/Code Recommendation/RAG/Projects/junit-4.6/TestFailure/sample_1/Wrapper/src/main/java/org/example/TestSuite.java:[7,31] package org.junit.runners.model does not exist\n[ERROR] /home/azmain/Code Recommendation/RAG/Projects/junit-4.6/TestFailure/sample_1/Wrapper/src/main/java/org/example/TestSuite.java:[12,51] cannot find symbol\n  symbol:   class InitializationError\n  location: class org.example.TestSuite\n[ERROR] /home/azmain/Code Recommendation/RAG/Projects/junit-4.6/TestFailure/sample_1/Wrapper/src/main/java/org/example/TestSuite.java:[13,9] cannot find symbol\n  symbol:   class JUnitCore\n  location: class org.example.TestSuite\n[ERROR] /home/azmain/Code Recommendation/RAG/Projects/junit-4.6/TestFailure/sample_1/Wrapper/src/main/java/org/example/TestSuite.java:[13,32] cannot find symbol\n  symbol:   class JUnitCore\n  location: class org.example.TestSuite\n[ERROR] /home/azmain/Code Recommendation/RAG/Projects/junit-4.6/TestFailure/sample_1/Wrapper/src/main/java/org/example/TestSuite.java:[14,14] cannot find symbol\n  symbol:   class Failure\n  location: class org.example.TestSuite\n[ERROR] /home/azmain/Code Recommendation/RAG/Projects/junit-4.6/TestFailure/sample_1/Wrapper/src/main/java/org/example/TestSuite.java:[15,14] cannot find symbol\n  symbol:   class Failure\n  location: class org.example.TestSuite\n[INFO] 10 errors \n[INFO] -------------------------------------------------------------\n[INFO] ------------------------------------------------------------------------\n[INFO] BUILD FAILURE\n[INFO] ------------------------------------------------------------------------\n[INFO] Total time:  0.715 s\n[INFO] Finished at: 2024-04-16T20:33:29-05:00\n[INFO] ------------------------------------------------------------------------\n[ERROR] Failed to execute goal org.apache.maven.plugins:maven-compiler-plugin:3.1:compile (default-compile) on project Wrapper: Compilation failure: Compilation failure: \n[ERROR] /home/azmain/Code Recommendation/RAG/Projects/junit-4.6/TestFailure/sample_1/Wrapper/src/main/java/org/example/TestSuite.java:[3,24] package org.junit.runner does not exist\n[ERROR] /home/azmain/Code Recommendation/RAG/Projects/junit-4.6/TestFailure/sample_1/Wrapper/src/main/java/org/example/TestSuite.java:[4,37] package org.junit.runner.notification does not exist\n[ERROR] /home/azmain/Code Recommendation/RAG/Projects/junit-4.6/TestFailure/sample_1/Wrapper/src/main/java/org/example/TestSuite.java:[5,24] package org.junit.runner does not exist\n[ERROR] /home/azmain/Code Recommendation/RAG/Projects/junit-4.6/TestFailure/sample_1/Wrapper/src/main/java/org/example/TestSuite.java:[6,25] package org.junit.runners does not exist\n[ERROR] /home/azmain/Code Recommendation/RAG/Projects/junit-4.6/TestFailure/sample_1/Wrapper/src/main/java/org/example/TestSuite.java:[7,31] package org.junit.runners.model does not exist\n[ERROR] /home/azmain/Code Recommendation/RAG/Projects/junit-4.6/TestFailure/sample_1/Wrapper/src/main/java/org/example/TestSuite.java:[12,51] cannot find symbol\n[ERROR]   symbol:   class InitializationError\n[ERROR]   location: class org.example.TestSuite\n[ERROR] /home/azmain/Code Recommendation/RAG/Projects/junit-4.6/TestFailure/sample_1/Wrapper/src/main/java/org/example/TestSuite.java:[13,9] cannot find symbol\n[ERROR]   symbol:   class JUnitCore\n[ERROR]   location: class org.example.TestSuite\n[ERROR] /home/azmain/Code Recommendation/RAG/Projects/junit-4.6/TestFailure/sample_1/Wrapper/src/main/java/org/example/TestSuite.java:[13,32] cannot find symbol\n[ERROR]   symbol:   class JUnitCore\n[ERROR]   location: class org.example.TestSuite\n[ERROR] /home/azmain/Code Recommendation/RAG/Projects/junit-4.6/TestFailure/sample_1/Wrapper/src/main/java/org/example/TestSuite.java:[14,14] cannot find symbol\n[ERROR]   symbol:   class Failure\n[ERROR]   location: class org.example.TestSuite\n[ERROR] /home/azmain/Code Recommendation/RAG/Projects/junit-4.6/TestFailure/sample_1/Wrapper/src/main/java/org/example/TestSuite.java:[15,14] cannot find symbol\n[ERROR]   symbol:   class Failure\n[ERROR]   location: class org.example.TestSuite\n[ERROR] -> [Help 1]\n[ERROR] \n[ERROR] To see the full stack trace of the errors, re-run Maven with the -e switch.\n[ERROR] Re-run Maven using the -X switch to enable full debug logging.\n[ERROR] \n[ERROR] For more information about the errors and possible solutions, please read the following articles:\n[ERROR] [Help 1] http://cwiki.apache.org/confluence/display/MAVEN/MojoFailureException\n",
                        "error_list": [
                            {
                                "file": "/home/azmain/Code Recommendation/RAG/Projects/junit-4.6/TestFailure/sample_1/Wrapper/src/main/java/org/example/TestSuite.java",
                                "line": 12,
                                "column": 51,
                                "message": "cannot find symbol"
                            },
                            {
                                "file": "/home/azmain/Code Recommendation/RAG/Projects/junit-4.6/TestFailure/sample_1/Wrapper/src/main/java/org/example/TestSuite.java",
                                "line": 7,
                                "column": 31,
                                "message": "package org.junit.runners.model does not exist"
                            },
                            {
                                "file": "/home/azmain/Code Recommendation/RAG/Projects/junit-4.6/TestFailure/sample_1/Wrapper/src/main/java/org/example/TestSuite.java",
                                "line": 14,
                                "column": 14,
                                "message": "cannot find symbol"
                            },
                            {
                                "file": "/home/azmain/Code Recommendation/RAG/Projects/junit-4.6/TestFailure/sample_1/Wrapper/src/main/java/org/example/TestSuite.java",
                                "line": 13,
                                "column": 9,
                                "message": "cannot find symbol"
                            },
                            {
                                "file": "/home/azmain/Code Recommendation/RAG/Projects/junit-4.6/TestFailure/sample_1/Wrapper/src/main/java/org/example/TestSuite.java",
                                "line": 6,
                                "column": 25,
                                "message": "package org.junit.runners does not exist"
                            },
                            {
                                "file": "/home/azmain/Code Recommendation/RAG/Projects/junit-4.6/TestFailure/sample_1/Wrapper/src/main/java/org/example/TestSuite.java",
                                "line": 13,
                                "column": 32,
                                "message": "cannot find symbol"
                            },
                            {
                                "file": "/home/azmain/Code Recommendation/RAG/Projects/junit-4.6/TestFailure/sample_1/Wrapper/src/main/java/org/example/TestSuite.java",
                                "line": 5,
                                "column": 24,
                                "message": "package org.junit.runner does not exist"
                            },
                            {
                                "file": "/home/azmain/Code Recommendation/RAG/Projects/junit-4.6/TestFailure/sample_1/Wrapper/src/main/java/org/example/TestSuite.java",
                                "line": 15,
                                "column": 14,
                                "message": "cannot find symbol"
                            },
                            {
                                "file": "/home/azmain/Code Recommendation/RAG/Projects/junit-4.6/TestFailure/sample_1/Wrapper/src/main/java/org/example/TestSuite.java",
                                "line": 4,
                                "column": 37,
                                "message": "package org.junit.runner.notification does not exist"
                            },
                            {
                                "file": "/home/azmain/Code Recommendation/RAG/Projects/junit-4.6/TestFailure/sample_1/Wrapper/src/main/java/org/example/TestSuite.java",
                                "line": 3,
                                "column": 24,
                                "message": "package org.junit.runner does not exist"
                            }
                        ]
                    }
                }
            },
            "sample_2": {
                "full_response": "You are an exceptionally intelligent coding assistant that consistently delivers accurate and reliable responses to user instructions.\n\n@@ Instruction\nGive me a complete, correct and compilable Java code. This code must use \"TestFailure\" API from \"junit-4.6\" project along with other necessary APIs. The dependency is already added for \"junit-4.6\" project. So, if you need to use other APIs, then do not use APIs whose import statements require adding new dependencies. The name of the class that has the main method should be Main.\n\n@@ Response\nSure, here's a basic example of how you could use JUnit's TestFailure API. This example includes adding the JUnit library, and it's important to mention that you will need to add the JUnit library to your project:\n\n```java\nimport org.junit.Test;\nimport org.junit.runner.RunWith;\nimport org.junit.runners.JUnit4;\nimport org.junit.Test;\nimport org.junit.runner.notification.Failure;\nimport org.junit.runner.JUnitCore;\nimport org.junit.internal.runners.JUnit38ClassRunner;\nimport junit.framework.TestResult;\nimport junit.framework.AssertionFailedError;\n\n@RunWith(JUnit4.class)\npublic class Main {\n\n    public static void main(String[] args) {\n        JUnitCore runner = new JUnitCore();\n        TestResult result = new TestResult() {\n            @Override\n            public void addFailure(Failure failure) {\n                System.out.println(failure.toString());\n            }\n        };\n        \n        runner.run(new JUnit38ClassRunner(result), MyTestClass.class);\n    }\n\n    public static class MyTestClass {\n\n        @Test\n        public void test1() {\n            throw new AssertionFailedError(\"test1 failed\");\n        }\n\n        @Test\n        public void test2() {\n            throw new AssertionFailedError(\"test2 failed\");\n        }\n\n        @Test\n        public void test3() {\n            // test passes\n        }\n    }\n}\n```\n\nThe code above uses JUnit's TestFailure API to print out the failure messages for the test methods in `MyTestClass`. When `JUnitCore` is run with a test listener that adds failures to `result`, these failures can be extracted and processed as necessary. \n\nPlease note that the JUnit library should already be present in your project because it was added as a dependency in your question. \n\nThis code snippet assumes that you've already set up your test class and test methods correctly to throw AssertionFailedError when a test fails.",
                "extracted_java_code_from_prediction": "import org.junit.Test;\nimport org.junit.runner.RunWith;\nimport org.junit.runners.JUnit4;\nimport org.junit.Test;\nimport org.junit.runner.notification.Failure;\nimport org.junit.runner.JUnitCore;\nimport org.junit.internal.runners.JUnit38ClassRunner;\nimport junit.framework.TestResult;\nimport junit.framework.AssertionFailedError;\n\n@RunWith(JUnit4.class)\npublic class Main {\n\n    public static void main(String[] args) {\n        JUnitCore runner = new JUnitCore();\n        TestResult result = new TestResult() {\n            @Override\n            public void addFailure(Failure failure) {\n                System.out.println(failure.toString());\n            }\n        };\n        \n        runner.run(new JUnit38ClassRunner(result), MyTestClass.class);\n    }\n\n    public static class MyTestClass {\n\n        @Test\n        public void test1() {\n            throw new AssertionFailedError(\"test1 failed\");\n        }\n\n        @Test\n        public void test2() {\n            throw new AssertionFailedError(\"test2 failed\");\n        }\n\n        @Test\n        public void test3() {\n            // test passes\n        }\n    }\n}",
                "extracted_FQNs_from_prediction": [
                    "org.junit.Test",
                    "org.junit.runner.RunWith",
                    "org.junit.runners.JUnit4",
                    "org.junit.Test",
                    "org.junit.runner.notification.Failure",
                    "org.junit.runner.JUnitCore",
                    "org.junit.internal.runners.JUnit38ClassRunner",
                    "junit.framework.TestResult",
                    "junit.framework.AssertionFailedError"
                ],
                "correct_FQN_predictions": [
                    "org.junit.Test",
                    "org.junit.runner.RunWith",
                    "org.junit.runners.JUnit4",
                    "org.junit.Test",
                    "org.junit.runner.notification.Failure",
                    "org.junit.runner.JUnitCore",
                    "org.junit.internal.runners.JUnit38ClassRunner",
                    "junit.framework.TestResult",
                    "junit.framework.AssertionFailedError"
                ],
                "wrong_FQN_predictions": [],
                "number_of_correct_FQNs": 9,
                "number_of_wrong_FQNs": 0,
                "failure_rate_for_FQNs": 0.0,
                "model_confidence": 0.5655079483985901,
                "code_build": {
                    "build_result": {
                        "status": "failure",
                        "hallucinations_for_FQNs": "Need manual review",
                        "message": "Build failed. Full error log present.",
                        "full_error_log": "[INFO] Scanning for projects...\n[WARNING] \n[WARNING] Some problems were encountered while building the effective model for org.example:Wrapper:jar:1.0-SNAPSHOT\n[WARNING] 'build.plugins.plugin.version' for org.apache.maven.plugins:maven-compiler-plugin is missing. @ line 46, column 15\n[WARNING] \n[WARNING] It is highly recommended to fix these problems because they threaten the stability of your build.\n[WARNING] \n[WARNING] For this reason, future Maven versions might no longer support building such malformed projects.\n[WARNING] \n[INFO] \n[INFO] ------------------------< org.example:Wrapper >-------------------------\n[INFO] Building Wrapper 1.0-SNAPSHOT\n[INFO] --------------------------------[ jar ]---------------------------------\n[INFO] \n[INFO] --- maven-clean-plugin:2.5:clean (default-clean) @ Wrapper ---\n[INFO] Deleting /home/azmain/Code Recommendation/RAG/Projects/junit-4.6/TestFailure/sample_2/Wrapper/target\n[INFO] \n[INFO] --- maven-resources-plugin:2.6:resources (default-resources) @ Wrapper ---\n[INFO] Using 'UTF-8' encoding to copy filtered resources.\n[INFO] skip non existing resourceDirectory /home/azmain/Code Recommendation/RAG/Projects/junit-4.6/TestFailure/sample_2/Wrapper/src/main/resources\n[INFO] \n[INFO] --- maven-compiler-plugin:3.1:compile (default-compile) @ Wrapper ---\n[INFO] Changes detected - recompiling the module!\n[INFO] Compiling 1 source file to /home/azmain/Code Recommendation/RAG/Projects/junit-4.6/TestFailure/sample_2/Wrapper/target/classes\n[INFO] -------------------------------------------------------------\n[ERROR] COMPILATION ERROR : \n[INFO] -------------------------------------------------------------\n[ERROR] /home/azmain/Code Recommendation/RAG/Projects/junit-4.6/TestFailure/sample_2/Wrapper/src/main/java/org/example/Main.java:[4,17] package org.junit does not exist\n[ERROR] /home/azmain/Code Recommendation/RAG/Projects/junit-4.6/TestFailure/sample_2/Wrapper/src/main/java/org/example/Main.java:[5,24] package org.junit.runner does not exist\n[ERROR] /home/azmain/Code Recommendation/RAG/Projects/junit-4.6/TestFailure/sample_2/Wrapper/src/main/java/org/example/Main.java:[6,25] package org.junit.runners does not exist\n[ERROR] /home/azmain/Code Recommendation/RAG/Projects/junit-4.6/TestFailure/sample_2/Wrapper/src/main/java/org/example/Main.java:[7,17] package org.junit does not exist\n[ERROR] /home/azmain/Code Recommendation/RAG/Projects/junit-4.6/TestFailure/sample_2/Wrapper/src/main/java/org/example/Main.java:[8,37] package org.junit.runner.notification does not exist\n[ERROR] /home/azmain/Code Recommendation/RAG/Projects/junit-4.6/TestFailure/sample_2/Wrapper/src/main/java/org/example/Main.java:[9,24] package org.junit.runner does not exist\n[ERROR] /home/azmain/Code Recommendation/RAG/Projects/junit-4.6/TestFailure/sample_2/Wrapper/src/main/java/org/example/Main.java:[10,34] package org.junit.internal.runners does not exist\n[ERROR] /home/azmain/Code Recommendation/RAG/Projects/junit-4.6/TestFailure/sample_2/Wrapper/src/main/java/org/example/Main.java:[11,23] package junit.framework does not exist\n[ERROR] /home/azmain/Code Recommendation/RAG/Projects/junit-4.6/TestFailure/sample_2/Wrapper/src/main/java/org/example/Main.java:[12,23] package junit.framework does not exist\n[ERROR] /home/azmain/Code Recommendation/RAG/Projects/junit-4.6/TestFailure/sample_2/Wrapper/src/main/java/org/example/Main.java:[30,10] cannot find symbol\n  symbol:   class Test\n  location: class org.example.Main.MyTestClass\n[ERROR] /home/azmain/Code Recommendation/RAG/Projects/junit-4.6/TestFailure/sample_2/Wrapper/src/main/java/org/example/Main.java:[35,10] cannot find symbol\n  symbol:   class Test\n  location: class org.example.Main.MyTestClass\n[ERROR] /home/azmain/Code Recommendation/RAG/Projects/junit-4.6/TestFailure/sample_2/Wrapper/src/main/java/org/example/Main.java:[40,10] cannot find symbol\n  symbol:   class Test\n  location: class org.example.Main.MyTestClass\n[ERROR] /home/azmain/Code Recommendation/RAG/Projects/junit-4.6/TestFailure/sample_2/Wrapper/src/main/java/org/example/Main.java:[17,9] cannot find symbol\n  symbol:   class JUnitCore\n  location: class org.example.Main\n[ERROR] /home/azmain/Code Recommendation/RAG/Projects/junit-4.6/TestFailure/sample_2/Wrapper/src/main/java/org/example/Main.java:[17,32] cannot find symbol\n  symbol:   class JUnitCore\n  location: class org.example.Main\n[ERROR] /home/azmain/Code Recommendation/RAG/Projects/junit-4.6/TestFailure/sample_2/Wrapper/src/main/java/org/example/Main.java:[18,9] cannot find symbol\n  symbol:   class TestResult\n  location: class org.example.Main\n[ERROR] /home/azmain/Code Recommendation/RAG/Projects/junit-4.6/TestFailure/sample_2/Wrapper/src/main/java/org/example/Main.java:[18,33] cannot find symbol\n  symbol:   class TestResult\n  location: class org.example.Main\n[ERROR] /home/azmain/Code Recommendation/RAG/Projects/junit-4.6/TestFailure/sample_2/Wrapper/src/main/java/org/example/Main.java:[20,36] cannot find symbol\n  symbol: class Failure\n[ERROR] /home/azmain/Code Recommendation/RAG/Projects/junit-4.6/TestFailure/sample_2/Wrapper/src/main/java/org/example/Main.java:[19,13] method does not override or implement a method from a supertype\n[ERROR] /home/azmain/Code Recommendation/RAG/Projects/junit-4.6/TestFailure/sample_2/Wrapper/src/main/java/org/example/Main.java:[25,24] cannot find symbol\n  symbol:   class JUnit38ClassRunner\n  location: class org.example.Main\n[ERROR] /home/azmain/Code Recommendation/RAG/Projects/junit-4.6/TestFailure/sample_2/Wrapper/src/main/java/org/example/Main.java:[32,23] cannot find symbol\n  symbol:   class AssertionFailedError\n  location: class org.example.Main.MyTestClass\n[ERROR] /home/azmain/Code Recommendation/RAG/Projects/junit-4.6/TestFailure/sample_2/Wrapper/src/main/java/org/example/Main.java:[37,23] cannot find symbol\n  symbol:   class AssertionFailedError\n  location: class org.example.Main.MyTestClass\n[INFO] 21 errors \n[INFO] -------------------------------------------------------------\n[INFO] ------------------------------------------------------------------------\n[INFO] BUILD FAILURE\n[INFO] ------------------------------------------------------------------------\n[INFO] Total time:  0.771 s\n[INFO] Finished at: 2024-04-16T20:33:30-05:00\n[INFO] ------------------------------------------------------------------------\n[ERROR] Failed to execute goal org.apache.maven.plugins:maven-compiler-plugin:3.1:compile (default-compile) on project Wrapper: Compilation failure: Compilation failure: \n[ERROR] /home/azmain/Code Recommendation/RAG/Projects/junit-4.6/TestFailure/sample_2/Wrapper/src/main/java/org/example/Main.java:[4,17] package org.junit does not exist\n[ERROR] /home/azmain/Code Recommendation/RAG/Projects/junit-4.6/TestFailure/sample_2/Wrapper/src/main/java/org/example/Main.java:[5,24] package org.junit.runner does not exist\n[ERROR] /home/azmain/Code Recommendation/RAG/Projects/junit-4.6/TestFailure/sample_2/Wrapper/src/main/java/org/example/Main.java:[6,25] package org.junit.runners does not exist\n[ERROR] /home/azmain/Code Recommendation/RAG/Projects/junit-4.6/TestFailure/sample_2/Wrapper/src/main/java/org/example/Main.java:[7,17] package org.junit does not exist\n[ERROR] /home/azmain/Code Recommendation/RAG/Projects/junit-4.6/TestFailure/sample_2/Wrapper/src/main/java/org/example/Main.java:[8,37] package org.junit.runner.notification does not exist\n[ERROR] /home/azmain/Code Recommendation/RAG/Projects/junit-4.6/TestFailure/sample_2/Wrapper/src/main/java/org/example/Main.java:[9,24] package org.junit.runner does not exist\n[ERROR] /home/azmain/Code Recommendation/RAG/Projects/junit-4.6/TestFailure/sample_2/Wrapper/src/main/java/org/example/Main.java:[10,34] package org.junit.internal.runners does not exist\n[ERROR] /home/azmain/Code Recommendation/RAG/Projects/junit-4.6/TestFailure/sample_2/Wrapper/src/main/java/org/example/Main.java:[11,23] package junit.framework does not exist\n[ERROR] /home/azmain/Code Recommendation/RAG/Projects/junit-4.6/TestFailure/sample_2/Wrapper/src/main/java/org/example/Main.java:[12,23] package junit.framework does not exist\n[ERROR] /home/azmain/Code Recommendation/RAG/Projects/junit-4.6/TestFailure/sample_2/Wrapper/src/main/java/org/example/Main.java:[30,10] cannot find symbol\n[ERROR]   symbol:   class Test\n[ERROR]   location: class org.example.Main.MyTestClass\n[ERROR] /home/azmain/Code Recommendation/RAG/Projects/junit-4.6/TestFailure/sample_2/Wrapper/src/main/java/org/example/Main.java:[35,10] cannot find symbol\n[ERROR]   symbol:   class Test\n[ERROR]   location: class org.example.Main.MyTestClass\n[ERROR] /home/azmain/Code Recommendation/RAG/Projects/junit-4.6/TestFailure/sample_2/Wrapper/src/main/java/org/example/Main.java:[40,10] cannot find symbol\n[ERROR]   symbol:   class Test\n[ERROR]   location: class org.example.Main.MyTestClass\n[ERROR] /home/azmain/Code Recommendation/RAG/Projects/junit-4.6/TestFailure/sample_2/Wrapper/src/main/java/org/example/Main.java:[17,9] cannot find symbol\n[ERROR]   symbol:   class JUnitCore\n[ERROR]   location: class org.example.Main\n[ERROR] /home/azmain/Code Recommendation/RAG/Projects/junit-4.6/TestFailure/sample_2/Wrapper/src/main/java/org/example/Main.java:[17,32] cannot find symbol\n[ERROR]   symbol:   class JUnitCore\n[ERROR]   location: class org.example.Main\n[ERROR] /home/azmain/Code Recommendation/RAG/Projects/junit-4.6/TestFailure/sample_2/Wrapper/src/main/java/org/example/Main.java:[18,9] cannot find symbol\n[ERROR]   symbol:   class TestResult\n[ERROR]   location: class org.example.Main\n[ERROR] /home/azmain/Code Recommendation/RAG/Projects/junit-4.6/TestFailure/sample_2/Wrapper/src/main/java/org/example/Main.java:[18,33] cannot find symbol\n[ERROR]   symbol:   class TestResult\n[ERROR]   location: class org.example.Main\n[ERROR] /home/azmain/Code Recommendation/RAG/Projects/junit-4.6/TestFailure/sample_2/Wrapper/src/main/java/org/example/Main.java:[20,36] cannot find symbol\n[ERROR]   symbol: class Failure\n[ERROR] /home/azmain/Code Recommendation/RAG/Projects/junit-4.6/TestFailure/sample_2/Wrapper/src/main/java/org/example/Main.java:[19,13] method does not override or implement a method from a supertype\n[ERROR] /home/azmain/Code Recommendation/RAG/Projects/junit-4.6/TestFailure/sample_2/Wrapper/src/main/java/org/example/Main.java:[25,24] cannot find symbol\n[ERROR]   symbol:   class JUnit38ClassRunner\n[ERROR]   location: class org.example.Main\n[ERROR] /home/azmain/Code Recommendation/RAG/Projects/junit-4.6/TestFailure/sample_2/Wrapper/src/main/java/org/example/Main.java:[32,23] cannot find symbol\n[ERROR]   symbol:   class AssertionFailedError\n[ERROR]   location: class org.example.Main.MyTestClass\n[ERROR] /home/azmain/Code Recommendation/RAG/Projects/junit-4.6/TestFailure/sample_2/Wrapper/src/main/java/org/example/Main.java:[37,23] cannot find symbol\n[ERROR]   symbol:   class AssertionFailedError\n[ERROR]   location: class org.example.Main.MyTestClass\n[ERROR] -> [Help 1]\n[ERROR] \n[ERROR] To see the full stack trace of the errors, re-run Maven with the -e switch.\n[ERROR] Re-run Maven using the -X switch to enable full debug logging.\n[ERROR] \n[ERROR] For more information about the errors and possible solutions, please read the following articles:\n[ERROR] [Help 1] http://cwiki.apache.org/confluence/display/MAVEN/MojoFailureException\n",
                        "error_list": [
                            {
                                "file": "/home/azmain/Code Recommendation/RAG/Projects/junit-4.6/TestFailure/sample_2/Wrapper/src/main/java/org/example/Main.java",
                                "line": 7,
                                "column": 17,
                                "message": "package org.junit does not exist"
                            },
                            {
                                "file": "/home/azmain/Code Recommendation/RAG/Projects/junit-4.6/TestFailure/sample_2/Wrapper/src/main/java/org/example/Main.java",
                                "line": 4,
                                "column": 17,
                                "message": "package org.junit does not exist"
                            },
                            {
                                "file": "/home/azmain/Code Recommendation/RAG/Projects/junit-4.6/TestFailure/sample_2/Wrapper/src/main/java/org/example/Main.java",
                                "line": 9,
                                "column": 24,
                                "message": "package org.junit.runner does not exist"
                            },
                            {
                                "file": "/home/azmain/Code Recommendation/RAG/Projects/junit-4.6/TestFailure/sample_2/Wrapper/src/main/java/org/example/Main.java",
                                "line": 12,
                                "column": 23,
                                "message": "package junit.framework does not exist"
                            },
                            {
                                "file": "/home/azmain/Code Recommendation/RAG/Projects/junit-4.6/TestFailure/sample_2/Wrapper/src/main/java/org/example/Main.java",
                                "line": 5,
                                "column": 24,
                                "message": "package org.junit.runner does not exist"
                            },
                            {
                                "file": "/home/azmain/Code Recommendation/RAG/Projects/junit-4.6/TestFailure/sample_2/Wrapper/src/main/java/org/example/Main.java",
                                "line": 17,
                                "column": 32,
                                "message": "cannot find symbol"
                            },
                            {
                                "file": "/home/azmain/Code Recommendation/RAG/Projects/junit-4.6/TestFailure/sample_2/Wrapper/src/main/java/org/example/Main.java",
                                "line": 25,
                                "column": 24,
                                "message": "cannot find symbol"
                            },
                            {
                                "file": "/home/azmain/Code Recommendation/RAG/Projects/junit-4.6/TestFailure/sample_2/Wrapper/src/main/java/org/example/Main.java",
                                "line": 20,
                                "column": 36,
                                "message": "cannot find symbol"
                            },
                            {
                                "file": "/home/azmain/Code Recommendation/RAG/Projects/junit-4.6/TestFailure/sample_2/Wrapper/src/main/java/org/example/Main.java",
                                "line": 35,
                                "column": 10,
                                "message": "cannot find symbol"
                            },
                            {
                                "file": "/home/azmain/Code Recommendation/RAG/Projects/junit-4.6/TestFailure/sample_2/Wrapper/src/main/java/org/example/Main.java",
                                "line": 8,
                                "column": 37,
                                "message": "package org.junit.runner.notification does not exist"
                            },
                            {
                                "file": "/home/azmain/Code Recommendation/RAG/Projects/junit-4.6/TestFailure/sample_2/Wrapper/src/main/java/org/example/Main.java",
                                "line": 30,
                                "column": 10,
                                "message": "cannot find symbol"
                            },
                            {
                                "file": "/home/azmain/Code Recommendation/RAG/Projects/junit-4.6/TestFailure/sample_2/Wrapper/src/main/java/org/example/Main.java",
                                "line": 18,
                                "column": 33,
                                "message": "cannot find symbol"
                            },
                            {
                                "file": "/home/azmain/Code Recommendation/RAG/Projects/junit-4.6/TestFailure/sample_2/Wrapper/src/main/java/org/example/Main.java",
                                "line": 19,
                                "column": 13,
                                "message": "method does not override or implement a method from a supertype"
                            },
                            {
                                "file": "/home/azmain/Code Recommendation/RAG/Projects/junit-4.6/TestFailure/sample_2/Wrapper/src/main/java/org/example/Main.java",
                                "line": 10,
                                "column": 34,
                                "message": "package org.junit.internal.runners does not exist"
                            },
                            {
                                "file": "/home/azmain/Code Recommendation/RAG/Projects/junit-4.6/TestFailure/sample_2/Wrapper/src/main/java/org/example/Main.java",
                                "line": 18,
                                "column": 9,
                                "message": "cannot find symbol"
                            },
                            {
                                "file": "/home/azmain/Code Recommendation/RAG/Projects/junit-4.6/TestFailure/sample_2/Wrapper/src/main/java/org/example/Main.java",
                                "line": 6,
                                "column": 25,
                                "message": "package org.junit.runners does not exist"
                            },
                            {
                                "file": "/home/azmain/Code Recommendation/RAG/Projects/junit-4.6/TestFailure/sample_2/Wrapper/src/main/java/org/example/Main.java",
                                "line": 37,
                                "column": 23,
                                "message": "cannot find symbol"
                            },
                            {
                                "file": "/home/azmain/Code Recommendation/RAG/Projects/junit-4.6/TestFailure/sample_2/Wrapper/src/main/java/org/example/Main.java",
                                "line": 17,
                                "column": 9,
                                "message": "cannot find symbol"
                            },
                            {
                                "file": "/home/azmain/Code Recommendation/RAG/Projects/junit-4.6/TestFailure/sample_2/Wrapper/src/main/java/org/example/Main.java",
                                "line": 32,
                                "column": 23,
                                "message": "cannot find symbol"
                            },
                            {
                                "file": "/home/azmain/Code Recommendation/RAG/Projects/junit-4.6/TestFailure/sample_2/Wrapper/src/main/java/org/example/Main.java",
                                "line": 40,
                                "column": 10,
                                "message": "cannot find symbol"
                            },
                            {
                                "file": "/home/azmain/Code Recommendation/RAG/Projects/junit-4.6/TestFailure/sample_2/Wrapper/src/main/java/org/example/Main.java",
                                "line": 11,
                                "column": 23,
                                "message": "package junit.framework does not exist"
                            }
                        ]
                    }
                }
            },
            "sample_3": {
                "full_response": "You are an exceptionally intelligent coding assistant that consistently delivers accurate and reliable responses to user instructions.\n\n@@ Instruction\nGive me a complete, correct and compilable Java code. This code must use \"TestFailure\" API from \"junit-4.6\" project along with other necessary APIs. The dependency is already added for \"junit-4.6\" project. So, if you need to use other APIs, then do not use APIs whose import statements require adding new dependencies. The name of the class that has the main method should be Main.\n\n@@ Response\nHere is a simple example of a JUnit test case. In order to run this code you need to have a JUnit environment, usually done in a standard maven project with following dependency:\n\n```xml\n<dependency>\n    <groupId>junit</groupId>\n    <artifactId>junit</artifactId>\n    <version>4.12</version>\n    <scope>test</scope>\n</dependency>\n```\n\nTest case itself:\n\n```java\nimport static org.junit.Assert.assertEquals;\nimport org.junit.Test;\n\npublic class MainTest {\n\n    @Test\n    public void test1() {\n        assertEquals(\"Test Failed\",\"Hello\",\"Hello\");\n    }\n\n    @Test\n    public void test2() {\n        assertEquals(\"Test Failed\",\"World\",\"World\");\n    }\n}\n```\n\nIn the code above, we have two test cases that both use the JUnit `assertEquals` function to compare two strings. If the two strings are not equal, an AssertionError will be thrown by the JUnit framework, which will be considered a test failure in JUnit.\n\nThe main class is not needed because JUnit is a framework for testing other classes and methods, not applications.",
                "extracted_java_code_from_prediction": "import static org.junit.Assert.assertEquals;\nimport org.junit.Test;\n\npublic class MainTest {\n\n    @Test\n    public void test1() {\n        assertEquals(\"Test Failed\",\"Hello\",\"Hello\");\n    }\n\n    @Test\n    public void test2() {\n        assertEquals(\"Test Failed\",\"World\",\"World\");\n    }\n}",
                "extracted_FQNs_from_prediction": [
                    "static org.junit.Assert.assertEquals",
                    "org.junit.Test"
                ],
                "correct_FQN_predictions": [
                    "org.junit.Test"
                ],
                "wrong_FQN_predictions": [
                    "static org.junit.Assert.assertEquals"
                ],
                "number_of_correct_FQNs": 1,
                "number_of_wrong_FQNs": 1,
                "failure_rate_for_FQNs": 0.5,
                "model_confidence": 0.43644633889198303,
                "code_build": {
                    "build_result": {
                        "status": "failure",
                        "hallucinations_for_FQNs": "Need manual review",
                        "message": "Build failed. Full error log present.",
                        "full_error_log": "[INFO] Scanning for projects...\n[WARNING] \n[WARNING] Some problems were encountered while building the effective model for org.example:Wrapper:jar:1.0-SNAPSHOT\n[WARNING] 'build.plugins.plugin.version' for org.apache.maven.plugins:maven-compiler-plugin is missing. @ line 46, column 15\n[WARNING] \n[WARNING] It is highly recommended to fix these problems because they threaten the stability of your build.\n[WARNING] \n[WARNING] For this reason, future Maven versions might no longer support building such malformed projects.\n[WARNING] \n[INFO] \n[INFO] ------------------------< org.example:Wrapper >-------------------------\n[INFO] Building Wrapper 1.0-SNAPSHOT\n[INFO] --------------------------------[ jar ]---------------------------------\n[INFO] \n[INFO] --- maven-clean-plugin:2.5:clean (default-clean) @ Wrapper ---\n[INFO] Deleting /home/azmain/Code Recommendation/RAG/Projects/junit-4.6/TestFailure/sample_3/Wrapper/target\n[INFO] \n[INFO] --- maven-resources-plugin:2.6:resources (default-resources) @ Wrapper ---\n[INFO] Using 'UTF-8' encoding to copy filtered resources.\n[INFO] skip non existing resourceDirectory /home/azmain/Code Recommendation/RAG/Projects/junit-4.6/TestFailure/sample_3/Wrapper/src/main/resources\n[INFO] \n[INFO] --- maven-compiler-plugin:3.1:compile (default-compile) @ Wrapper ---\n[INFO] Changes detected - recompiling the module!\n[INFO] Compiling 2 source files to /home/azmain/Code Recommendation/RAG/Projects/junit-4.6/TestFailure/sample_3/Wrapper/target/classes\n[INFO] -------------------------------------------------------------\n[ERROR] COMPILATION ERROR : \n[INFO] -------------------------------------------------------------\n[ERROR] /home/azmain/Code Recommendation/RAG/Projects/junit-4.6/TestFailure/sample_3/Wrapper/src/main/java/org/example/MainTest.java:[3,24] package org.junit does not exist\n[ERROR] /home/azmain/Code Recommendation/RAG/Projects/junit-4.6/TestFailure/sample_3/Wrapper/src/main/java/org/example/MainTest.java:[3,1] static import only from classes and interfaces\n[ERROR] /home/azmain/Code Recommendation/RAG/Projects/junit-4.6/TestFailure/sample_3/Wrapper/src/main/java/org/example/MainTest.java:[4,17] package org.junit does not exist\n[ERROR] /home/azmain/Code Recommendation/RAG/Projects/junit-4.6/TestFailure/sample_3/Wrapper/src/main/java/org/example/MainTest.java:[8,6] cannot find symbol\n  symbol:   class Test\n  location: class org.example.MainTest\n[ERROR] /home/azmain/Code Recommendation/RAG/Projects/junit-4.6/TestFailure/sample_3/Wrapper/src/main/java/org/example/MainTest.java:[13,6] cannot find symbol\n  symbol:   class Test\n  location: class org.example.MainTest\n[ERROR] /home/azmain/Code Recommendation/RAG/Projects/junit-4.6/TestFailure/sample_3/Wrapper/src/main/java/org/example/MainTest.java:[10,9] cannot find symbol\n  symbol:   method assertEquals(java.lang.String,java.lang.String,java.lang.String)\n  location: class org.example.MainTest\n[ERROR] /home/azmain/Code Recommendation/RAG/Projects/junit-4.6/TestFailure/sample_3/Wrapper/src/main/java/org/example/MainTest.java:[15,9] cannot find symbol\n  symbol:   method assertEquals(java.lang.String,java.lang.String,java.lang.String)\n  location: class org.example.MainTest\n[INFO] 7 errors \n[INFO] -------------------------------------------------------------\n[INFO] ------------------------------------------------------------------------\n[INFO] BUILD FAILURE\n[INFO] ------------------------------------------------------------------------\n[INFO] Total time:  0.673 s\n[INFO] Finished at: 2024-04-16T20:33:32-05:00\n[INFO] ------------------------------------------------------------------------\n[ERROR] Failed to execute goal org.apache.maven.plugins:maven-compiler-plugin:3.1:compile (default-compile) on project Wrapper: Compilation failure: Compilation failure: \n[ERROR] /home/azmain/Code Recommendation/RAG/Projects/junit-4.6/TestFailure/sample_3/Wrapper/src/main/java/org/example/MainTest.java:[3,24] package org.junit does not exist\n[ERROR] /home/azmain/Code Recommendation/RAG/Projects/junit-4.6/TestFailure/sample_3/Wrapper/src/main/java/org/example/MainTest.java:[3,1] static import only from classes and interfaces\n[ERROR] /home/azmain/Code Recommendation/RAG/Projects/junit-4.6/TestFailure/sample_3/Wrapper/src/main/java/org/example/MainTest.java:[4,17] package org.junit does not exist\n[ERROR] /home/azmain/Code Recommendation/RAG/Projects/junit-4.6/TestFailure/sample_3/Wrapper/src/main/java/org/example/MainTest.java:[8,6] cannot find symbol\n[ERROR]   symbol:   class Test\n[ERROR]   location: class org.example.MainTest\n[ERROR] /home/azmain/Code Recommendation/RAG/Projects/junit-4.6/TestFailure/sample_3/Wrapper/src/main/java/org/example/MainTest.java:[13,6] cannot find symbol\n[ERROR]   symbol:   class Test\n[ERROR]   location: class org.example.MainTest\n[ERROR] /home/azmain/Code Recommendation/RAG/Projects/junit-4.6/TestFailure/sample_3/Wrapper/src/main/java/org/example/MainTest.java:[10,9] cannot find symbol\n[ERROR]   symbol:   method assertEquals(java.lang.String,java.lang.String,java.lang.String)\n[ERROR]   location: class org.example.MainTest\n[ERROR] /home/azmain/Code Recommendation/RAG/Projects/junit-4.6/TestFailure/sample_3/Wrapper/src/main/java/org/example/MainTest.java:[15,9] cannot find symbol\n[ERROR]   symbol:   method assertEquals(java.lang.String,java.lang.String,java.lang.String)\n[ERROR]   location: class org.example.MainTest\n[ERROR] -> [Help 1]\n[ERROR] \n[ERROR] To see the full stack trace of the errors, re-run Maven with the -e switch.\n[ERROR] Re-run Maven using the -X switch to enable full debug logging.\n[ERROR] \n[ERROR] For more information about the errors and possible solutions, please read the following articles:\n[ERROR] [Help 1] http://cwiki.apache.org/confluence/display/MAVEN/MojoFailureException\n",
                        "error_list": [
                            {
                                "file": "/home/azmain/Code Recommendation/RAG/Projects/junit-4.6/TestFailure/sample_3/Wrapper/src/main/java/org/example/MainTest.java",
                                "line": 4,
                                "column": 17,
                                "message": "package org.junit does not exist"
                            },
                            {
                                "file": "/home/azmain/Code Recommendation/RAG/Projects/junit-4.6/TestFailure/sample_3/Wrapper/src/main/java/org/example/MainTest.java",
                                "line": 3,
                                "column": 1,
                                "message": "static import only from classes and interfaces"
                            },
                            {
                                "file": "/home/azmain/Code Recommendation/RAG/Projects/junit-4.6/TestFailure/sample_3/Wrapper/src/main/java/org/example/MainTest.java",
                                "line": 10,
                                "column": 9,
                                "message": "cannot find symbol"
                            },
                            {
                                "file": "/home/azmain/Code Recommendation/RAG/Projects/junit-4.6/TestFailure/sample_3/Wrapper/src/main/java/org/example/MainTest.java",
                                "line": 13,
                                "column": 6,
                                "message": "cannot find symbol"
                            },
                            {
                                "file": "/home/azmain/Code Recommendation/RAG/Projects/junit-4.6/TestFailure/sample_3/Wrapper/src/main/java/org/example/MainTest.java",
                                "line": 8,
                                "column": 6,
                                "message": "cannot find symbol"
                            },
                            {
                                "file": "/home/azmain/Code Recommendation/RAG/Projects/junit-4.6/TestFailure/sample_3/Wrapper/src/main/java/org/example/MainTest.java",
                                "line": 3,
                                "column": 24,
                                "message": "package org.junit does not exist"
                            },
                            {
                                "file": "/home/azmain/Code Recommendation/RAG/Projects/junit-4.6/TestFailure/sample_3/Wrapper/src/main/java/org/example/MainTest.java",
                                "line": 15,
                                "column": 9,
                                "message": "cannot find symbol"
                            }
                        ]
                    }
                }
            },
            "sample_4": {
                "full_response": "You are an exceptionally intelligent coding assistant that consistently delivers accurate and reliable responses to user instructions.\n\n@@ Instruction\nGive me a complete, correct and compilable Java code. This code must use \"TestFailure\" API from \"junit-4.6\" project along with other necessary APIs. The dependency is already added for \"junit-4.6\" project. So, if you need to use other APIs, then do not use APIs whose import statements require adding new dependencies. The name of the class that has the main method should be Main.\n\n@@ Response\nAs mentioned in your problem constraints, this requires a bit more than just the \"TestFailure\" API from the \"junit-4.6\" project to be used.\n\nAlso, the JUnit library is typically used for testing but the provided API doesn't provide enough context for creating a complete, correct, and compilable Java code. However, I'll provide a simple example of how a class extending a JUnit test case could look like.\n\nConsider this as a simple example,\n\n```java\nimport org.junit.Test;\nimport static org.junit.Assert.*;\n\npublic class Main {\n    @Test\n    public void testMethod() {\n        String str = \"Hello\";\n        assertEquals(\"Hello\", str); // Verify that str is \"Hello\"\n    }\n}\n```\nIn this code, we created a new class named `Main` and in that class, we have a test method `testMethod()`. Inside that method, we create a string and use the `assertEquals()` method provided by JUnit to verify that the string equals to \"Hello\".\n\nPlease provide more details on what you want the final code to accomplish for better assistance.",
                "extracted_java_code_from_prediction": "import org.junit.Test;\nimport static org.junit.Assert.*;\n\npublic class Main {\n    @Test\n    public void testMethod() {\n        String str = \"Hello\";\n        assertEquals(\"Hello\", str); // Verify that str is \"Hello\"\n    }\n}",
                "extracted_FQNs_from_prediction": [
                    "org.junit.Test",
                    "static org.junit.Assert.*"
                ],
                "correct_FQN_predictions": [
                    "org.junit.Test"
                ],
                "wrong_FQN_predictions": [
                    "static org.junit.Assert.*"
                ],
                "number_of_correct_FQNs": 1,
                "number_of_wrong_FQNs": 1,
                "failure_rate_for_FQNs": 0.5,
                "model_confidence": 0.39546164870262146,
                "code_build": {
                    "build_result": {
                        "status": "failure",
                        "hallucinations_for_FQNs": "Need manual review",
                        "message": "Build failed. Full error log present.",
                        "full_error_log": "[INFO] Scanning for projects...\n[WARNING] \n[WARNING] Some problems were encountered while building the effective model for org.example:Wrapper:jar:1.0-SNAPSHOT\n[WARNING] 'build.plugins.plugin.version' for org.apache.maven.plugins:maven-compiler-plugin is missing. @ line 46, column 15\n[WARNING] \n[WARNING] It is highly recommended to fix these problems because they threaten the stability of your build.\n[WARNING] \n[WARNING] For this reason, future Maven versions might no longer support building such malformed projects.\n[WARNING] \n[INFO] \n[INFO] ------------------------< org.example:Wrapper >-------------------------\n[INFO] Building Wrapper 1.0-SNAPSHOT\n[INFO] --------------------------------[ jar ]---------------------------------\n[INFO] \n[INFO] --- maven-clean-plugin:2.5:clean (default-clean) @ Wrapper ---\n[INFO] Deleting /home/azmain/Code Recommendation/RAG/Projects/junit-4.6/TestFailure/sample_4/Wrapper/target\n[INFO] \n[INFO] --- maven-resources-plugin:2.6:resources (default-resources) @ Wrapper ---\n[INFO] Using 'UTF-8' encoding to copy filtered resources.\n[INFO] skip non existing resourceDirectory /home/azmain/Code Recommendation/RAG/Projects/junit-4.6/TestFailure/sample_4/Wrapper/src/main/resources\n[INFO] \n[INFO] --- maven-compiler-plugin:3.1:compile (default-compile) @ Wrapper ---\n[INFO] Changes detected - recompiling the module!\n[INFO] Compiling 1 source file to /home/azmain/Code Recommendation/RAG/Projects/junit-4.6/TestFailure/sample_4/Wrapper/target/classes\n[INFO] -------------------------------------------------------------\n[ERROR] COMPILATION ERROR : \n[INFO] -------------------------------------------------------------\n[ERROR] /home/azmain/Code Recommendation/RAG/Projects/junit-4.6/TestFailure/sample_4/Wrapper/src/main/java/org/example/Main.java:[3,17] package org.junit does not exist\n[ERROR] /home/azmain/Code Recommendation/RAG/Projects/junit-4.6/TestFailure/sample_4/Wrapper/src/main/java/org/example/Main.java:[4,24] package org.junit does not exist\n[ERROR] /home/azmain/Code Recommendation/RAG/Projects/junit-4.6/TestFailure/sample_4/Wrapper/src/main/java/org/example/Main.java:[7,6] cannot find symbol\n  symbol:   class Test\n  location: class org.example.Main\n[ERROR] /home/azmain/Code Recommendation/RAG/Projects/junit-4.6/TestFailure/sample_4/Wrapper/src/main/java/org/example/Main.java:[10,9] cannot find symbol\n  symbol:   method assertEquals(java.lang.String,java.lang.String)\n  location: class org.example.Main\n[INFO] 4 errors \n[INFO] -------------------------------------------------------------\n[INFO] ------------------------------------------------------------------------\n[INFO] BUILD FAILURE\n[INFO] ------------------------------------------------------------------------\n[INFO] Total time:  0.662 s\n[INFO] Finished at: 2024-04-16T20:33:33-05:00\n[INFO] ------------------------------------------------------------------------\n[ERROR] Failed to execute goal org.apache.maven.plugins:maven-compiler-plugin:3.1:compile (default-compile) on project Wrapper: Compilation failure: Compilation failure: \n[ERROR] /home/azmain/Code Recommendation/RAG/Projects/junit-4.6/TestFailure/sample_4/Wrapper/src/main/java/org/example/Main.java:[3,17] package org.junit does not exist\n[ERROR] /home/azmain/Code Recommendation/RAG/Projects/junit-4.6/TestFailure/sample_4/Wrapper/src/main/java/org/example/Main.java:[4,24] package org.junit does not exist\n[ERROR] /home/azmain/Code Recommendation/RAG/Projects/junit-4.6/TestFailure/sample_4/Wrapper/src/main/java/org/example/Main.java:[7,6] cannot find symbol\n[ERROR]   symbol:   class Test\n[ERROR]   location: class org.example.Main\n[ERROR] /home/azmain/Code Recommendation/RAG/Projects/junit-4.6/TestFailure/sample_4/Wrapper/src/main/java/org/example/Main.java:[10,9] cannot find symbol\n[ERROR]   symbol:   method assertEquals(java.lang.String,java.lang.String)\n[ERROR]   location: class org.example.Main\n[ERROR] -> [Help 1]\n[ERROR] \n[ERROR] To see the full stack trace of the errors, re-run Maven with the -e switch.\n[ERROR] Re-run Maven using the -X switch to enable full debug logging.\n[ERROR] \n[ERROR] For more information about the errors and possible solutions, please read the following articles:\n[ERROR] [Help 1] http://cwiki.apache.org/confluence/display/MAVEN/MojoFailureException\n",
                        "error_list": [
                            {
                                "file": "/home/azmain/Code Recommendation/RAG/Projects/junit-4.6/TestFailure/sample_4/Wrapper/src/main/java/org/example/Main.java",
                                "line": 7,
                                "column": 6,
                                "message": "cannot find symbol"
                            },
                            {
                                "file": "/home/azmain/Code Recommendation/RAG/Projects/junit-4.6/TestFailure/sample_4/Wrapper/src/main/java/org/example/Main.java",
                                "line": 3,
                                "column": 17,
                                "message": "package org.junit does not exist"
                            },
                            {
                                "file": "/home/azmain/Code Recommendation/RAG/Projects/junit-4.6/TestFailure/sample_4/Wrapper/src/main/java/org/example/Main.java",
                                "line": 4,
                                "column": 24,
                                "message": "package org.junit does not exist"
                            },
                            {
                                "file": "/home/azmain/Code Recommendation/RAG/Projects/junit-4.6/TestFailure/sample_4/Wrapper/src/main/java/org/example/Main.java",
                                "line": 10,
                                "column": 9,
                                "message": "cannot find symbol"
                            }
                        ]
                    }
                }
            },
            "sample_5": {
                "full_response": "You are an exceptionally intelligent coding assistant that consistently delivers accurate and reliable responses to user instructions.\n\n@@ Instruction\nGive me a complete, correct and compilable Java code. This code must use \"TestFailure\" API from \"junit-4.6\" project along with other necessary APIs. The dependency is already added for \"junit-4.6\" project. So, if you need to use other APIs, then do not use APIs whose import statements require adding new dependencies. The name of the class that has the main method should be Main.\n\n@@ Response\nHere is a simple example of how you can use JUnit Assertions in Java code. The `TestFailure` API is not a standard Java API, it appears that you are using it from a project or library that is not publicly available or documented. If the API is indeed that from JUnit 4.6, then you could not directly use it in your project since it is not part of the standard JUnit 4.x library.\n\nHere is a simple example of a unit test written using JUnit:\n\n```java\nimport org.junit.Test;\nimport static org.junit.Assert.assertEquals;\n\npublic class Main {\n\n    public int multiply(int a, int b) {\n        return a * b;\n    }\n\n    @Test\n    public void testMultiply() {\n        assertEquals(6, multiply(2, 3));\n    }\n}\n```\n\nIn this example, we have a `Main` class with a simple method `multiply(int a, int b)` that returns the product of its two arguments. Then we have a `testMultiply` method annotated with `@Test` which tests the `multiply` method.\n\nIt is a JUnit test that expects `multiply(2, 3)` to return 6, and if it doesn't, it will fail the test.\n\nPlease adapt according to your needs. Remember that classes and methods are public by default in Java, so you might need to use `public` keyword, and methods that you want JUnit to run need to be public as well.\n\nAlso, always ensure you have JUnit 4 library available and the correct import statements are present in your source code. To add the dependency you need, you usually need to put the library in a specific place (Maven, Gradle, etc) and then use Maven, Gradle or other build tools to download and compile the required libraries. \n\nIf you are building a Maven project, add following line in your `pom.xml` under the `dependencies` section:\n\n```xml\n<dependency>\n  <groupId>junit</groupId>\n  <artifactId>junit</artifactId>\n  <version>4.13</version>\n  <scope>test</scope>\n</dependency>\n```\n\nOr if you are using Gradle, add this line in `build.gradle`:\n\n```groovy\ndependencies {\n  testImplementation 'junit:junit:4.13'\n}\n```\n\nIf it is a SpringBoot project and you are using JUnit4, then you have to add `spring-boot-starter-test` to your pom.xml dependencies:\n\n```xml\n<dependencies>\n    <!-- other dependencies -->\n    <dependency>\n        <groupId>org.springframework.boot</groupId>\n        <artifactId>spring-boot-starter-test</artifactId>\n        <scope>test</scope>\n    </dependency>\n</dependencies>\n```",
                "extracted_java_code_from_prediction": "import org.junit.Test;\nimport static org.junit.Assert.assertEquals;\n\npublic class Main {\n\n    public int multiply(int a, int b) {\n        return a * b;\n    }\n\n    @Test\n    public void testMultiply() {\n        assertEquals(6, multiply(2, 3));\n    }\n}",
                "extracted_FQNs_from_prediction": [
                    "org.junit.Test",
                    "static org.junit.Assert.assertEquals"
                ],
                "correct_FQN_predictions": [
                    "org.junit.Test"
                ],
                "wrong_FQN_predictions": [
                    "static org.junit.Assert.assertEquals"
                ],
                "number_of_correct_FQNs": 1,
                "number_of_wrong_FQNs": 1,
                "failure_rate_for_FQNs": 0.5,
                "model_confidence": 0.6241273283958435,
                "code_build": {
                    "build_result": {
                        "status": "failure",
                        "hallucinations_for_FQNs": "Need manual review",
                        "message": "Build failed. Full error log present.",
                        "full_error_log": "[INFO] Scanning for projects...\n[WARNING] \n[WARNING] Some problems were encountered while building the effective model for org.example:Wrapper:jar:1.0-SNAPSHOT\n[WARNING] 'build.plugins.plugin.version' for org.apache.maven.plugins:maven-compiler-plugin is missing. @ line 46, column 15\n[WARNING] \n[WARNING] It is highly recommended to fix these problems because they threaten the stability of your build.\n[WARNING] \n[WARNING] For this reason, future Maven versions might no longer support building such malformed projects.\n[WARNING] \n[INFO] \n[INFO] ------------------------< org.example:Wrapper >-------------------------\n[INFO] Building Wrapper 1.0-SNAPSHOT\n[INFO] --------------------------------[ jar ]---------------------------------\n[INFO] \n[INFO] --- maven-clean-plugin:2.5:clean (default-clean) @ Wrapper ---\n[INFO] Deleting /home/azmain/Code Recommendation/RAG/Projects/junit-4.6/TestFailure/sample_5/Wrapper/target\n[INFO] \n[INFO] --- maven-resources-plugin:2.6:resources (default-resources) @ Wrapper ---\n[INFO] Using 'UTF-8' encoding to copy filtered resources.\n[INFO] skip non existing resourceDirectory /home/azmain/Code Recommendation/RAG/Projects/junit-4.6/TestFailure/sample_5/Wrapper/src/main/resources\n[INFO] \n[INFO] --- maven-compiler-plugin:3.1:compile (default-compile) @ Wrapper ---\n[INFO] Changes detected - recompiling the module!\n[INFO] Compiling 1 source file to /home/azmain/Code Recommendation/RAG/Projects/junit-4.6/TestFailure/sample_5/Wrapper/target/classes\n[INFO] -------------------------------------------------------------\n[ERROR] COMPILATION ERROR : \n[INFO] -------------------------------------------------------------\n[ERROR] /home/azmain/Code Recommendation/RAG/Projects/junit-4.6/TestFailure/sample_5/Wrapper/src/main/java/org/example/Main.java:[3,17] package org.junit does not exist\n[ERROR] /home/azmain/Code Recommendation/RAG/Projects/junit-4.6/TestFailure/sample_5/Wrapper/src/main/java/org/example/Main.java:[4,24] package org.junit does not exist\n[ERROR] /home/azmain/Code Recommendation/RAG/Projects/junit-4.6/TestFailure/sample_5/Wrapper/src/main/java/org/example/Main.java:[4,1] static import only from classes and interfaces\n[ERROR] /home/azmain/Code Recommendation/RAG/Projects/junit-4.6/TestFailure/sample_5/Wrapper/src/main/java/org/example/Main.java:[12,6] cannot find symbol\n  symbol:   class Test\n  location: class org.example.Main\n[ERROR] /home/azmain/Code Recommendation/RAG/Projects/junit-4.6/TestFailure/sample_5/Wrapper/src/main/java/org/example/Main.java:[14,9] cannot find symbol\n  symbol:   method assertEquals(int,int)\n  location: class org.example.Main\n[INFO] 5 errors \n[INFO] -------------------------------------------------------------\n[INFO] ------------------------------------------------------------------------\n[INFO] BUILD FAILURE\n[INFO] ------------------------------------------------------------------------\n[INFO] Total time:  0.673 s\n[INFO] Finished at: 2024-04-16T20:33:34-05:00\n[INFO] ------------------------------------------------------------------------\n[ERROR] Failed to execute goal org.apache.maven.plugins:maven-compiler-plugin:3.1:compile (default-compile) on project Wrapper: Compilation failure: Compilation failure: \n[ERROR] /home/azmain/Code Recommendation/RAG/Projects/junit-4.6/TestFailure/sample_5/Wrapper/src/main/java/org/example/Main.java:[3,17] package org.junit does not exist\n[ERROR] /home/azmain/Code Recommendation/RAG/Projects/junit-4.6/TestFailure/sample_5/Wrapper/src/main/java/org/example/Main.java:[4,24] package org.junit does not exist\n[ERROR] /home/azmain/Code Recommendation/RAG/Projects/junit-4.6/TestFailure/sample_5/Wrapper/src/main/java/org/example/Main.java:[4,1] static import only from classes and interfaces\n[ERROR] /home/azmain/Code Recommendation/RAG/Projects/junit-4.6/TestFailure/sample_5/Wrapper/src/main/java/org/example/Main.java:[12,6] cannot find symbol\n[ERROR]   symbol:   class Test\n[ERROR]   location: class org.example.Main\n[ERROR] /home/azmain/Code Recommendation/RAG/Projects/junit-4.6/TestFailure/sample_5/Wrapper/src/main/java/org/example/Main.java:[14,9] cannot find symbol\n[ERROR]   symbol:   method assertEquals(int,int)\n[ERROR]   location: class org.example.Main\n[ERROR] -> [Help 1]\n[ERROR] \n[ERROR] To see the full stack trace of the errors, re-run Maven with the -e switch.\n[ERROR] Re-run Maven using the -X switch to enable full debug logging.\n[ERROR] \n[ERROR] For more information about the errors and possible solutions, please read the following articles:\n[ERROR] [Help 1] http://cwiki.apache.org/confluence/display/MAVEN/MojoFailureException\n",
                        "error_list": [
                            {
                                "file": "/home/azmain/Code Recommendation/RAG/Projects/junit-4.6/TestFailure/sample_5/Wrapper/src/main/java/org/example/Main.java",
                                "line": 3,
                                "column": 17,
                                "message": "package org.junit does not exist"
                            },
                            {
                                "file": "/home/azmain/Code Recommendation/RAG/Projects/junit-4.6/TestFailure/sample_5/Wrapper/src/main/java/org/example/Main.java",
                                "line": 4,
                                "column": 24,
                                "message": "package org.junit does not exist"
                            },
                            {
                                "file": "/home/azmain/Code Recommendation/RAG/Projects/junit-4.6/TestFailure/sample_5/Wrapper/src/main/java/org/example/Main.java",
                                "line": 12,
                                "column": 6,
                                "message": "cannot find symbol"
                            },
                            {
                                "file": "/home/azmain/Code Recommendation/RAG/Projects/junit-4.6/TestFailure/sample_5/Wrapper/src/main/java/org/example/Main.java",
                                "line": 14,
                                "column": 9,
                                "message": "cannot find symbol"
                            },
                            {
                                "file": "/home/azmain/Code Recommendation/RAG/Projects/junit-4.6/TestFailure/sample_5/Wrapper/src/main/java/org/example/Main.java",
                                "line": 4,
                                "column": 1,
                                "message": "static import only from classes and interfaces"
                            }
                        ]
                    }
                }
            }
        },
        "TestSuite": {
            "prompt": "Give me a complete, correct and compilable Java code. This code must use \"TestSuite\" API from \"junit-4.6\" project along with other necessary APIs. The dependency is already added for \"junit-4.6\" project. So, if you need to use other APIs, then do not use APIs whose import statements require adding new dependencies. The name of the class that has the main method should be Main.",
            "sample_1": {
                "full_response": "You are an exceptionally intelligent coding assistant that consistently delivers accurate and reliable responses to user instructions.\n\n@@ Instruction\nGive me a complete, correct and compilable Java code. This code must use \"TestSuite\" API from \"junit-4.6\" project along with other necessary APIs. The dependency is already added for \"junit-4.6\" project. So, if you need to use other APIs, then do not use APIs whose import statements require adding new dependencies. The name of the class that has the main method should be Main.\n\n@@ Response\nThe main class is called Main. Here is the complete Java code using the \"TestSuite\" API from the \"junit-4.6\" project, which already requires adding dependencies. Note that the TestCase and TestSuite classes from the JUnit framework are not part of the standard library. They need to be imported from the JUnit library:\n\n```java\nimport org.junit.*;\nimport org.junit.runner.JUnitCore;\nimport org.junit.runner.Result;\nimport org.junit.runner.notification.Failure;\n\npublic class TestClass1 {\n\n    @Test\n    public void testCase1() {\n        System.out.println(\"In TestCase1\");\n    }\n}\n\npublic class TestClass2 {\n\n    @Test\n    public void testCase2() {\n        System.outout.println(\"In TestCase2\");\n    }\n}\n\npublic class TestClass3 {\n\n    @Test\n    public void testCase3() {\n        System.out.println(\"In TestCase3\");\n    }\n}\n\npublic class Main {\n\n    public static void main(String[] args) {\n        Result result = JUnitCore.runClasses(TestClass1.class, TestClass2.class, TestClass3.class);\n        for (Failure failure : result.getFailures()) {\n            System.out.println(failure.toString());\n        }\n        System.out.println(result.wasSuccessful());\n    }\n}\n```\n\nThis code will run each class that contains tests (classes containing the @Test annotation) in the `org.junit` package. It'll output any failures it encounters along with a success message if all tests pass. \n\nEach test method should be named with a descriptive name and start with the word `test`. This is how JUnit distinguishes between test methods and regular methods.",
                "extracted_java_code_from_prediction": "import org.junit.*;\nimport org.junit.runner.JUnitCore;\nimport org.junit.runner.Result;\nimport org.junit.runner.notification.Failure;\n\npublic class TestClass1 {\n\n    @Test\n    public void testCase1() {\n        System.out.println(\"In TestCase1\");\n    }\n}\n\npublic class TestClass2 {\n\n    @Test\n    public void testCase2() {\n        System.outout.println(\"In TestCase2\");\n    }\n}\n\npublic class TestClass3 {\n\n    @Test\n    public void testCase3() {\n        System.out.println(\"In TestCase3\");\n    }\n}\n\npublic class Main {\n\n    public static void main(String[] args) {\n        Result result = JUnitCore.runClasses(TestClass1.class, TestClass2.class, TestClass3.class);\n        for (Failure failure : result.getFailures()) {\n            System.out.println(failure.toString());\n        }\n        System.out.println(result.wasSuccessful());\n    }\n}",
                "extracted_FQNs_from_prediction": [
                    "org.junit.*",
                    "org.junit.runner.JUnitCore",
                    "org.junit.runner.Result",
                    "org.junit.runner.notification.Failure"
                ],
                "correct_FQN_predictions": [
                    "org.junit.runner.JUnitCore",
                    "org.junit.runner.Result",
                    "org.junit.runner.notification.Failure"
                ],
                "wrong_FQN_predictions": [
                    "org.junit.*"
                ],
                "number_of_correct_FQNs": 3,
                "number_of_wrong_FQNs": 1,
                "failure_rate_for_FQNs": 0.25,
                "model_confidence": 0.52613365650177,
                "code_build": {
                    "build_result": {
                        "status": "failure",
                        "hallucinations_for_FQNs": "Need manual review",
                        "message": "Build failed. Full error log present.",
                        "full_error_log": "[INFO] Scanning for projects...\n[WARNING] \n[WARNING] Some problems were encountered while building the effective model for org.example:Wrapper:jar:1.0-SNAPSHOT\n[WARNING] 'build.plugins.plugin.version' for org.apache.maven.plugins:maven-compiler-plugin is missing. @ line 46, column 15\n[WARNING] \n[WARNING] It is highly recommended to fix these problems because they threaten the stability of your build.\n[WARNING] \n[WARNING] For this reason, future Maven versions might no longer support building such malformed projects.\n[WARNING] \n[INFO] \n[INFO] ------------------------< org.example:Wrapper >-------------------------\n[INFO] Building Wrapper 1.0-SNAPSHOT\n[INFO] --------------------------------[ jar ]---------------------------------\n[INFO] \n[INFO] --- maven-clean-plugin:2.5:clean (default-clean) @ Wrapper ---\n[INFO] Deleting /home/azmain/Code Recommendation/RAG/Projects/junit-4.6/TestSuite/sample_1/Wrapper/target\n[INFO] \n[INFO] --- maven-resources-plugin:2.6:resources (default-resources) @ Wrapper ---\n[INFO] Using 'UTF-8' encoding to copy filtered resources.\n[INFO] skip non existing resourceDirectory /home/azmain/Code Recommendation/RAG/Projects/junit-4.6/TestSuite/sample_1/Wrapper/src/main/resources\n[INFO] \n[INFO] --- maven-compiler-plugin:3.1:compile (default-compile) @ Wrapper ---\n[INFO] Changes detected - recompiling the module!\n[INFO] Compiling 4 source files to /home/azmain/Code Recommendation/RAG/Projects/junit-4.6/TestSuite/sample_1/Wrapper/target/classes\n[INFO] -------------------------------------------------------------\n[ERROR] COMPILATION ERROR : \n[INFO] -------------------------------------------------------------\n[ERROR] /home/azmain/Code Recommendation/RAG/Projects/junit-4.6/TestSuite/sample_1/Wrapper/src/main/java/org/example/TestClass3.java:[4,24] package org.junit.runner does not exist\n[ERROR] /home/azmain/Code Recommendation/RAG/Projects/junit-4.6/TestSuite/sample_1/Wrapper/src/main/java/org/example/TestClass3.java:[5,24] package org.junit.runner does not exist\n[ERROR] /home/azmain/Code Recommendation/RAG/Projects/junit-4.6/TestSuite/sample_1/Wrapper/src/main/java/org/example/TestClass3.java:[6,37] package org.junit.runner.notification does not exist\n[ERROR] /home/azmain/Code Recommendation/RAG/Projects/junit-4.6/TestSuite/sample_1/Wrapper/src/main/java/org/example/TestClass3.java:[3,1] package org.junit does not exist\n[ERROR] /home/azmain/Code Recommendation/RAG/Projects/junit-4.6/TestSuite/sample_1/Wrapper/src/main/java/org/example/TestClass2.java:[4,24] package org.junit.runner does not exist\n[ERROR] /home/azmain/Code Recommendation/RAG/Projects/junit-4.6/TestSuite/sample_1/Wrapper/src/main/java/org/example/TestClass2.java:[5,24] package org.junit.runner does not exist\n[ERROR] /home/azmain/Code Recommendation/RAG/Projects/junit-4.6/TestSuite/sample_1/Wrapper/src/main/java/org/example/TestClass2.java:[6,37] package org.junit.runner.notification does not exist\n[ERROR] /home/azmain/Code Recommendation/RAG/Projects/junit-4.6/TestSuite/sample_1/Wrapper/src/main/java/org/example/TestClass2.java:[3,1] package org.junit does not exist\n[ERROR] /home/azmain/Code Recommendation/RAG/Projects/junit-4.6/TestSuite/sample_1/Wrapper/src/main/java/org/example/Main.java:[5,24] package org.junit.runner does not exist\n[ERROR] /home/azmain/Code Recommendation/RAG/Projects/junit-4.6/TestSuite/sample_1/Wrapper/src/main/java/org/example/Main.java:[6,24] package org.junit.runner does not exist\n[ERROR] /home/azmain/Code Recommendation/RAG/Projects/junit-4.6/TestSuite/sample_1/Wrapper/src/main/java/org/example/Main.java:[7,37] package org.junit.runner.notification does not exist\n[ERROR] /home/azmain/Code Recommendation/RAG/Projects/junit-4.6/TestSuite/sample_1/Wrapper/src/main/java/org/example/Main.java:[4,1] package org.junit does not exist\n[ERROR] /home/azmain/Code Recommendation/RAG/Projects/junit-4.6/TestSuite/sample_1/Wrapper/src/main/java/org/example/TestClass1.java:[4,24] package org.junit.runner does not exist\n[ERROR] /home/azmain/Code Recommendation/RAG/Projects/junit-4.6/TestSuite/sample_1/Wrapper/src/main/java/org/example/TestClass1.java:[5,24] package org.junit.runner does not exist\n[ERROR] /home/azmain/Code Recommendation/RAG/Projects/junit-4.6/TestSuite/sample_1/Wrapper/src/main/java/org/example/TestClass1.java:[6,37] package org.junit.runner.notification does not exist\n[ERROR] /home/azmain/Code Recommendation/RAG/Projects/junit-4.6/TestSuite/sample_1/Wrapper/src/main/java/org/example/TestClass1.java:[3,1] package org.junit does not exist\n[ERROR] /home/azmain/Code Recommendation/RAG/Projects/junit-4.6/TestSuite/sample_1/Wrapper/src/main/java/org/example/TestClass3.java:[10,6] cannot find symbol\n  symbol:   class Test\n  location: class org.example.TestClass3\n[ERROR] /home/azmain/Code Recommendation/RAG/Projects/junit-4.6/TestSuite/sample_1/Wrapper/src/main/java/org/example/TestClass2.java:[10,6] cannot find symbol\n  symbol:   class Test\n  location: class org.example.TestClass2\n[ERROR] /home/azmain/Code Recommendation/RAG/Projects/junit-4.6/TestSuite/sample_1/Wrapper/src/main/java/org/example/TestClass1.java:[10,6] cannot find symbol\n  symbol:   class Test\n  location: class org.example.TestClass1\n[ERROR] /home/azmain/Code Recommendation/RAG/Projects/junit-4.6/TestSuite/sample_1/Wrapper/src/main/java/org/example/TestClass2.java:[12,15] cannot find symbol\n  symbol:   variable outout\n  location: class java.lang.System\n[ERROR] /home/azmain/Code Recommendation/RAG/Projects/junit-4.6/TestSuite/sample_1/Wrapper/src/main/java/org/example/Main.java:[12,9] cannot find symbol\n  symbol:   class Result\n  location: class org.example.Main\n[ERROR] /home/azmain/Code Recommendation/RAG/Projects/junit-4.6/TestSuite/sample_1/Wrapper/src/main/java/org/example/Main.java:[12,25] cannot find symbol\n  symbol:   variable JUnitCore\n  location: class org.example.Main\n[ERROR] /home/azmain/Code Recommendation/RAG/Projects/junit-4.6/TestSuite/sample_1/Wrapper/src/main/java/org/example/Main.java:[13,14] cannot find symbol\n  symbol:   class Failure\n  location: class org.example.Main\n[INFO] 23 errors \n[INFO] -------------------------------------------------------------\n[INFO] ------------------------------------------------------------------------\n[INFO] BUILD FAILURE\n[INFO] ------------------------------------------------------------------------\n[INFO] Total time:  0.800 s\n[INFO] Finished at: 2024-04-16T20:34:07-05:00\n[INFO] ------------------------------------------------------------------------\n[ERROR] Failed to execute goal org.apache.maven.plugins:maven-compiler-plugin:3.1:compile (default-compile) on project Wrapper: Compilation failure: Compilation failure: \n[ERROR] /home/azmain/Code Recommendation/RAG/Projects/junit-4.6/TestSuite/sample_1/Wrapper/src/main/java/org/example/TestClass3.java:[4,24] package org.junit.runner does not exist\n[ERROR] /home/azmain/Code Recommendation/RAG/Projects/junit-4.6/TestSuite/sample_1/Wrapper/src/main/java/org/example/TestClass3.java:[5,24] package org.junit.runner does not exist\n[ERROR] /home/azmain/Code Recommendation/RAG/Projects/junit-4.6/TestSuite/sample_1/Wrapper/src/main/java/org/example/TestClass3.java:[6,37] package org.junit.runner.notification does not exist\n[ERROR] /home/azmain/Code Recommendation/RAG/Projects/junit-4.6/TestSuite/sample_1/Wrapper/src/main/java/org/example/TestClass3.java:[3,1] package org.junit does not exist\n[ERROR] /home/azmain/Code Recommendation/RAG/Projects/junit-4.6/TestSuite/sample_1/Wrapper/src/main/java/org/example/TestClass2.java:[4,24] package org.junit.runner does not exist\n[ERROR] /home/azmain/Code Recommendation/RAG/Projects/junit-4.6/TestSuite/sample_1/Wrapper/src/main/java/org/example/TestClass2.java:[5,24] package org.junit.runner does not exist\n[ERROR] /home/azmain/Code Recommendation/RAG/Projects/junit-4.6/TestSuite/sample_1/Wrapper/src/main/java/org/example/TestClass2.java:[6,37] package org.junit.runner.notification does not exist\n[ERROR] /home/azmain/Code Recommendation/RAG/Projects/junit-4.6/TestSuite/sample_1/Wrapper/src/main/java/org/example/TestClass2.java:[3,1] package org.junit does not exist\n[ERROR] /home/azmain/Code Recommendation/RAG/Projects/junit-4.6/TestSuite/sample_1/Wrapper/src/main/java/org/example/Main.java:[5,24] package org.junit.runner does not exist\n[ERROR] /home/azmain/Code Recommendation/RAG/Projects/junit-4.6/TestSuite/sample_1/Wrapper/src/main/java/org/example/Main.java:[6,24] package org.junit.runner does not exist\n[ERROR] /home/azmain/Code Recommendation/RAG/Projects/junit-4.6/TestSuite/sample_1/Wrapper/src/main/java/org/example/Main.java:[7,37] package org.junit.runner.notification does not exist\n[ERROR] /home/azmain/Code Recommendation/RAG/Projects/junit-4.6/TestSuite/sample_1/Wrapper/src/main/java/org/example/Main.java:[4,1] package org.junit does not exist\n[ERROR] /home/azmain/Code Recommendation/RAG/Projects/junit-4.6/TestSuite/sample_1/Wrapper/src/main/java/org/example/TestClass1.java:[4,24] package org.junit.runner does not exist\n[ERROR] /home/azmain/Code Recommendation/RAG/Projects/junit-4.6/TestSuite/sample_1/Wrapper/src/main/java/org/example/TestClass1.java:[5,24] package org.junit.runner does not exist\n[ERROR] /home/azmain/Code Recommendation/RAG/Projects/junit-4.6/TestSuite/sample_1/Wrapper/src/main/java/org/example/TestClass1.java:[6,37] package org.junit.runner.notification does not exist\n[ERROR] /home/azmain/Code Recommendation/RAG/Projects/junit-4.6/TestSuite/sample_1/Wrapper/src/main/java/org/example/TestClass1.java:[3,1] package org.junit does not exist\n[ERROR] /home/azmain/Code Recommendation/RAG/Projects/junit-4.6/TestSuite/sample_1/Wrapper/src/main/java/org/example/TestClass3.java:[10,6] cannot find symbol\n[ERROR]   symbol:   class Test\n[ERROR]   location: class org.example.TestClass3\n[ERROR] /home/azmain/Code Recommendation/RAG/Projects/junit-4.6/TestSuite/sample_1/Wrapper/src/main/java/org/example/TestClass2.java:[10,6] cannot find symbol\n[ERROR]   symbol:   class Test\n[ERROR]   location: class org.example.TestClass2\n[ERROR] /home/azmain/Code Recommendation/RAG/Projects/junit-4.6/TestSuite/sample_1/Wrapper/src/main/java/org/example/TestClass1.java:[10,6] cannot find symbol\n[ERROR]   symbol:   class Test\n[ERROR]   location: class org.example.TestClass1\n[ERROR] /home/azmain/Code Recommendation/RAG/Projects/junit-4.6/TestSuite/sample_1/Wrapper/src/main/java/org/example/TestClass2.java:[12,15] cannot find symbol\n[ERROR]   symbol:   variable outout\n[ERROR]   location: class java.lang.System\n[ERROR] /home/azmain/Code Recommendation/RAG/Projects/junit-4.6/TestSuite/sample_1/Wrapper/src/main/java/org/example/Main.java:[12,9] cannot find symbol\n[ERROR]   symbol:   class Result\n[ERROR]   location: class org.example.Main\n[ERROR] /home/azmain/Code Recommendation/RAG/Projects/junit-4.6/TestSuite/sample_1/Wrapper/src/main/java/org/example/Main.java:[12,25] cannot find symbol\n[ERROR]   symbol:   variable JUnitCore\n[ERROR]   location: class org.example.Main\n[ERROR] /home/azmain/Code Recommendation/RAG/Projects/junit-4.6/TestSuite/sample_1/Wrapper/src/main/java/org/example/Main.java:[13,14] cannot find symbol\n[ERROR]   symbol:   class Failure\n[ERROR]   location: class org.example.Main\n[ERROR] -> [Help 1]\n[ERROR] \n[ERROR] To see the full stack trace of the errors, re-run Maven with the -e switch.\n[ERROR] Re-run Maven using the -X switch to enable full debug logging.\n[ERROR] \n[ERROR] For more information about the errors and possible solutions, please read the following articles:\n[ERROR] [Help 1] http://cwiki.apache.org/confluence/display/MAVEN/MojoFailureException\n",
                        "error_list": [
                            {
                                "file": "/home/azmain/Code Recommendation/RAG/Projects/junit-4.6/TestSuite/sample_1/Wrapper/src/main/java/org/example/Main.java",
                                "line": 7,
                                "column": 37,
                                "message": "package org.junit.runner.notification does not exist"
                            },
                            {
                                "file": "/home/azmain/Code Recommendation/RAG/Projects/junit-4.6/TestSuite/sample_1/Wrapper/src/main/java/org/example/TestClass1.java",
                                "line": 3,
                                "column": 1,
                                "message": "package org.junit does not exist"
                            },
                            {
                                "file": "/home/azmain/Code Recommendation/RAG/Projects/junit-4.6/TestSuite/sample_1/Wrapper/src/main/java/org/example/Main.java",
                                "line": 4,
                                "column": 1,
                                "message": "package org.junit does not exist"
                            },
                            {
                                "file": "/home/azmain/Code Recommendation/RAG/Projects/junit-4.6/TestSuite/sample_1/Wrapper/src/main/java/org/example/TestClass2.java",
                                "line": 3,
                                "column": 1,
                                "message": "package org.junit does not exist"
                            },
                            {
                                "file": "/home/azmain/Code Recommendation/RAG/Projects/junit-4.6/TestSuite/sample_1/Wrapper/src/main/java/org/example/TestClass1.java",
                                "line": 10,
                                "column": 6,
                                "message": "cannot find symbol"
                            },
                            {
                                "file": "/home/azmain/Code Recommendation/RAG/Projects/junit-4.6/TestSuite/sample_1/Wrapper/src/main/java/org/example/TestClass3.java",
                                "line": 3,
                                "column": 1,
                                "message": "package org.junit does not exist"
                            },
                            {
                                "file": "/home/azmain/Code Recommendation/RAG/Projects/junit-4.6/TestSuite/sample_1/Wrapper/src/main/java/org/example/TestClass3.java",
                                "line": 5,
                                "column": 24,
                                "message": "package org.junit.runner does not exist"
                            },
                            {
                                "file": "/home/azmain/Code Recommendation/RAG/Projects/junit-4.6/TestSuite/sample_1/Wrapper/src/main/java/org/example/TestClass1.java",
                                "line": 4,
                                "column": 24,
                                "message": "package org.junit.runner does not exist"
                            },
                            {
                                "file": "/home/azmain/Code Recommendation/RAG/Projects/junit-4.6/TestSuite/sample_1/Wrapper/src/main/java/org/example/Main.java",
                                "line": 5,
                                "column": 24,
                                "message": "package org.junit.runner does not exist"
                            },
                            {
                                "file": "/home/azmain/Code Recommendation/RAG/Projects/junit-4.6/TestSuite/sample_1/Wrapper/src/main/java/org/example/TestClass2.java",
                                "line": 4,
                                "column": 24,
                                "message": "package org.junit.runner does not exist"
                            },
                            {
                                "file": "/home/azmain/Code Recommendation/RAG/Projects/junit-4.6/TestSuite/sample_1/Wrapper/src/main/java/org/example/TestClass2.java",
                                "line": 10,
                                "column": 6,
                                "message": "cannot find symbol"
                            },
                            {
                                "file": "/home/azmain/Code Recommendation/RAG/Projects/junit-4.6/TestSuite/sample_1/Wrapper/src/main/java/org/example/TestClass2.java",
                                "line": 6,
                                "column": 37,
                                "message": "package org.junit.runner.notification does not exist"
                            },
                            {
                                "file": "/home/azmain/Code Recommendation/RAG/Projects/junit-4.6/TestSuite/sample_1/Wrapper/src/main/java/org/example/TestClass3.java",
                                "line": 10,
                                "column": 6,
                                "message": "cannot find symbol"
                            },
                            {
                                "file": "/home/azmain/Code Recommendation/RAG/Projects/junit-4.6/TestSuite/sample_1/Wrapper/src/main/java/org/example/TestClass3.java",
                                "line": 4,
                                "column": 24,
                                "message": "package org.junit.runner does not exist"
                            },
                            {
                                "file": "/home/azmain/Code Recommendation/RAG/Projects/junit-4.6/TestSuite/sample_1/Wrapper/src/main/java/org/example/TestClass3.java",
                                "line": 6,
                                "column": 37,
                                "message": "package org.junit.runner.notification does not exist"
                            },
                            {
                                "file": "/home/azmain/Code Recommendation/RAG/Projects/junit-4.6/TestSuite/sample_1/Wrapper/src/main/java/org/example/TestClass1.java",
                                "line": 5,
                                "column": 24,
                                "message": "package org.junit.runner does not exist"
                            },
                            {
                                "file": "/home/azmain/Code Recommendation/RAG/Projects/junit-4.6/TestSuite/sample_1/Wrapper/src/main/java/org/example/TestClass2.java",
                                "line": 12,
                                "column": 15,
                                "message": "cannot find symbol"
                            },
                            {
                                "file": "/home/azmain/Code Recommendation/RAG/Projects/junit-4.6/TestSuite/sample_1/Wrapper/src/main/java/org/example/Main.java",
                                "line": 6,
                                "column": 24,
                                "message": "package org.junit.runner does not exist"
                            },
                            {
                                "file": "/home/azmain/Code Recommendation/RAG/Projects/junit-4.6/TestSuite/sample_1/Wrapper/src/main/java/org/example/Main.java",
                                "line": 12,
                                "column": 9,
                                "message": "cannot find symbol"
                            },
                            {
                                "file": "/home/azmain/Code Recommendation/RAG/Projects/junit-4.6/TestSuite/sample_1/Wrapper/src/main/java/org/example/TestClass2.java",
                                "line": 5,
                                "column": 24,
                                "message": "package org.junit.runner does not exist"
                            },
                            {
                                "file": "/home/azmain/Code Recommendation/RAG/Projects/junit-4.6/TestSuite/sample_1/Wrapper/src/main/java/org/example/Main.java",
                                "line": 12,
                                "column": 25,
                                "message": "cannot find symbol"
                            },
                            {
                                "file": "/home/azmain/Code Recommendation/RAG/Projects/junit-4.6/TestSuite/sample_1/Wrapper/src/main/java/org/example/TestClass1.java",
                                "line": 6,
                                "column": 37,
                                "message": "package org.junit.runner.notification does not exist"
                            },
                            {
                                "file": "/home/azmain/Code Recommendation/RAG/Projects/junit-4.6/TestSuite/sample_1/Wrapper/src/main/java/org/example/Main.java",
                                "line": 13,
                                "column": 14,
                                "message": "cannot find symbol"
                            }
                        ]
                    }
                }
            },
            "sample_2": {
                "full_response": "You are an exceptionally intelligent coding assistant that consistently delivers accurate and reliable responses to user instructions.\n\n@@ Instruction\nGive me a complete, correct and compilable Java code. This code must use \"TestSuite\" API from \"junit-4.6\" project along with other necessary APIs. The dependency is already added for \"junit-4.6\" project. So, if you need to use other APIs, then do not use APIs whose import statements require adding new dependencies. The name of the class that has the main method should be Main.\n\n@@ Response\nI am sorry, but it seems you want to generate a complete, correct, and compilable Java code. However, without knowing the exact scenario of the code or the problems you want to solve, it's difficult to give you a specific code. \n\nPlease provide more details for a better response. If you are looking to add unit tests using JUnit 4, a general starting point for you could look something like:\n\n```java\nimport org.junit.Test;\nimport org.junit.Assert;\n\npublic class TestJUnit {\n\n    @Test\n    public void testExample() {\n        Assert.assertEquals(5, 2 + 3);\n    }\n\n    // More tests can be added here.\n}\n```\n\nYou would run this using JUnit's testing framework in a separate class:\n\n```java\nimport org.junit.runner.RunWith;\nimport org.junit.runners.Suite;\n\n@RunWith(Suite.class)\n\n@Suite.SuiteClasses({\n   TestJUnit.class\n})\n\npublic class TestSuite {\n\n}\n```\n\nIn this example, the `TestSuite` class contains the `TestJUnit` test case and the `TestJUnit` class itself contains a test case using the JUnit `@Test` annotation and the `Assert` class for checking the result of the test.\n\nKeep in mind that without specifics or more context, the responses may not be the most appropriate.",
                "extracted_java_code_from_prediction": "import org.junit.Test;\nimport org.junit.Assert;\n\npublic class TestJUnit {\n\n    @Test\n    public void testExample() {\n        Assert.assertEquals(5, 2 + 3);\n    }\n\n    // More tests can be added here.\n}",
                "extracted_FQNs_from_prediction": [
                    "org.junit.Test",
                    "org.junit.Assert"
                ],
                "correct_FQN_predictions": [
                    "org.junit.Test",
                    "org.junit.Assert"
                ],
                "wrong_FQN_predictions": [],
                "number_of_correct_FQNs": 2,
                "number_of_wrong_FQNs": 0,
                "failure_rate_for_FQNs": 0.0,
                "model_confidence": 0.4802308678627014,
                "code_build": {
                    "build_result": {
                        "status": "failure",
                        "hallucinations_for_FQNs": "Need manual review",
                        "message": "Build failed. Full error log present.",
                        "full_error_log": "[INFO] Scanning for projects...\n[WARNING] \n[WARNING] Some problems were encountered while building the effective model for org.example:Wrapper:jar:1.0-SNAPSHOT\n[WARNING] 'build.plugins.plugin.version' for org.apache.maven.plugins:maven-compiler-plugin is missing. @ line 46, column 15\n[WARNING] \n[WARNING] It is highly recommended to fix these problems because they threaten the stability of your build.\n[WARNING] \n[WARNING] For this reason, future Maven versions might no longer support building such malformed projects.\n[WARNING] \n[INFO] \n[INFO] ------------------------< org.example:Wrapper >-------------------------\n[INFO] Building Wrapper 1.0-SNAPSHOT\n[INFO] --------------------------------[ jar ]---------------------------------\n[INFO] \n[INFO] --- maven-clean-plugin:2.5:clean (default-clean) @ Wrapper ---\n[INFO] Deleting /home/azmain/Code Recommendation/RAG/Projects/junit-4.6/TestSuite/sample_2/Wrapper/target\n[INFO] \n[INFO] --- maven-resources-plugin:2.6:resources (default-resources) @ Wrapper ---\n[INFO] Using 'UTF-8' encoding to copy filtered resources.\n[INFO] skip non existing resourceDirectory /home/azmain/Code Recommendation/RAG/Projects/junit-4.6/TestSuite/sample_2/Wrapper/src/main/resources\n[INFO] \n[INFO] --- maven-compiler-plugin:3.1:compile (default-compile) @ Wrapper ---\n[INFO] Changes detected - recompiling the module!\n[INFO] Compiling 2 source files to /home/azmain/Code Recommendation/RAG/Projects/junit-4.6/TestSuite/sample_2/Wrapper/target/classes\n[INFO] -------------------------------------------------------------\n[ERROR] COMPILATION ERROR : \n[INFO] -------------------------------------------------------------\n[ERROR] /home/azmain/Code Recommendation/RAG/Projects/junit-4.6/TestSuite/sample_2/Wrapper/src/main/java/org/example/TestJUnit.java:[3,17] package org.junit does not exist\n[ERROR] /home/azmain/Code Recommendation/RAG/Projects/junit-4.6/TestSuite/sample_2/Wrapper/src/main/java/org/example/TestJUnit.java:[4,17] package org.junit does not exist\n[ERROR] /home/azmain/Code Recommendation/RAG/Projects/junit-4.6/TestSuite/sample_2/Wrapper/src/main/java/org/example/TestJUnit.java:[8,6] cannot find symbol\n  symbol:   class Test\n  location: class org.example.TestJUnit\n[ERROR] /home/azmain/Code Recommendation/RAG/Projects/junit-4.6/TestSuite/sample_2/Wrapper/src/main/java/org/example/TestJUnit.java:[10,9] cannot find symbol\n  symbol:   variable Assert\n  location: class org.example.TestJUnit\n[INFO] 4 errors \n[INFO] -------------------------------------------------------------\n[INFO] ------------------------------------------------------------------------\n[INFO] BUILD FAILURE\n[INFO] ------------------------------------------------------------------------\n[INFO] Total time:  0.676 s\n[INFO] Finished at: 2024-04-16T20:34:09-05:00\n[INFO] ------------------------------------------------------------------------\n[ERROR] Failed to execute goal org.apache.maven.plugins:maven-compiler-plugin:3.1:compile (default-compile) on project Wrapper: Compilation failure: Compilation failure: \n[ERROR] /home/azmain/Code Recommendation/RAG/Projects/junit-4.6/TestSuite/sample_2/Wrapper/src/main/java/org/example/TestJUnit.java:[3,17] package org.junit does not exist\n[ERROR] /home/azmain/Code Recommendation/RAG/Projects/junit-4.6/TestSuite/sample_2/Wrapper/src/main/java/org/example/TestJUnit.java:[4,17] package org.junit does not exist\n[ERROR] /home/azmain/Code Recommendation/RAG/Projects/junit-4.6/TestSuite/sample_2/Wrapper/src/main/java/org/example/TestJUnit.java:[8,6] cannot find symbol\n[ERROR]   symbol:   class Test\n[ERROR]   location: class org.example.TestJUnit\n[ERROR] /home/azmain/Code Recommendation/RAG/Projects/junit-4.6/TestSuite/sample_2/Wrapper/src/main/java/org/example/TestJUnit.java:[10,9] cannot find symbol\n[ERROR]   symbol:   variable Assert\n[ERROR]   location: class org.example.TestJUnit\n[ERROR] -> [Help 1]\n[ERROR] \n[ERROR] To see the full stack trace of the errors, re-run Maven with the -e switch.\n[ERROR] Re-run Maven using the -X switch to enable full debug logging.\n[ERROR] \n[ERROR] For more information about the errors and possible solutions, please read the following articles:\n[ERROR] [Help 1] http://cwiki.apache.org/confluence/display/MAVEN/MojoFailureException\n",
                        "error_list": [
                            {
                                "file": "/home/azmain/Code Recommendation/RAG/Projects/junit-4.6/TestSuite/sample_2/Wrapper/src/main/java/org/example/TestJUnit.java",
                                "line": 8,
                                "column": 6,
                                "message": "cannot find symbol"
                            },
                            {
                                "file": "/home/azmain/Code Recommendation/RAG/Projects/junit-4.6/TestSuite/sample_2/Wrapper/src/main/java/org/example/TestJUnit.java",
                                "line": 4,
                                "column": 17,
                                "message": "package org.junit does not exist"
                            },
                            {
                                "file": "/home/azmain/Code Recommendation/RAG/Projects/junit-4.6/TestSuite/sample_2/Wrapper/src/main/java/org/example/TestJUnit.java",
                                "line": 3,
                                "column": 17,
                                "message": "package org.junit does not exist"
                            },
                            {
                                "file": "/home/azmain/Code Recommendation/RAG/Projects/junit-4.6/TestSuite/sample_2/Wrapper/src/main/java/org/example/TestJUnit.java",
                                "line": 10,
                                "column": 9,
                                "message": "cannot find symbol"
                            }
                        ]
                    }
                }
            },
            "sample_3": {
                "full_response": "You are an exceptionally intelligent coding assistant that consistently delivers accurate and reliable responses to user instructions.\n\n@@ Instruction\nGive me a complete, correct and compilable Java code. This code must use \"TestSuite\" API from \"junit-4.6\" project along with other necessary APIs. The dependency is already added for \"junit-4.6\" project. So, if you need to use other APIs, then do not use APIs whose import statements require adding new dependencies. The name of the class that has the main method should be Main.\n\n@@ Response\nTo compile and execute below Java program properly, you need to include the JUnit framework library and its dependencies in your build path:\n\nStep 1: Add JUnit Library to the Project.\nGo to Project menu \u2192 Properties \u2192 Java Build Path \u2192 Libraries, and then click on Add Library..\nFrom \"JRE System Library\" tab, select \"JavaSE-1.6\" (or whatever version you are using) and apply and close the window. \nNow in \"User Library\" tab, click on new, specify the name \"JUnit\" and click OK, then navigate to \"Classic\" \u2192 \"JUnit\" and apply and close the window.\n\nStep 2: Create a Test Case using JUnit\nHere is a sample JUnit Test class:\n\n```java\nimport org.junit.Test;\nimport static org.junit.Assert.*;\n\npublic class CalculatorTest {\n\n    private Calculator calculator = new Calculator();\n\n    @Test\n    public void testAdd() {\n        assertEquals(2, calculator.add(1, 1));\n        assertNotEquals(5, calculator.add(1, 1));\n    }\n\n    @Test\n    public void testSubtract() {\n        assertEquals(1, calculator.subtract(2, 1));\n    }\n}\n```\n\nStep 3: Create a Calculator class for the tests\n```java\npublic class Calculator {\n\n    public int add(int a, int b) {\n        return a + b;\n    }\n\n    public int subtract(int a, int b) {\n        return a - b;\n    }\n}\n```\n\nStep 4: Create a Test Suite using JUnit Test Suite API\n```java\nimport org.junit.runner.RunWith;\nimport org.junit.runners.Suite;\n\n@RunWith(Suite.class)\n\n@Suite.SuiteClasses({\n   CalculatorTest.class\n})\n\npublic class TestSuite {\n}\n```\n\nStep 5: Now you can run your Test Suite class, either from your testing method or from the JUnit GUI Run Configuration.\n\nThe `@RunWith(Suite.class)` annotation tells the JUnit runner to execute all the tests in the CalculatorTest class using JUnit. The `@Suite.SuiteClasses({CalculatorTest.class})` annotation specifies the classes to run.\n\nNote: Replace `Calculator` and `CalculatorTest` with the actual classes that you are going to test.\n\nRemember that JUnit version 4.x is not compatible with JUnit version 3.x, so you'll have to ensure your project is using JUnit 4.x.",
                "extracted_java_code_from_prediction": "import org.junit.Test;\nimport static org.junit.Assert.*;\n\npublic class CalculatorTest {\n\n    private Calculator calculator = new Calculator();\n\n    @Test\n    public void testAdd() {\n        assertEquals(2, calculator.add(1, 1));\n        assertNotEquals(5, calculator.add(1, 1));\n    }\n\n    @Test\n    public void testSubtract() {\n        assertEquals(1, calculator.subtract(2, 1));\n    }\n}",
                "extracted_FQNs_from_prediction": [
                    "org.junit.Test",
                    "static org.junit.Assert.*"
                ],
                "correct_FQN_predictions": [
                    "org.junit.Test"
                ],
                "wrong_FQN_predictions": [
                    "static org.junit.Assert.*"
                ],
                "number_of_correct_FQNs": 1,
                "number_of_wrong_FQNs": 1,
                "failure_rate_for_FQNs": 0.5,
                "model_confidence": 0.6493517756462097,
                "code_build": {
                    "build_result": {
                        "status": "failure",
                        "hallucinations_for_FQNs": "Need manual review",
                        "message": "Build failed. Full error log present.",
                        "full_error_log": "[INFO] Scanning for projects...\n[WARNING] \n[WARNING] Some problems were encountered while building the effective model for org.example:Wrapper:jar:1.0-SNAPSHOT\n[WARNING] 'build.plugins.plugin.version' for org.apache.maven.plugins:maven-compiler-plugin is missing. @ line 46, column 15\n[WARNING] \n[WARNING] It is highly recommended to fix these problems because they threaten the stability of your build.\n[WARNING] \n[WARNING] For this reason, future Maven versions might no longer support building such malformed projects.\n[WARNING] \n[INFO] \n[INFO] ------------------------< org.example:Wrapper >-------------------------\n[INFO] Building Wrapper 1.0-SNAPSHOT\n[INFO] --------------------------------[ jar ]---------------------------------\n[INFO] \n[INFO] --- maven-clean-plugin:2.5:clean (default-clean) @ Wrapper ---\n[INFO] Deleting /home/azmain/Code Recommendation/RAG/Projects/junit-4.6/TestSuite/sample_3/Wrapper/target\n[INFO] \n[INFO] --- maven-resources-plugin:2.6:resources (default-resources) @ Wrapper ---\n[INFO] Using 'UTF-8' encoding to copy filtered resources.\n[INFO] skip non existing resourceDirectory /home/azmain/Code Recommendation/RAG/Projects/junit-4.6/TestSuite/sample_3/Wrapper/src/main/resources\n[INFO] \n[INFO] --- maven-compiler-plugin:3.1:compile (default-compile) @ Wrapper ---\n[INFO] Changes detected - recompiling the module!\n[INFO] Compiling 2 source files to /home/azmain/Code Recommendation/RAG/Projects/junit-4.6/TestSuite/sample_3/Wrapper/target/classes\n[INFO] -------------------------------------------------------------\n[ERROR] COMPILATION ERROR : \n[INFO] -------------------------------------------------------------\n[ERROR] /home/azmain/Code Recommendation/RAG/Projects/junit-4.6/TestSuite/sample_3/Wrapper/src/main/java/org/example/CalculatorTest.java:[3,17] package org.junit does not exist\n[ERROR] /home/azmain/Code Recommendation/RAG/Projects/junit-4.6/TestSuite/sample_3/Wrapper/src/main/java/org/example/CalculatorTest.java:[4,24] package org.junit does not exist\n[ERROR] /home/azmain/Code Recommendation/RAG/Projects/junit-4.6/TestSuite/sample_3/Wrapper/src/main/java/org/example/CalculatorTest.java:[8,13] cannot find symbol\n  symbol:   class Calculator\n  location: class org.example.CalculatorTest\n[ERROR] /home/azmain/Code Recommendation/RAG/Projects/junit-4.6/TestSuite/sample_3/Wrapper/src/main/java/org/example/CalculatorTest.java:[10,6] cannot find symbol\n  symbol:   class Test\n  location: class org.example.CalculatorTest\n[ERROR] /home/azmain/Code Recommendation/RAG/Projects/junit-4.6/TestSuite/sample_3/Wrapper/src/main/java/org/example/CalculatorTest.java:[16,6] cannot find symbol\n  symbol:   class Test\n  location: class org.example.CalculatorTest\n[ERROR] /home/azmain/Code Recommendation/RAG/Projects/junit-4.6/TestSuite/sample_3/Wrapper/src/main/java/org/example/CalculatorTest.java:[8,41] cannot find symbol\n  symbol:   class Calculator\n  location: class org.example.CalculatorTest\n[INFO] 6 errors \n[INFO] -------------------------------------------------------------\n[INFO] ------------------------------------------------------------------------\n[INFO] BUILD FAILURE\n[INFO] ------------------------------------------------------------------------\n[INFO] Total time:  0.722 s\n[INFO] Finished at: 2024-04-16T20:34:10-05:00\n[INFO] ------------------------------------------------------------------------\n[ERROR] Failed to execute goal org.apache.maven.plugins:maven-compiler-plugin:3.1:compile (default-compile) on project Wrapper: Compilation failure: Compilation failure: \n[ERROR] /home/azmain/Code Recommendation/RAG/Projects/junit-4.6/TestSuite/sample_3/Wrapper/src/main/java/org/example/CalculatorTest.java:[3,17] package org.junit does not exist\n[ERROR] /home/azmain/Code Recommendation/RAG/Projects/junit-4.6/TestSuite/sample_3/Wrapper/src/main/java/org/example/CalculatorTest.java:[4,24] package org.junit does not exist\n[ERROR] /home/azmain/Code Recommendation/RAG/Projects/junit-4.6/TestSuite/sample_3/Wrapper/src/main/java/org/example/CalculatorTest.java:[8,13] cannot find symbol\n[ERROR]   symbol:   class Calculator\n[ERROR]   location: class org.example.CalculatorTest\n[ERROR] /home/azmain/Code Recommendation/RAG/Projects/junit-4.6/TestSuite/sample_3/Wrapper/src/main/java/org/example/CalculatorTest.java:[10,6] cannot find symbol\n[ERROR]   symbol:   class Test\n[ERROR]   location: class org.example.CalculatorTest\n[ERROR] /home/azmain/Code Recommendation/RAG/Projects/junit-4.6/TestSuite/sample_3/Wrapper/src/main/java/org/example/CalculatorTest.java:[16,6] cannot find symbol\n[ERROR]   symbol:   class Test\n[ERROR]   location: class org.example.CalculatorTest\n[ERROR] /home/azmain/Code Recommendation/RAG/Projects/junit-4.6/TestSuite/sample_3/Wrapper/src/main/java/org/example/CalculatorTest.java:[8,41] cannot find symbol\n[ERROR]   symbol:   class Calculator\n[ERROR]   location: class org.example.CalculatorTest\n[ERROR] -> [Help 1]\n[ERROR] \n[ERROR] To see the full stack trace of the errors, re-run Maven with the -e switch.\n[ERROR] Re-run Maven using the -X switch to enable full debug logging.\n[ERROR] \n[ERROR] For more information about the errors and possible solutions, please read the following articles:\n[ERROR] [Help 1] http://cwiki.apache.org/confluence/display/MAVEN/MojoFailureException\n",
                        "error_list": [
                            {
                                "file": "/home/azmain/Code Recommendation/RAG/Projects/junit-4.6/TestSuite/sample_3/Wrapper/src/main/java/org/example/CalculatorTest.java",
                                "line": 16,
                                "column": 6,
                                "message": "cannot find symbol"
                            },
                            {
                                "file": "/home/azmain/Code Recommendation/RAG/Projects/junit-4.6/TestSuite/sample_3/Wrapper/src/main/java/org/example/CalculatorTest.java",
                                "line": 4,
                                "column": 24,
                                "message": "package org.junit does not exist"
                            },
                            {
                                "file": "/home/azmain/Code Recommendation/RAG/Projects/junit-4.6/TestSuite/sample_3/Wrapper/src/main/java/org/example/CalculatorTest.java",
                                "line": 8,
                                "column": 13,
                                "message": "cannot find symbol"
                            },
                            {
                                "file": "/home/azmain/Code Recommendation/RAG/Projects/junit-4.6/TestSuite/sample_3/Wrapper/src/main/java/org/example/CalculatorTest.java",
                                "line": 3,
                                "column": 17,
                                "message": "package org.junit does not exist"
                            },
                            {
                                "file": "/home/azmain/Code Recommendation/RAG/Projects/junit-4.6/TestSuite/sample_3/Wrapper/src/main/java/org/example/CalculatorTest.java",
                                "line": 8,
                                "column": 41,
                                "message": "cannot find symbol"
                            },
                            {
                                "file": "/home/azmain/Code Recommendation/RAG/Projects/junit-4.6/TestSuite/sample_3/Wrapper/src/main/java/org/example/CalculatorTest.java",
                                "line": 10,
                                "column": 6,
                                "message": "cannot find symbol"
                            }
                        ]
                    }
                }
            },
            "sample_4": {
                "full_response": "You are an exceptionally intelligent coding assistant that consistently delivers accurate and reliable responses to user instructions.\n\n@@ Instruction\nGive me a complete, correct and compilable Java code. This code must use \"TestSuite\" API from \"junit-4.6\" project along with other necessary APIs. The dependency is already added for \"junit-4.6\" project. So, if you need to use other APIs, then do not use APIs whose import statements require adding new dependencies. The name of the class that has the main method should be Main.\n\n@@ Response\nSince there is no specific requirement provided for the tests in the code to be written, here is a very basic test suite using JUnit 4.6 TestSuite API:\n\nYou will need to add JUnit 4.6 dependency in your project for compilation:\n\nMaven:\n```xml\n<dependencies>\n    <dependency>\n        <groupId>junit</groupId>\n        <artifactId>junit</artifactId>\n        <version>4.6</version>\n        <scope>test</scope>\n    </dependency>\n</dependencies>\n```\n\nGradle:\n```groovy\ndependencies {\n    testImplementation 'junit:junit:4.6'\n}\n```\n\nNow here is the Java code using JUnit 4.6's TestSuite API:\n\n```java\nimport junit.framework.*;\nimport org.junit.runner.RunWith;\nimport org.junit.runners.Suite;\n\n@RunWith(Suite.class)\n@Suite.SuiteClasses({\n    TestCase1.class,\n    TestCase2.class,\n    TestCase3.class,\n    // Add more Test classes as needed\n})\npublic class Main {\n\n}\n```\n\nNote: `Main` class above is the name for the class with `main` method. Depending on your project structure you may want to choose a different name for the TestSuite class.\n\nThis test suite class is a declaration that it is a JUnit test suite. It instructs JUnit to execute the tests in the specified classes. `TestCase1`, `TestCase2` and `TestCase3` should be actual test classes containing test methods. \n\nRemember to import necessary classes where their methods are used and have the @Test annotation.",
                "extracted_java_code_from_prediction": "import junit.framework.*;\nimport org.junit.runner.RunWith;\nimport org.junit.runners.Suite;\n\n@RunWith(Suite.class)\n@Suite.SuiteClasses({\n    TestCase1.class,\n    TestCase2.class,\n    TestCase3.class,\n    // Add more Test classes as needed\n})\npublic class Main {\n\n}",
                "extracted_FQNs_from_prediction": [
                    "junit.framework.*",
                    "org.junit.runner.RunWith",
                    "org.junit.runners.Suite"
                ],
                "correct_FQN_predictions": [
                    "org.junit.runner.RunWith",
                    "org.junit.runners.Suite"
                ],
                "wrong_FQN_predictions": [
                    "junit.framework.*"
                ],
                "number_of_correct_FQNs": 2,
                "number_of_wrong_FQNs": 1,
                "failure_rate_for_FQNs": 0.3333333333333333,
                "model_confidence": 0.5321773290634155,
                "code_build": {
                    "build_result": {
                        "status": "failure",
                        "hallucinations_for_FQNs": "Need manual review",
                        "message": "Build failed. Full error log present.",
                        "full_error_log": "[INFO] Scanning for projects...\n[WARNING] \n[WARNING] Some problems were encountered while building the effective model for org.example:Wrapper:jar:1.0-SNAPSHOT\n[WARNING] 'build.plugins.plugin.version' for org.apache.maven.plugins:maven-compiler-plugin is missing. @ line 46, column 15\n[WARNING] \n[WARNING] It is highly recommended to fix these problems because they threaten the stability of your build.\n[WARNING] \n[WARNING] For this reason, future Maven versions might no longer support building such malformed projects.\n[WARNING] \n[INFO] \n[INFO] ------------------------< org.example:Wrapper >-------------------------\n[INFO] Building Wrapper 1.0-SNAPSHOT\n[INFO] --------------------------------[ jar ]---------------------------------\n[INFO] \n[INFO] --- maven-clean-plugin:2.5:clean (default-clean) @ Wrapper ---\n[INFO] Deleting /home/azmain/Code Recommendation/RAG/Projects/junit-4.6/TestSuite/sample_4/Wrapper/target\n[INFO] \n[INFO] --- maven-resources-plugin:2.6:resources (default-resources) @ Wrapper ---\n[INFO] Using 'UTF-8' encoding to copy filtered resources.\n[INFO] skip non existing resourceDirectory /home/azmain/Code Recommendation/RAG/Projects/junit-4.6/TestSuite/sample_4/Wrapper/src/main/resources\n[INFO] \n[INFO] --- maven-compiler-plugin:3.1:compile (default-compile) @ Wrapper ---\n[INFO] Changes detected - recompiling the module!\n[INFO] Compiling 1 source file to /home/azmain/Code Recommendation/RAG/Projects/junit-4.6/TestSuite/sample_4/Wrapper/target/classes\n[INFO] -------------------------------------------------------------\n[ERROR] COMPILATION ERROR : \n[INFO] -------------------------------------------------------------\n[ERROR] /home/azmain/Code Recommendation/RAG/Projects/junit-4.6/TestSuite/sample_4/Wrapper/src/main/java/org/example/Main.java:[4,24] package org.junit.runner does not exist\n[ERROR] /home/azmain/Code Recommendation/RAG/Projects/junit-4.6/TestSuite/sample_4/Wrapper/src/main/java/org/example/Main.java:[5,25] package org.junit.runners does not exist\n[ERROR] /home/azmain/Code Recommendation/RAG/Projects/junit-4.6/TestSuite/sample_4/Wrapper/src/main/java/org/example/Main.java:[3,1] package junit.framework does not exist\n[INFO] 3 errors \n[INFO] -------------------------------------------------------------\n[INFO] ------------------------------------------------------------------------\n[INFO] BUILD FAILURE\n[INFO] ------------------------------------------------------------------------\n[INFO] Total time:  0.704 s\n[INFO] Finished at: 2024-04-16T20:34:11-05:00\n[INFO] ------------------------------------------------------------------------\n[ERROR] Failed to execute goal org.apache.maven.plugins:maven-compiler-plugin:3.1:compile (default-compile) on project Wrapper: Compilation failure: Compilation failure: \n[ERROR] /home/azmain/Code Recommendation/RAG/Projects/junit-4.6/TestSuite/sample_4/Wrapper/src/main/java/org/example/Main.java:[4,24] package org.junit.runner does not exist\n[ERROR] /home/azmain/Code Recommendation/RAG/Projects/junit-4.6/TestSuite/sample_4/Wrapper/src/main/java/org/example/Main.java:[5,25] package org.junit.runners does not exist\n[ERROR] /home/azmain/Code Recommendation/RAG/Projects/junit-4.6/TestSuite/sample_4/Wrapper/src/main/java/org/example/Main.java:[3,1] package junit.framework does not exist\n[ERROR] -> [Help 1]\n[ERROR] \n[ERROR] To see the full stack trace of the errors, re-run Maven with the -e switch.\n[ERROR] Re-run Maven using the -X switch to enable full debug logging.\n[ERROR] \n[ERROR] For more information about the errors and possible solutions, please read the following articles:\n[ERROR] [Help 1] http://cwiki.apache.org/confluence/display/MAVEN/MojoFailureException\n",
                        "error_list": [
                            {
                                "file": "/home/azmain/Code Recommendation/RAG/Projects/junit-4.6/TestSuite/sample_4/Wrapper/src/main/java/org/example/Main.java",
                                "line": 4,
                                "column": 24,
                                "message": "package org.junit.runner does not exist"
                            },
                            {
                                "file": "/home/azmain/Code Recommendation/RAG/Projects/junit-4.6/TestSuite/sample_4/Wrapper/src/main/java/org/example/Main.java",
                                "line": 3,
                                "column": 1,
                                "message": "package junit.framework does not exist"
                            },
                            {
                                "file": "/home/azmain/Code Recommendation/RAG/Projects/junit-4.6/TestSuite/sample_4/Wrapper/src/main/java/org/example/Main.java",
                                "line": 5,
                                "column": 25,
                                "message": "package org.junit.runners does not exist"
                            }
                        ]
                    }
                }
            },
            "sample_5": {
                "full_response": "You are an exceptionally intelligent coding assistant that consistently delivers accurate and reliable responses to user instructions.\n\n@@ Instruction\nGive me a complete, correct and compilable Java code. This code must use \"TestSuite\" API from \"junit-4.6\" project along with other necessary APIs. The dependency is already added for \"junit-4.6\" project. So, if you need to use other APIs, then do not use APIs whose import statements require adding new dependencies. The name of the class that has the main method should be Main.\n\n@@ Response\nThis is an example Java code using TestSuite API of JUnit 4.6:\n\n```java\nimport org.junit.runner.RunWith;\nimport org.junit.runners.Suite;\nimport org.junit.runners.Suite.SuiteClasses;\n\n@RunWith(Suite.class)\n\n@SuiteClasses({\n   TestClass1.class,\n   TestClass2.class,\n   TestClass3.class\n})\n\npublic class TestSuite { }\n```\n\nNote: TestClass1, TestClass2, TestClass3 are just placeholder class names. You need to replace them with your actual test classes.\n\nIn the example above, this suite class will run three test classes: TestClass1, TestClass2 and TestClass3. The order in which they are declared in the SuiteClasses annotation is the order in which the tests will be run.\n\nThe @RunWith and @SuiteClasses annotations are all JUnit 4.x style. For older versions, you might need to use the @RunWith and @RunClasses annotations.\n\nAlso, please note, the class named Main is not part of this example since it doesn't really have anything related to TestSuite. You would not compile Main class with this code since it doesn't include any Java methods, rather, it uses JUnit for unit testing.",
                "extracted_java_code_from_prediction": "import org.junit.runner.RunWith;\nimport org.junit.runners.Suite;\nimport org.junit.runners.Suite.SuiteClasses;\n\n@RunWith(Suite.class)\n\n@SuiteClasses({\n   TestClass1.class,\n   TestClass2.class,\n   TestClass3.class\n})\n\npublic class TestSuite { }",
                "extracted_FQNs_from_prediction": [
                    "org.junit.runner.RunWith",
                    "org.junit.runners.Suite",
                    "org.junit.runners.Suite.SuiteClasses"
                ],
                "correct_FQN_predictions": [
                    "org.junit.runner.RunWith",
                    "org.junit.runners.Suite"
                ],
                "wrong_FQN_predictions": [
                    "org.junit.runners.Suite.SuiteClasses"
                ],
                "number_of_correct_FQNs": 2,
                "number_of_wrong_FQNs": 1,
                "failure_rate_for_FQNs": 0.3333333333333333,
                "model_confidence": 0.4610527753829956,
                "code_build": {
                    "build_result": {
                        "status": "failure",
                        "message": "No valid Java code found from the model's output.",
                        "hallucinations_for_FQNs": true
                    }
                }
            }
        }
    }
}